100000
100702
100738
100774
100866
100896
100932
100942
100954
100960
100974
100976
101004
101018
101020
101062
101064
101112
101126
101128
101138
101146
101154
101156
101162
101164
101168
101172
101180
101184
101190
101200
101212
101214
101224
101234
101258
101260
101276
101278
101286
101290
101314
101318
101320
101348
101350
101356
101358
101366
101368
101376
101384
101386
101392
101394
101396
101398
101406
101408
101410
101416
101420
101426
101428
101430
101436
101440
101442
101448
101454
101464
101470
101478
101482
101484
101486
101492
101500
101504
101510
101516
101520
101532
101534
101542
101544
101546
101548
101550
101552
101554
101562
101564
101572
101578
101580
101586
101588
101590
101592
101594
101596
101600
101602
101604
101606
101608
101612
101616
101620
101622
101624
101630
101638
101640
101644
101648
101654
101656
101658
101664
101666
101670
101672
101676
101678
101688
101700
101706
101708
101714
101716
101718
101720
101722
101724
101726
101730
101732
101738
101740
101746
101748
101750
101756
101758
101764
101766
101768
101772
101774
101776
101778
101780
101782
101784
101786
101790
101792
101794
101796
101798
101802
101804
101808
101810
101816
101818
101822
101824
101826
101828
101830
101832
101834
101836
101842
101844
101846
101850
101854
101858
101862
101864
101872
101874
101878
101880
101888
101890
101892
101894
101900
101902
101904
101906
101910
101912
101914
101916
101918
101926
101930
101934
101936
101938
101944
101946
101952
101954
101958
101960
101962
101966
101968
101970
101972
101974
101976
101980
101982
101986
101988
101994
101996
101998
102002
102004
102006
102010
102012
102014
102016
102018
102020
102022
102024
102028
102030
102032
102034
102038
102040
102042
102044
102046
102048
102050
102052
102056
102058
102060
102064
102066
102068
102070
102074
102078
102080
102082
102086
102088
102092
102094
102096
102100
102104
102106
102108
102112
102114
102120
102122
102124
102126
102128
102130
102132
102134
102138
102140
102142
102146
102148
102152
102156
102158
102160
102162
102164
102168
102170
102172
102174
102176
102180
102182
102184
102188
102190
102192
102194
102196
102198
102200
102202
102204
102206
102210
102216
102218
102220
102222
102224
102226
102228
102230
102232
102236
102238
102240
102244
102250
102252
102254
102258
102264
102266
102270
102274
102280
102282
102286
102288
102290
102294
102296
102298
102300
102302
102304
102306
102308
102312
102314
102316
102318
102320
102322
102324
102326
102328
102332
102334
102336
102338
102342
102344
102346
102348
102350
102352
102354
102356
102358
102360
102362
102364
102368
102370
102372
102374
102376
102378
102382
102384
102386
102388
102390
102392
102394
102396
102398
102400
102404
102410
102412
102414
102416
102418
102420
102422
102424
102428
102432
102434
102436
102440
102444
102446
102448
102450
102454
102458
102462
102466
102468
102470
102474
102476
102480
102482
102486
102488
102490
102492
102494
102498
102500
102504
102506
102508
102510
102512
102514
102518
102520
102522
102524
102526
102528
102530
102532
102538
102540
102548
102550
102552
102554
102556
102562
102564
102568
102570
102572
102574
102580
102582
102584
102588
102590
102592
102598
102600
102602
102604
102606
102608
102610
102612
102614
102616
102618
102620
102626
102628
102630
102632
102634
102636
102638
102640
102646
102652
102654
102656
102660
102662
102666
102668
102670
102674
102676
102678
102680
102682
102684
102686
102688
102690
102692
102694
102696
102700
102704
102708
102714
102716
102724
102728
102734
102738
102742
102744
102748
102750
102752
102756
102758
102760
102762
102766
102768
102770
102780
102782
102784
102788
102790
102792
102798
102804
102806
102808
102812
102814
102816
102820
102822
102826
102828
102834
102836
102838
102840
102846
102850
102856
102860
102866
102870
102872
102876
102878
102880
102882
102884
102888
102892
102894
102898
102900
102902
102910
102912
102916
102918
102920
102924
102932
102934
102936
102942
102946
102956
102960
102964
102966
102996
103000
103002
103010
103014
103018
103020
103022
103028
103032
103040
103042
103056
103060
103070
103072
103086
103094
103100
103124
103126
103136
103140
103154
103158
103168
103190
103204
103212
103222
103260
103314
103358
103412
200000
200702
200738
200774
200866
200896
200932
200942
200954
200960
200974
200976
201004
201018
201020
201062
201064
201112
201126
201128
201138
201146
201154
201156
201162
201164
201168
201172
201180
201184
201190
201200
201212
201214
201224
201234
201258
201260
201276
201278
201286
201290
201314
201318
201320
201348
201350
201356
201358
201366
201368
201376
201384
201386
201392
201394
201396
201398
201406
201408
201410
201416
201420
201426
201428
201430
201436
201440
201442
201448
201454
201464
201470
201478
201482
201484
201486
201492
201500
201504
201510
201516
201520
201532
201534
201542
201544
201546
201548
201550
201552
201554
201562
201564
201572
201578
201580
201586
201588
201590
201592
201594
201596
201600
201602
201604
201606
201608
201612
201616
201620
201622
201624
201630
201638
201640
201644
201648
201654
201656
201658
201664
201666
201670
201672
201676
201678
201688
201700
201706
201708
201714
201716
201718
201720
201722
201724
201726
201730
201732
201738
201740
201746
201748
201750
201756
201758
201764
201766
201768
201772
201774
201776
201778
201780
201782
201784
201786
201790
201792
201794
201796
201798
201802
201804
201808
201810
201816
201818
201822
201824
201826
201828
201830
201832
201834
201836
201842
201844
201846
201850
201854
201858
201862
201864
201872
201874
201878
201880
201888
201890
201892
201894
201900
201902
201904
201906
201910
201912
201914
201916
201918
201926
201930
201934
201936
201938
201944
201946
201952
201954
201958
201960
201962
201966
201968
201970
201972
201974
201976
201980
201982
201986
201988
201994
201996
201998
202002
202004
202006
202010
202012
202014
202016
202018
202020
202022
202024
202028
202030
202032
202034
202038
202040
202042
202044
202046
202048
202050
202052
202056
202058
202060
202064
202066
202068
202070
202074
202078
202080
202082
202086
202088
202092
202094
202096
202100
202104
202106
202108
202112
202114
202120
202122
202124
202126
202128
202130
202132
202134
202138
202140
202142
202146
202148
202152
202156
202158
202160
202162
202164
202168
202170
202172
202174
202176
202180
202182
202184
202188
202190
202192
202194
202196
202198
202200
202202
202204
202206
202210
202216
202218
202220
202222
202224
202226
202228
202230
202232
202236
202238
202240
202244
202250
202252
202254
202258
202264
202266
202270
202274
202280
202282
202286
202288
202290
202294
202296
202298
202300
202302
202304
202306
202308
202312
202314
202316
202318
202320
202322
202324
202326
202328
202332
202334
202336
202338
202342
202344
202346
202348
202350
202352
202354
202356
202358
202360
202362
202364
202368
202370
202372
202374
202376
202378
202382
202384
202386
202388
202390
202392
202394
202396
202398
202400
202404
202410
202412
202414
202416
202418
202420
202422
202424
202428
202432
202434
202436
202440
202444
202446
202448
202450
202454
202458
202462
202466
202468
202470
202474
202476
202480
202482
202486
202488
202490
202492
202494
202498
202500
202504
202506
202508
202510
202512
202514
202518
202520
202522
202524
202526
202528
202530
202532
202538
202540
202548
202550
202552
202554
202556
202562
202564
202568
202570
202572
202574
202580
202582
202584
202588
202590
202592
202598
202600
202602
202604
202606
202608
202610
202612
202614
202616
202618
202620
202626
202628
202630
202632
202634
202636
202638
202640
202646
202652
202654
202656
202660
202662
202666
202668
202670
202674
202676
202678
202680
202682
202684
202686
202688
202690
202692
202694
202696
202700
202704
202708
202714
202716
202724
202728
202734
202738
202742
202744
202748
202750
202752
202756
202758
202760
202762
202766
202768
202770
202780
202782
202784
202788
202790
202792
202798
202804
202806
202808
202812
202814
202816
202820
202822
202826
202828
202834
202836
202838
202840
202846
202850
202856
202860
202866
202870
202872
202876
202878
202880
202882
202884
202888
202892
202894
202898
202900
202902
202910
202912
202916
202918
202920
202924
202932
202934
202936
202942
202946
202956
202960
202964
202966
202996
203000
203002
203010
203014
203018
203020
203022
203028
203032
203040
203042
203056
203060
203070
203072
203086
203094
203100
203124
203126
203136
203140
203154
203158
203168
203190
203204
203212
203222
203260
203314
203358
203412
300000
300702
300738
300774
300866
300896
300932
300942
300954
300960
300974
300976
301004
301018
301020
301062
301064
301112
301126
301128
301138
301146
301154
301156
301162
301164
301168
301172
301180
301184
301190
301200
301212
301214
301224
301234
301258
301260
301276
301278
301286
301290
301314
301318
301320
301348
301350
301356
301358
301366
301368
301376
301384
301386
301392
301394
301396
301398
301406
301408
301410
301416
301420
301426
301428
301430
301436
301440
301442
301448
301454
301464
301470
301478
301482
301484
301486
301492
301500
301504
301510
301516
301520
301532
301534
301542
301544
301546
301548
301550
301552
301554
301562
301564
301572
301578
301580
301586
301588
301590
301592
301594
301596
301600
301602
301604
301606
301608
301612
301616
301620
301622
301624
301630
301638
301640
301644
301648
301654
301656
301658
301664
301666
301670
301672
301676
301678
301688
301700
301706
301708
301714
301716
301718
301720
301722
301724
301726
301730
301732
301738
301740
301746
301748
301750
301756
301758
301764
301766
301768
301772
301774
301776
301778
301780
301782
301784
301786
301790
301792
301794
301796
301798
301802
301804
301808
301810
301816
301818
301822
301824
301826
301828
301830
301832
301834
301836
301842
301844
301846
301850
301854
301858
301862
301864
301872
301874
301878
301880
301888
301890
301892
301894
301900
301902
301904
301906
301910
301912
301914
301916
301918
301926
301930
301934
301936
301938
301944
301946
301952
301954
301958
301960
301962
301966
301968
301970
301972
301974
301976
301980
301982
301986
301988
301994
301996
301998
302002
302004
302006
302010
302012
302014
302016
302018
302020
302022
302024
302028
302030
302032
302034
302038
302040
302042
302044
302046
302048
302050
302052
302056
302058
302060
302064
302066
302068
302070
302074
302078
302080
302082
302086
302088
302092
302094
302096
302100
302104
302106
302108
302112
302114
302120
302122
302124
302126
302128
302130
302132
302134
302138
302140
302142
302146
302148
302152
302156
302158
302160
302162
302164
302168
302170
302172
302174
302176
302180
302182
302184
302188
302190
302192
302194
302196
302198
302200
302202
302204
302206
302210
302216
302218
302220
302222
302224
302226
302228
302230
302232
302236
302238
302240
302244
302250
302252
302254
302258
302264
302266
302270
302274
302280
302282
302286
302288
302290
302294
302296
302298
302300
302302
302304
302306
302308
302312
302314
302316
302318
302320
302322
302324
302326
302328
302332
302334
302336
302338
302342
302344
302346
302348
302350
302352
302354
302356
302358
302360
302362
302364
302368
302370
302372
302374
302376
302378
302382
302384
302386
302388
302390
302392
302394
302396
302398
302400
302404
302410
302412
302414
302416
302418
302420
302422
302424
302428
302432
302434
302436
302440
302444
302446
302448
302450
302454
302458
302462
302466
302468
302470
302474
302476
302480
302482
302486
302488
302490
302492
302494
302498
302500
302504
302506
302508
302510
302512
302514
302518
302520
302522
302524
302526
302528
302530
302532
302538
302540
302548
302550
302552
302554
302556
302562
302564
302568
302570
302572
302574
302580
302582
302584
302588
302590
302592
302598
302600
302602
302604
302606
302608
302610
302612
302614
302616
302618
302620
302626
302628
302630
302632
302634
302636
302638
302640
302646
302652
302654
302656
302660
302662
302666
302668
302670
302674
302676
302678
302680
302682
302684
302686
302688
302690
302692
302694
302696
302700
302704
302708
302714
302716
302724
302728
302734
302738
302742
302744
302748
302750
302752
302756
302758
302760
302762
302766
302768
302770
302780
302782
302784
302788
302790
302792
302798
302804
302806
302808
302812
302814
302816
302820
302822
302826
302828
302834
302836
302838
302840
302846
302850
302856
302860
302866
302870
302872
302876
302878
302880
302882
302884
302888
302892
302894
302898
302900
302902
302910
302912
302916
302918
302920
302924
302932
302934
302936
302942
302946
302956
302960
302964
302966
302996
303000
303002
303010
303014
303018
303020
303022
303028
303032
303040
303042
303056
303060
303070
303072
303086
303094
303100
303124
303126
303136
303140
303154
303158
303168
303190
303204
303212
303222
303260
303314
303358
303412
400000
400702
400738
400774
400866
400896
400932
400942
400954
400960
400974
400976
401004
401018
401020
401062
401064
401112
401126
401128
401138
401146
401154
401156
401162
401164
401168
401172
401180
401184
401190
401200
401212
401214
401224
401234
401258
401260
401276
401278
401286
401290
401314
401318
401320
401348
401350
401356
401358
401366
401368
401376
401384
401386
401392
401394
401396
401398
401406
401408
401410
401416
401420
401426
401428
401430
401436
401440
401442
401448
401454
401464
401470
401478
401482
401484
401486
401492
401500
401504
401510
401516
401520
401532
401534
401542
401544
401546
401548
401550
401552
401554
401562
401564
401572
401578
401580
401586
401588
401590
401592
401594
401596
401600
401602
401604
401606
401608
401612
401616
401620
401622
401624
401630
401638
401640
401644
401648
401654
401656
401658
401664
401666
401670
401672
401676
401678
401688
401700
401706
401708
401714
401716
401718
401720
401722
401724
401726
401730
401732
401738
401740
401746
401748
401750
401756
401758
401764
401766
401768
401772
401774
401776
401778
401780
401782
401784
401786
401790
401792
401794
401796
401798
401802
401804
401808
401810
401816
401818
401822
401824
401826
401828
401830
401832
401834
401836
401842
401844
401846
401850
401854
401858
401862
401864
401872
401874
401878
401880
401888
401890
401892
401894
401900
401902
401904
401906
401910
401912
401914
401916
401918
401926
401930
401934
401936
401938
401944
401946
401952
401954
401958
401960
401962
401966
401968
401970
401972
401974
401976
401980
401982
401986
401988
401994
401996
401998
402002
402004
402006
402010
402012
402014
402016
402018
402020
402022
402024
402028
402030
402032
402034
402038
402040
402042
402044
402046
402048
402050
402052
402056
402058
402060
402064
402066
402068
402070
402074
402078
402080
402082
402086
402088
402092
402094
402096
402100
402104
402106
402108
402112
402114
402120
402122
402124
402126
402128
402130
402132
402134
402138
402140
402142
402146
402148
402152
402156
402158
402160
402162
402164
402168
402170
402172
402174
402176
402180
402182
402184
402188
402190
402192
402194
402196
402198
402200
402202
402204
402206
402210
402216
402218
402220
402222
402224
402226
402228
402230
402232
402236
402238
402240
402244
402250
402252
402254
402258
402264
402266
402270
402274
402280
402282
402286
402288
402290
402294
402296
402298
402300
402302
402304
402306
402308
402312
402314
402316
402318
402320
402322
402324
402326
402328
402332
402334
402336
402338
402342
402344
402346
402348
402350
402352
402354
402356
402358
402360
402362
402364
402368
402370
402372
402374
402376
402378
402382
402384
402386
402388
402390
402392
402394
402396
402398
402400
402404
402410
402412
402414
402416
402418
402420
402422
402424
402428
402432
402434
402436
402440
402444
402446
402448
402450
402454
402458
402462
402466
402468
402470
402474
402476
402480
402482
402486
402488
402490
402492
402494
402498
402500
402504
402506
402508
402510
402512
402514
402518
402520
402522
402524
402526
402528
402530
402532
402538
402540
402548
402550
402552
402554
402556
402562
402564
402568
402570
402572
402574
402580
402582
402584
402588
402590
402592
402598
402600
402602
402604
402606
402608
402610
402612
402614
402616
402618
402620
402626
402628
402630
402632
402634
402636
402638
402640
402646
402652
402654
402656
402660
402662
402666
402668
402670
402674
402676
402678
402680
402682
402684
402686
402688
402690
402692
402694
402696
402700
402704
402708
402714
402716
402724
402728
402734
402738
402742
402744
402748
402750
402752
402756
402758
402760
402762
402766
402768
402770
402780
402782
402784
402788
402790
402792
402798
402804
402806
402808
402812
402814
402816
402820
402822
402826
402828
402834
402836
402838
402840
402846
402850
402856
402860
402866
402870
402872
402876
402878
402880
402882
402884
402888
402892
402894
402898
402900
402902
402910
402912
402916
402918
402920
402924
402932
402934
402936
402942
402946
402956
402960
402964
402966
402996
403000
403002
403010
403014
403018
403020
403022
403028
403032
403040
403042
403056
403060
403070
403072
403086
403094
403100
403124
403126
403136
403140
403154
403158
403168
403190
403204
403212
403222
403260
403314
403358
403412
500000
500702
500738
500774
500866
500896
500932
500942
500954
500960
500974
500976
501004
501018
501020
501062
501064
501112
501126
501128
501138
501146
501154
501156
501162
501164
501168
501172
501180
501184
501190
501200
501212
501214
501224
501234
501258
501260
501276
501278
501286
501290
501314
501318
501320
501348
501350
501356
501358
501366
501368
501376
501384
501386
501392
501394
501396
501398
501406
501408
501410
501416
501420
501426
501428
501430
501436
501440
501442
501448
501454
501464
501470
501478
501482
501484
501486
501492
501500
501504
501510
501516
501520
501532
501534
501542
501544
501546
501548
501550
501552
501554
501562
501564
501572
501578
501580
501586
501588
501590
501592
501594
501596
501600
501602
501604
501606
501608
501612
501616
501620
501622
501624
501630
501638
501640
501644
501648
501654
501656
501658
501664
501666
501670
501672
501676
501678
501688
501700
501706
501708
501714
501716
501718
501720
501722
501724
501726
501730
501732
501738
501740
501746
501748
501750
501756
501758
501764
501766
501768
501772
501774
501776
501778
501780
501782
501784
501786
501790
501792
501794
501796
501798
501802
501804
501808
501810
501816
501818
501822
501824
501826
501828
501830
501832
501834
501836
501842
501844
501846
501850
501854
501858
501862
501864
501872
501874
501878
501880
501888
501890
501892
501894
501900
501902
501904
501906
501910
501912
501914
501916
501918
501926
501930
501934
501936
501938
501944
501946
501952
501954
501958
501960
501962
501966
501968
501970
501972
501974
501976
501980
501982
501986
501988
501994
501996
501998
502002
502004
502006
502010
502012
502014
502016
502018
502020
502022
502024
502028
502030
502032
502034
502038
502040
502042
502044
502046
502048
502050
502052
502056
502058
502060
502064
502066
502068
502070
502074
502078
502080
502082
502086
502088
502092
502094
502096
502100
502104
502106
502108
502112
502114
502120
502122
502124
502126
502128
502130
502132
502134
502138
502140
502142
502146
502148
502152
502156
502158
502160
502162
502164
502168
502170
502172
502174
502176
502180
502182
502184
502188
502190
502192
502194
502196
502198
502200
502202
502204
502206
502210
502216
502218
502220
502222
502224
502226
502228
502230
502232
502236
502238
502240
502244
502250
502252
502254
502258
502264
502266
502270
502274
502280
502282
502286
502288
502290
502294
502296
502298
502300
502302
502304
502306
502308
502312
502314
502316
502318
502320
502322
502324
502326
502328
502332
502334
502336
502338
502342
502344
502346
502348
502350
502352
502354
502356
502358
502360
502362
502364
502368
502370
502372
502374
502376
502378
502382
502384
502386
502388
502390
502392
502394
502396
502398
502400
502404
502410
502412
502414
502416
502418
502420
502422
502424
502428
502432
502434
502436
502440
502444
502446
502448
502450
502454
502458
502462
502466
502468
502470
502474
502476
502480
502482
502486
502488
502490
502492
502494
502498
502500
502504
502506
502508
502510
502512
502514
502518
502520
502522
502524
502526
502528
502530
502532
502538
502540
502548
502550
502552
502554
502556
502562
502564
502568
502570
502572
502574
502580
502582
502584
502588
502590
502592
502598
502600
502602
502604
502606
502608
502610
502612
502614
502616
502618
502620
502626
502628
502630
502632
502634
502636
502638
502640
502646
502652
502654
502656
502660
502662
502666
502668
502670
502674
502676
502678
502680
502682
502684
502686
502688
502690
502692
502694
502696
502700
502704
502708
502714
502716
502724
502728
502734
502738
502742
502744
502748
502750
502752
502756
502758
502760
502762
502766
502768
502770
502780
502782
502784
502788
502790
502792
502798
502804
502806
502808
502812
502814
502816
502820
502822
502826
502828
502834
502836
502838
502840
502846
502850
502856
502860
502866
502870
502872
502876
502878
502880
502882
502884
502888
502892
502894
502898
502900
502902
502910
502912
502916
502918
502920
502924
502932
502934
502936
502942
502946
502956
502960
502964
502966
502996
503000
503002
503010
503014
503018
503020
503022
503028
503032
503040
503042
503056
503060
503070
503072
503086
503094
503100
503124
503126
503136
503140
503154
503158
503168
503190
503204
503212
503222
503260
503314
503358
503412
600000
600702
600738
600774
600866
600896
600932
600942
600954
600960
600974
600976
601004
601018
601020
601062
601064
601112
601126
601128
601138
601146
601154
601156
601162
601164
601168
601172
601180
601184
601190
601200
601212
601214
601224
601234
601258
601260
601276
601278
601286
601290
601314
601318
601320
601348
601350
601356
601358
601366
601368
601376
601384
601386
601392
601394
601396
601398
601406
601408
601410
601416
601420
601426
601428
601430
601436
601440
601442
601448
601454
601464
601470
601478
601482
601484
601486
601492
601500
601504
601510
601516
601520
601532
601534
601542
601544
601546
601548
601550
601552
601554
601562
601564
601572
601578
601580
601586
601588
601590
601592
601594
601596
601600
601602
601604
601606
601608
601612
601616
601620
601622
601624
601630
601638
601640
601644
601648
601654
601656
601658
601664
601666
601670
601672
601676
601678
601688
601700
601706
601708
601714
601716
601718
601720
601722
601724
601726
601730
601732
601738
601740
601746
601748
601750
601756
601758
601764
601766
601768
601772
601774
601776
601778
601780
601782
601784
601786
601790
601792
601794
601796
601798
601802
601804
601808
601810
601816
601818
601822
601824
601826
601828
601830
601832
601834
601836
601842
601844
601846
601850
601854
601858
601862
601864
601872
601874
601878
601880
601888
601890
601892
601894
601900
601902
601904
601906
601910
601912
601914
601916
601918
601926
601930
601934
601936
601938
601944
601946
601952
601954
601958
601960
601962
601966
601968
601970
601972
601974
601976
601980
601982
601986
601988
601994
601996
601998
602002
602004
602006
602010
602012
602014
602016
602018
602020
602022
602024
602028
602030
602032
602034
602038
602040
602042
602044
602046
602048
602050
602052
602056
602058
602060
602064
602066
602068
602070
602074
602078
602080
602082
602086
602088
602092
602094
602096
602100
602104
602106
602108
602112
602114
602120
602122
602124
602126
602128
602130
602132
602134
602138
602140
602142
602146
602148
602152
602156
602158
602160
602162
602164
602168
602170
602172
602174
602176
602180
602182
602184
602188
602190
602192
602194
602196
602198
602200
602202
602204
602206
602210
602216
602218
602220
602222
602224
602226
602228
602230
602232
602236
602238
602240
602244
602250
602252
602254
602258
602264
602266
602270
602274
602280
602282
602286
602288
602290
602294
602296
602298
602300
602302
602304
602306
602308
602312
602314
602316
602318
602320
602322
602324
602326
602328
602332
602334
602336
602338
602342
602344
602346
602348
602350
602352
602354
602356
602358
602360
602362
602364
602368
602370
602372
602374
602376
602378
602382
602384
602386
602388
602390
602392
602394
602396
602398
602400
602404
602410
602412
602414
602416
602418
602420
602422
602424
602428
602432
602434
602436
602440
602444
602446
602448
602450
602454
602458
602462
602466
602468
602470
602474
602476
602480
602482
602486
602488
602490
602492
602494
602498
602500
602504
602506
602508
602510
602512
602514
602518
602520
602522
602524
602526
602528
602530
602532
602538
602540
602548
602550
602552
602554
602556
602562
602564
602568
602570
602572
602574
602580
602582
602584
602588
602590
602592
602598
602600
602602
602604
602606
602608
602610
602612
602614
602616
602618
602620
602626
602628
602630
602632
602634
602636
602638
602640
602646
602652
602654
602656
602660
602662
602666
602668
602670
602674
602676
602678
602680
602682
602684
602686
602688
602690
602692
602694
602696
602700
602704
602708
602714
602716
602724
602728
602734
602738
602742
602744
602748
602750
602752
602756
602758
602760
602762
602766
602768
602770
602780
602782
602784
602788
602790
602792
602798
602804
602806
602808
602812
602814
602816
602820
602822
602826
602828
602834
602836
602838
602840
602846
602850
602856
602860
602866
602870
602872
602876
602878
602880
602882
602884
602888
602892
602894
602898
602900
602902
602910
602912
602916
602918
602920
602924
602932
602934
602936
602942
602946
602956
602960
602964
602966
602996
603000
603002
603010
603014
603018
603020
603022
603028
603032
603040
603042
603056
603060
603070
603072
603086
603094
603100
603124
603126
603136
603140
603154
603158
603168
603190
603204
603212
603222
603260
603314
603358
603412
700000
700702
700738
700774
700866
700896
700932
700942
700954
700960
700974
700976
701004
701018
701020
701062
701064
701112
701126
701128
701138
701146
701154
701156
701162
701164
701168
701172
701180
701184
701190
701200
701212
701214
701224
701234
701258
701260
701276
701278
701286
701290
701314
701318
701320
701348
701350
701356
701358
701366
701368
701376
701384
701386
701392
701394
701396
701398
701406
701408
701410
701416
701420
701426
701428
701430
701436
701440
701442
701448
701454
701464
701470
701478
701482
701484
701486
701492
701500
701504
701510
701516
701520
701532
701534
701542
701544
701546
701548
701550
701552
701554
701562
701564
701572
701578
701580
701586
701588
701590
701592
701594
701596
701600
701602
701604
701606
701608
701612
701616
701620
701622
701624
701630
701638
701640
701644
701648
701654
701656
701658
701664
701666
701670
701672
701676
701678
701688
701700
701706
701708
701714
701716
701718
701720
701722
701724
701726
701730
701732
701738
701740
701746
701748
701750
701756
701758
701764
701766
701768
701772
701774
701776
701778
701780
701782
701784
701786
701790
701792
701794
701796
701798
701802
701804
701808
701810
701816
701818
701822
701824
701826
701828
701830
701832
701834
701836
701842
701844
701846
701850
701854
701858
701862
701864
701872
701874
701878
701880
701888
701890
701892
701894
701900
701902
701904
701906
701910
701912
701914
701916
701918
701926
701930
701934
701936
701938
701944
701946
701952
701954
701958
701960
701962
701966
701968
701970
701972
701974
701976
701980
701982
701986
701988
701994
701996
701998
702002
702004
702006
702010
702012
702014
702016
702018
702020
702022
702024
702028
702030
702032
702034
702038
702040
702042
702044
702046
702048
702050
702052
702056
702058
702060
702064
702066
702068
702070
702074
702078
702080
702082
702086
702088
702092
702094
702096
702100
702104
702106
702108
702112
702114
702120
702122
702124
702126
702128
702130
702132
702134
702138
702140
702142
702146
702148
702152
702156
702158
702160
702162
702164
702168
702170
702172
702174
702176
702180
702182
702184
702188
702190
702192
702194
702196
702198
702200
702202
702204
702206
702210
702216
702218
702220
702222
702224
702226
702228
702230
702232
702236
702238
702240
702244
702250
702252
702254
702258
702264
702266
702270
702274
702280
702282
702286
702288
702290
702294
702296
702298
702300
702302
702304
702306
702308
702312
702314
702316
702318
702320
702322
702324
702326
702328
702332
702334
702336
702338
702342
702344
702346
702348
702350
702352
702354
702356
702358
702360
702362
702364
702368
702370
702372
702374
702376
702378
702382
702384
702386
702388
702390
702392
702394
702396
702398
702400
702404
702410
702412
702414
702416
702418
702420
702422
702424
702428
702432
702434
702436
702440
702444
702446
702448
702450
702454
702458
702462
702466
702468
702470
702474
702476
702480
702482
702486
702488
702490
702492
702494
702498
702500
702504
702506
702508
702510
702512
702514
702518
702520
702522
702524
702526
702528
702530
702532
702538
702540
702548
702550
702552
702554
702556
702562
702564
702568
702570
702572
702574
702580
702582
702584
702588
702590
702592
702598
702600
702602
702604
702606
702608
702610
702612
702614
702616
702618
702620
702626
702628
702630
702632
702634
702636
702638
702640
702646
702652
702654
702656
702660
702662
702666
702668
702670
702674
702676
702678
702680
702682
702684
702686
702688
702690
702692
702694
702696
702700
702704
702708
702714
702716
702724
702728
702734
702738
702742
702744
702748
702750
702752
702756
702758
702760
702762
702766
702768
702770
702780
702782
702784
702788
702790
702792
702798
702804
702806
702808
702812
702814
702816
702820
702822
702826
702828
702834
702836
702838
702840
702846
702850
702856
702860
702866
702870
702872
702876
702878
702880
702882
702884
702888
702892
702894
702898
702900
702902
702910
702912
702916
702918
702920
702924
702932
702934
702936
702942
702946
702956
702960
702964
702966
702996
703000
703002
703010
703014
703018
703020
703022
703028
703032
703040
703042
703056
703060
703070
703072
703086
703094
703100
703124
703126
703136
703140
703154
703158
703168
703190
703204
703212
703222
703260
703314
703358
703412
800000
800702
800738
800774
800866
800896
800932
800942
800954
800960
800974
800976
801004
801018
801020
801062
801064
801112
801126
801128
801138
801146
801154
801156
801162
801164
801168
801172
801180
801184
801190
801200
801212
801214
801224
801234
801258
801260
801276
801278
801286
801290
801314
801318
801320
801348
801350
801356
801358
801366
801368
801376
801384
801386
801392
801394
801396
801398
801406
801408
801410
801416
801420
801426
801428
801430
801436
801440
801442
801448
801454
801464
801470
801478
801482
801484
801486
801492
801500
801504
801510
801516
801520
801532
801534
801542
801544
801546
801548
801550
801552
801554
801562
801564
801572
801578
801580
801586
801588
801590
801592
801594
801596
801600
801602
801604
801606
801608
801612
801616
801620
801622
801624
801630
801638
801640
801644
801648
801654
801656
801658
801664
801666
801670
801672
801676
801678
801688
801700
801706
801708
801714
801716
801718
801720
801722
801724
801726
801730
801732
801738
801740
801746
801748
801750
801756
801758
801764
801766
801768
801772
801774
801776
801778
801780
801782
801784
801786
801790
801792
801794
801796
801798
801802
801804
801808
801810
801816
801818
801822
801824
801826
801828
801830
801832
801834
801836
801842
801844
801846
801850
801854
801858
801862
801864
801872
801874
801878
801880
801888
801890
801892
801894
801900
801902
801904
801906
801910
801912
801914
801916
801918
801926
801930
801934
801936
801938
801944
801946
801952
801954
801958
801960
801962
801966
801968
801970
801972
801974
801976
801980
801982
801986
801988
801994
801996
801998
802002
802004
802006
802010
802012
802014
802016
802018
802020
802022
802024
802028
802030
802032
802034
802038
802040
802042
802044
802046
802048
802050
802052
802056
802058
802060
802064
802066
802068
802070
802074
802078
802080
802082
802086
802088
802092
802094
802096
802100
802104
802106
802108
802112
802114
802120
802122
802124
802126
802128
802130
802132
802134
802138
802140
802142
802146
802148
802152
802156
802158
802160
802162
802164
802168
802170
802172
802174
802176
802180
802182
802184
802188
802190
802192
802194
802196
802198
802200
802202
802204
802206
802210
802216
802218
802220
802222
802224
802226
802228
802230
802232
802236
802238
802240
802244
802250
802252
802254
802258
802264
802266
802270
802274
802280
802282
802286
802288
802290
802294
802296
802298
802300
802302
802304
802306
802308
802312
802314
802316
802318
802320
802322
802324
802326
802328
802332
802334
802336
802338
802342
802344
802346
802348
802350
802352
802354
802356
802358
802360
802362
802364
802368
802370
802372
802374
802376
802378
802382
802384
802386
802388
802390
802392
802394
802396
802398
802400
802404
802410
802412
802414
802416
802418
802420
802422
802424
802428
802432
802434
802436
802440
802444
802446
802448
802450
802454
802458
802462
802466
802468
802470
802474
802476
802480
802482
802486
802488
802490
802492
802494
802498
802500
802504
802506
802508
802510
802512
802514
802518
802520
802522
802524
802526
802528
802530
802532
802538
802540
802548
802550
802552
802554
802556
802562
802564
802568
802570
802572
802574
802580
802582
802584
802588
802590
802592
802598
802600
802602
802604
802606
802608
802610
802612
802614
802616
802618
802620
802626
802628
802630
802632
802634
802636
802638
802640
802646
802652
802654
802656
802660
802662
802666
802668
802670
802674
802676
802678
802680
802682
802684
802686
802688
802690
802692
802694
802696
802700
802704
802708
802714
802716
802724
802728
802734
802738
802742
802744
802748
802750
802752
802756
802758
802760
802762
802766
802768
802770
802780
802782
802784
802788
802790
802792
802798
802804
802806
802808
802812
802814
802816
802820
802822
802826
802828
802834
802836
802838
802840
802846
802850
802856
802860
802866
802870
802872
802876
802878
802880
802882
802884
802888
802892
802894
802898
802900
802902
802910
802912
802916
802918
802920
802924
802932
802934
802936
802942
802946
802956
802960
802964
802966
802996
803000
803002
803010
803014
803018
803020
803022
803028
803032
803040
803042
803056
803060
803070
803072
803086
803094
803100
803124
803126
803136
803140
803154
803158
803168
803190
803204
803212
803222
803260
803314
803358
803412
900000
900702
900738
900774
900866
900896
900932
900942
900954
900960
900974
900976
901004
901018
901020
901062
901064
901112
901126
901128
901138
901146
901154
901156
901162
901164
901168
901172
901180
901184
901190
901200
901212
901214
901224
901234
901258
901260
901276
901278
901286
901290
901314
901318
901320
901348
901350
901356
901358
901366
901368
901376
901384
901386
901392
901394
901396
901398
901406
901408
901410
901416
901420
901426
901428
901430
901436
901440
901442
901448
901454
901464
901470
901478
901482
901484
901486
901492
901500
901504
901510
901516
901520
901532
901534
901542
901544
901546
901548
901550
901552
901554
901562
901564
901572
901578
901580
901586
901588
901590
901592
901594
901596
901600
901602
901604
901606
901608
901612
901616
901620
901622
901624
901630
901638
901640
901644
901648
901654
901656
901658
901664
901666
901670
901672
901676
901678
901688
901700
901706
901708
901714
901716
901718
901720
901722
901724
901726
901730
901732
901738
901740
901746
901748
901750
901756
901758
901764
901766
901768
901772
901774
901776
901778
901780
901782
901784
901786
901790
901792
901794
901796
901798
901802
901804
901808
901810
901816
901818
901822
901824
901826
901828
901830
901832
901834
901836
901842
901844
901846
901850
901854
901858
901862
901864
901872
901874
901878
901880
901888
901890
901892
901894
901900
901902
901904
901906
901910
901912
901914
901916
901918
901926
901930
901934
901936
901938
901944
901946
901952
901954
901958
901960
901962
901966
901968
901970
901972
901974
901976
901980
901982
901986
901988
901994
901996
901998
902002
902004
902006
902010
902012
902014
902016
902018
902020
902022
902024
902028
902030
902032
902034
902038
902040
902042
902044
902046
902048
902050
902052
902056
902058
902060
902064
902066
902068
902070
902074
902078
902080
902082
902086
902088
902092
902094
902096
902100
902104
902106
902108
902112
902114
902120
902122
902124
902126
902128
902130
902132
902134
902138
902140
902142
902146
902148
902152
902156
902158
902160
902162
902164
902168
902170
902172
902174
902176
902180
902182
902184
902188
902190
902192
902194
902196
902198
902200
902202
902204
902206
902210
902216
902218
902220
902222
902224
902226
902228
902230
902232
902236
902238
902240
902244
902250
902252
902254
902258
902264
902266
902270
902274
902280
902282
902286
902288
902290
902294
902296
902298
902300
902302
902304
902306
902308
902312
902314
902316
902318
902320
902322
902324
902326
902328
902332
902334
902336
902338
902342
902344
902346
902348
902350
902352
902354
902356
902358
902360
902362
902364
902368
902370
902372
902374
902376
902378
902382
902384
902386
902388
902390
902392
902394
902396
902398
902400
902404
902410
902412
902414
902416
902418
902420
902422
902424
902428
902432
902434
902436
902440
902444
902446
902448
902450
902454
902458
902462
902466
902468
902470
902474
902476
902480
902482
902486
902488
902490
902492
902494
902498
902500
902504
902506
902508
902510
902512
902514
902518
902520
902522
902524
902526
902528
902530
902532
902538
902540
902548
902550
902552
902554
902556
902562
902564
902568
902570
902572
902574
902580
902582
902584
902588
902590
902592
902598
902600
902602
902604
902606
902608
902610
902612
902614
902616
902618
902620
902626
902628
902630
902632
902634
902636
902638
902640
902646
902652
902654
902656
902660
902662
902666
902668
902670
902674
902676
902678
902680
902682
902684
902686
902688
902690
902692
902694
902696
902700
902704
902708
902714
902716
902724
902728
902734
902738
902742
902744
902748
902750
902752
902756
902758
902760
902762
902766
902768
902770
902780
902782
902784
902788
902790
902792
902798
902804
902806
902808
902812
902814
902816
902820
902822
902826
902828
902834
902836
902838
902840
902846
902850
902856
902860
902866
902870
902872
902876
902878
902880
902882
902884
902888
902892
902894
902898
902900
902902
902910
902912
902916
902918
902920
902924
902932
902934
902936
902942
902946
902956
902960
902964
902966
902996
903000
903002
903010
903014
903018
903020
903022
903028
903032
903040
903042
903056
903060
903070
903072
903086
903094
903100
903124
903126
903136
903140
903154
903158
903168
903190
903204
903212
903222
903260
903314
903358
903412
1000000
1000702
1000738
1000774
1000866
1000896
1000932
1000942
1000954
1000960
1000974
1000976
1001004
1001018
1001020
1001062
1001064
1001112
1001126
1001128
1001138
1001146
1001154
1001156
1001162
1001164
1001168
1001172
1001180
1001184
1001190
1001200
1001212
1001214
1001224
1001234
1001258
1001260
1001276
1001278
1001286
1001290
1001314
1001318
1001320
1001348
1001350
1001356
1001358
1001366
1001368
1001376
1001384
1001386
1001392
1001394
1001396
1001398
1001406
1001408
1001410
1001416
1001420
1001426
1001428
1001430
1001436
1001440
1001442
1001448
1001454
1001464
1001470
1001478
1001482
1001484
1001486
1001492
1001500
1001504
1001510
1001516
1001520
1001532
1001534
1001542
1001544
1001546
1001548
1001550
1001552
1001554
1001562
1001564
1001572
1001578
1001580
1001586
1001588
1001590
1001592
1001594
1001596
1001600
1001602
1001604
1001606
1001608
1001612
1001616
1001620
1001622
1001624
1001630
1001638
1001640
1001644
1001648
1001654
1001656
1001658
1001664
1001666
1001670
1001672
1001676
1001678
1001688
1001700
1001706
1001708
1001714
1001716
1001718
1001720
1001722
1001724
1001726
1001730
1001732
1001738
1001740
1001746
1001748
1001750
1001756
1001758
1001764
1001766
1001768
1001772
1001774
1001776
1001778
1001780
1001782
1001784
1001786
1001790
1001792
1001794
1001796
1001798
1001802
1001804
1001808
1001810
1001816
1001818
1001822
1001824
1001826
1001828
1001830
1001832
1001834
1001836
1001842
1001844
1001846
1001850
1001854
1001858
1001862
1001864
1001872
1001874
1001878
1001880
1001888
1001890
1001892
1001894
1001900
1001902
1001904
1001906
1001910
1001912
1001914
1001916
1001918
1001926
1001930
1001934
1001936
1001938
1001944
1001946
1001952
1001954
1001958
1001960
1001962
1001966
1001968
1001970
1001972
1001974
1001976
1001980
1001982
1001986
1001988
1001994
1001996
1001998
1002002
1002004
1002006
1002010
1002012
1002014
1002016
1002018
1002020
1002022
1002024
1002028
1002030
1002032
1002034
1002038
1002040
1002042
1002044
1002046
1002048
1002050
1002052
1002056
1002058
1002060
1002064
1002066
1002068
1002070
1002074
1002078
1002080
1002082
1002086
1002088
1002092
1002094
1002096
1002100
1002104
1002106
1002108
1002112
1002114
1002120
1002122
1002124
1002126
1002128
1002130
1002132
1002134
1002138
1002140
1002142
1002146
1002148
1002152
1002156
1002158
1002160
1002162
1002164
1002168
1002170
1002172
1002174
1002176
1002180
1002182
1002184
1002188
1002190
1002192
1002194
1002196
1002198
1002200
1002202
1002204
1002206
1002210
1002216
1002218
1002220
1002222
1002224
1002226
1002228
1002230
1002232
1002236
1002238
1002240
1002244
1002250
1002252
1002254
1002258
1002264
1002266
1002270
1002274
1002280
1002282
1002286
1002288
1002290
1002294
1002296
1002298
1002300
1002302
1002304
1002306
1002308
1002312
1002314
1002316
1002318
1002320
1002322
1002324
1002326
1002328
1002332
1002334
1002336
1002338
1002342
1002344
1002346
1002348
1002350
1002352
1002354
1002356
1002358
1002360
1002362
1002364
1002368
1002370
1002372
1002374
1002376
1002378
1002382
1002384
1002386
1002388
1002390
1002392
1002394
1002396
1002398
1002400
1002404
1002410
1002412
1002414
1002416
1002418
1002420
1002422
1002424
1002428
1002432
1002434
1002436
1002440
1002444
1002446
1002448
1002450
1002454
1002458
1002462
1002466
1002468
1002470
1002474
1002476
1002480
1002482
1002486
1002488
1002490
1002492
1002494
1002498
1002500
1002504
1002506
1002508
1002510
1002512
1002514
1002518
1002520
1002522
1002524
1002526
1002528
1002530
1002532
1002538
1002540
1002548
1002550
1002552
1002554
1002556
1002562
1002564
1002568
1002570
1002572
1002574
1002580
1002582
1002584
1002588
1002590
1002592
1002598
1002600
1002602
1002604
1002606
1002608
1002610
1002612
1002614
1002616
1002618
1002620
1002626
1002628
1002630
1002632
1002634
1002636
1002638
1002640
1002646
1002652
1002654
1002656
1002660
1002662
1002666
1002668
1002670
1002674
1002676
1002678
1002680
1002682
1002684
1002686
1002688
1002690
1002692
1002694
1002696
1002700
1002704
1002708
1002714
1002716
1002724
1002728
1002734
1002738
1002742
1002744
1002748
1002750
1002752
1002756
1002758
1002760
1002762
1002766
1002768
1002770
1002780
1002782
1002784
1002788
1002790
1002792
1002798
1002804
1002806
1002808
1002812
1002814
1002816
1002820
1002822
1002826
1002828
1002834
1002836
1002838
1002840
1002846
1002850
1002856
1002860
1002866
1002870
1002872
1002876
1002878
1002880
1002882
1002884
1002888
1002892
1002894
1002898
1002900
1002902
1002910
1002912
1002916
1002918
1002920
1002924
1002932
1002934
1002936
1002942
1002946
1002956
1002960
1002964
1002966
1002996
1003000
1003002
1003010
1003014
1003018
1003020
1003022
1003028
1003032
1003040
1003042
1003056
1003060
1003070
1003072
1003086
1003094
1003100
1003124
1003126
1003136
1003140
1003154
1003158
1003168
1003190
1003204
1003212
1003222
1003260
1003314
1003358
1003412
1100000
1100702
1100738
1100774
1100866
1100896
1100932
1100942
1100954
1100960
1100974
1100976
1101004
1101018
1101020
1101062
1101064
1101112
1101126
1101128
1101138
1101146
1101154
1101156
1101162
1101164
1101168
1101172
1101180
1101184
1101190
1101200
1101212
1101214
1101224
1101234
1101258
1101260
1101276
1101278
1101286
1101290
1101314
1101318
1101320
1101348
1101350
1101356
1101358
1101366
1101368
1101376
1101384
1101386
1101392
1101394
1101396
1101398
1101406
1101408
1101410
1101416
1101420
1101426
1101428
1101430
1101436
1101440
1101442
1101448
1101454
1101464
1101470
1101478
1101482
1101484
1101486
1101492
1101500
1101504
1101510
1101516
1101520
1101532
1101534
1101542
1101544
1101546
1101548
1101550
1101552
1101554
1101562
1101564
1101572
1101578
1101580
1101586
1101588
1101590
1101592
1101594
1101596
1101600
1101602
1101604
1101606
1101608
1101612
1101616
1101620
1101622
1101624
1101630
1101638
1101640
1101644
1101648
1101654
1101656
1101658
1101664
1101666
1101670
1101672
1101676
1101678
1101688
1101700
1101706
1101708
1101714
1101716
1101718
1101720
1101722
1101724
1101726
1101730
1101732
1101738
1101740
1101746
1101748
1101750
1101756
1101758
1101764
1101766
1101768
1101772
1101774
1101776
1101778
1101780
1101782
1101784
1101786
1101790
1101792
1101794
1101796
1101798
1101802
1101804
1101808
1101810
1101816
1101818
1101822
1101824
1101826
1101828
1101830
1101832
1101834
1101836
1101842
1101844
1101846
1101850
1101854
1101858
1101862
1101864
1101872
1101874
1101878
1101880
1101888
1101890
1101892
1101894
1101900
1101902
1101904
1101906
1101910
1101912
1101914
1101916
1101918
1101926
1101930
1101934
1101936
1101938
1101944
1101946
1101952
1101954
1101958
1101960
1101962
1101966
1101968
1101970
1101972
1101974
1101976
1101980
1101982
1101986
1101988
1101994
1101996
1101998
1102002
1102004
1102006
1102010
1102012
1102014
1102016
1102018
1102020
1102022
1102024
1102028
1102030
1102032
1102034
1102038
1102040
1102042
1102044
1102046
1102048
1102050
1102052
1102056
1102058
1102060
1102064
1102066
1102068
1102070
1102074
1102078
1102080
1102082
1102086
1102088
1102092
1102094
1102096
1102100
1102104
1102106
1102108
1102112
1102114
1102120
1102122
1102124
1102126
1102128
1102130
1102132
1102134
1102138
1102140
1102142
1102146
1102148
1102152
1102156
1102158
1102160
1102162
1102164
1102168
1102170
1102172
1102174
1102176
1102180
1102182
1102184
1102188
1102190
1102192
1102194
1102196
1102198
1102200
1102202
1102204
1102206
1102210
1102216
1102218
1102220
1102222
1102224
1102226
1102228
1102230
1102232
1102236
1102238
1102240
1102244
1102250
1102252
1102254
1102258
1102264
1102266
1102270
1102274
1102280
1102282
1102286
1102288
1102290
1102294
1102296
1102298
1102300
1102302
1102304
1102306
1102308
1102312
1102314
1102316
1102318
1102320
1102322
1102324
1102326
1102328
1102332
1102334
1102336
1102338
1102342
1102344
1102346
1102348
1102350
1102352
1102354
1102356
1102358
1102360
1102362
1102364
1102368
1102370
1102372
1102374
1102376
1102378
1102382
1102384
1102386
1102388
1102390
1102392
1102394
1102396
1102398
1102400
1102404
1102410
1102412
1102414
1102416
1102418
1102420
1102422
1102424
1102428
1102432
1102434
1102436
1102440
1102444
1102446
1102448
1102450
1102454
1102458
1102462
1102466
1102468
1102470
1102474
1102476
1102480
1102482
1102486
1102488
1102490
1102492
1102494
1102498
1102500
1102504
1102506
1102508
1102510
1102512
1102514
1102518
1102520
1102522
1102524
1102526
1102528
1102530
1102532
1102538
1102540
1102548
1102550
1102552
1102554
1102556
1102562
1102564
1102568
1102570
1102572
1102574
1102580
1102582
1102584
1102588
1102590
1102592
1102598
1102600
1102602
1102604
1102606
1102608
1102610
1102612
1102614
1102616
1102618
1102620
1102626
1102628
1102630
1102632
1102634
1102636
1102638
1102640
1102646
1102652
1102654
1102656
1102660
1102662
1102666
1102668
1102670
1102674
1102676
1102678
1102680
1102682
1102684
1102686
1102688
1102690
1102692
1102694
1102696
1102700
1102704
1102708
1102714
1102716
1102724
1102728
1102734
1102738
1102742
1102744
1102748
1102750
1102752
1102756
1102758
1102760
1102762
1102766
1102768
1102770
1102780
1102782
1102784
1102788
1102790
1102792
1102798
1102804
1102806
1102808
1102812
1102814
1102816
1102820
1102822
1102826
1102828
1102834
1102836
1102838
1102840
1102846
1102850
1102856
1102860
1102866
1102870
1102872
1102876
1102878
1102880
1102882
1102884
1102888
1102892
1102894
1102898
1102900
1102902
1102910
1102912
1102916
1102918
1102920
1102924
1102932
1102934
1102936
1102942
1102946
1102956
1102960
1102964
1102966
1102996
1103000
1103002
1103010
1103014
1103018
1103020
1103022
1103028
1103032
1103040
1103042
1103056
1103060
1103070
1103072
1103086
1103094
1103100
1103124
1103126
1103136
1103140
1103154
1103158
1103168
1103190
1103204
1103212
1103222
1103260
1103314
1103358
1103412
1200000
1200702
1200738
1200774
1200866
1200896
1200932
1200942
1200954
1200960
1200974
1200976
1201004
1201018
1201020
1201062
1201064
1201112
1201126
1201128
1201138
1201146
1201154
1201156
1201162
1201164
1201168
1201172
1201180
1201184
1201190
1201200
1201212
1201214
1201224
1201234
1201258
1201260
1201276
1201278
1201286
1201290
1201314
1201318
1201320
1201348
1201350
1201356
1201358
1201366
1201368
1201376
1201384
1201386
1201392
1201394
1201396
1201398
1201406
1201408
1201410
1201416
1201420
1201426
1201428
1201430
1201436
1201440
1201442
1201448
1201454
1201464
1201470
1201478
1201482
1201484
1201486
1201492
1201500
1201504
1201510
1201516
1201520
1201532
1201534
1201542
1201544
1201546
1201548
1201550
1201552
1201554
1201562
1201564
1201572
1201578
1201580
1201586
1201588
1201590
1201592
1201594
1201596
1201600
1201602
1201604
1201606
1201608
1201612
1201616
1201620
1201622
1201624
1201630
1201638
1201640
1201644
1201648
1201654
1201656
1201658
1201664
1201666
1201670
1201672
1201676
1201678
1201688
1201700
1201706
1201708
1201714
1201716
1201718
1201720
1201722
1201724
1201726
1201730
1201732
1201738
1201740
1201746
1201748
1201750
1201756
1201758
1201764
1201766
1201768
1201772
1201774
1201776
1201778
1201780
1201782
1201784
1201786
1201790
1201792
1201794
1201796
1201798
1201802
1201804
1201808
1201810
1201816
1201818
1201822
1201824
1201826
1201828
1201830
1201832
1201834
1201836
1201842
1201844
1201846
1201850
1201854
1201858
1201862
1201864
1201872
1201874
1201878
1201880
1201888
1201890
1201892
1201894
1201900
1201902
1201904
1201906
1201910
1201912
1201914
1201916
1201918
1201926
1201930
1201934
1201936
1201938
1201944
1201946
1201952
1201954
1201958
1201960
1201962
1201966
1201968
1201970
1201972
1201974
1201976
1201980
1201982
1201986
1201988
1201994
1201996
1201998
1202002
1202004
1202006
1202010
1202012
1202014
1202016
1202018
1202020
1202022
1202024
1202028
1202030
1202032
1202034
1202038
1202040
1202042
1202044
1202046
1202048
1202050
1202052
1202056
1202058
1202060
1202064
1202066
1202068
1202070
1202074
1202078
1202080
1202082
1202086
1202088
1202092
1202094
1202096
1202100
1202104
1202106
1202108
1202112
1202114
1202120
1202122
1202124
1202126
1202128
1202130
1202132
1202134
1202138
1202140
1202142
1202146
1202148
1202152
1202156
1202158
1202160
1202162
1202164
1202168
1202170
1202172
1202174
1202176
1202180
1202182
1202184
1202188
1202190
1202192
1202194
1202196
1202198
1202200
1202202
1202204
1202206
1202210
1202216
1202218
1202220
1202222
1202224
1202226
1202228
1202230
1202232
1202236
1202238
1202240
1202244
1202250
1202252
1202254
1202258
1202264
1202266
1202270
1202274
1202280
1202282
1202286
1202288
1202290
1202294
1202296
1202298
1202300
1202302
1202304
1202306
1202308
1202312
1202314
1202316
1202318
1202320
1202322
1202324
1202326
1202328
1202332
1202334
1202336
1202338
1202342
1202344
1202346
1202348
1202350
1202352
1202354
1202356
1202358
1202360
1202362
1202364
1202368
1202370
1202372
1202374
1202376
1202378
1202382
1202384
1202386
1202388
1202390
1202392
1202394
1202396
1202398
1202400
1202404
1202410
1202412
1202414
1202416
1202418
1202420
1202422
1202424
1202428
1202432
1202434
1202436
1202440
1202444
1202446
1202448
1202450
1202454
1202458
1202462
1202466
1202468
1202470
1202474
1202476
1202480
1202482
1202486
1202488
1202490
1202492
1202494
1202498
1202500
1202504
1202506
1202508
1202510
1202512
1202514
1202518
1202520
1202522
1202524
1202526
1202528
1202530
1202532
1202538
1202540
1202548
1202550
1202552
1202554
1202556
1202562
1202564
1202568
1202570
1202572
1202574
1202580
1202582
1202584
1202588
1202590
1202592
1202598
1202600
1202602
1202604
1202606
1202608
1202610
1202612
1202614
1202616
1202618
1202620
1202626
1202628
1202630
1202632
1202634
1202636
1202638
1202640
1202646
1202652
1202654
1202656
1202660
1202662
1202666
1202668
1202670
1202674
1202676
1202678
1202680
1202682
1202684
1202686
1202688
1202690
1202692
1202694
1202696
1202700
1202704
1202708
1202714
1202716
1202724
1202728
1202734
1202738
1202742
1202744
1202748
1202750
1202752
1202756
1202758
1202760
1202762
1202766
1202768
1202770
1202780
1202782
1202784
1202788
1202790
1202792
1202798
1202804
1202806
1202808
1202812
1202814
1202816
1202820
1202822
1202826
1202828
1202834
1202836
1202838
1202840
1202846
1202850
1202856
1202860
1202866
1202870
1202872
1202876
1202878
1202880
1202882
1202884
1202888
1202892
1202894
1202898
1202900
1202902
1202910
1202912
1202916
1202918
1202920
1202924
1202932
1202934
1202936
1202942
1202946
1202956
1202960
1202964
1202966
1202996
1203000
1203002
1203010
1203014
1203018
1203020
1203022
1203028
1203032
1203040
1203042
1203056
1203060
1203070
1203072
1203086
1203094
1203100
1203124
1203126
1203136
1203140
1203154
1203158
1203168
1203190
1203204
1203212
1203222
1203260
1203314
1203358
1203412
1300000
1300702
1300738
1300774
1300866
1300896
1300932
1300942
1300954
1300960
1300974
1300976
1301004
1301018
1301020
1301062
1301064
1301112
1301126
1301128
1301138
1301146
1301154
1301156
1301162
1301164
1301168
1301172
1301180
1301184
1301190
1301200
1301212
1301214
1301224
1301234
1301258
1301260
1301276
1301278
1301286
1301290
1301314
1301318
1301320
1301348
1301350
1301356
1301358
1301366
1301368
1301376
1301384
1301386
1301392
1301394
1301396
1301398
1301406
1301408
1301410
1301416
1301420
1301426
1301428
1301430
1301436
1301440
1301442
1301448
1301454
1301464
1301470
1301478
1301482
1301484
1301486
1301492
1301500
1301504
1301510
1301516
1301520
1301532
1301534
1301542
1301544
1301546
1301548
1301550
1301552
1301554
1301562
1301564
1301572
1301578
1301580
1301586
1301588
1301590
1301592
1301594
1301596
1301600
1301602
1301604
1301606
1301608
1301612
1301616
1301620
1301622
1301624
1301630
1301638
1301640
1301644
1301648
1301654
1301656
1301658
1301664
1301666
1301670
1301672
1301676
1301678
1301688
1301700
1301706
1301708
1301714
1301716
1301718
1301720
1301722
1301724
1301726
1301730
1301732
1301738
1301740
1301746
1301748
1301750
1301756
1301758
1301764
1301766
1301768
1301772
1301774
1301776
1301778
1301780
1301782
1301784
1301786
1301790
1301792
1301794
1301796
1301798
1301802
1301804
1301808
1301810
1301816
1301818
1301822
1301824
1301826
1301828
1301830
1301832
1301834
1301836
1301842
1301844
1301846
1301850
1301854
1301858
1301862
1301864
1301872
1301874
1301878
1301880
1301888
1301890
1301892
1301894
1301900
1301902
1301904
1301906
1301910
1301912
1301914
1301916
1301918
1301926
1301930
1301934
1301936
1301938
1301944
1301946
1301952
1301954
1301958
1301960
1301962
1301966
1301968
1301970
1301972
1301974
1301976
1301980
1301982
1301986
1301988
1301994
1301996
1301998
1302002
1302004
1302006
1302010
1302012
1302014
1302016
1302018
1302020
1302022
1302024
1302028
1302030
1302032
1302034
1302038
1302040
1302042
1302044
1302046
1302048
1302050
1302052
1302056
1302058
1302060
1302064
1302066
1302068
1302070
1302074
1302078
1302080
1302082
1302086
1302088
1302092
1302094
1302096
1302100
1302104
1302106
1302108
1302112
1302114
1302120
1302122
1302124
1302126
1302128
1302130
1302132
1302134
1302138
1302140
1302142
1302146
1302148
1302152
1302156
1302158
1302160
1302162
1302164
1302168
1302170
1302172
1302174
1302176
1302180
1302182
1302184
1302188
1302190
1302192
1302194
1302196
1302198
1302200
1302202
1302204
1302206
1302210
1302216
1302218
1302220
1302222
1302224
1302226
1302228
1302230
1302232
1302236
1302238
1302240
1302244
1302250
1302252
1302254
1302258
1302264
1302266
1302270
1302274
1302280
1302282
1302286
1302288
1302290
1302294
1302296
1302298
1302300
1302302
1302304
1302306
1302308
1302312
1302314
1302316
1302318
1302320
1302322
1302324
1302326
1302328
1302332
1302334
1302336
1302338
1302342
1302344
1302346
1302348
1302350
1302352
1302354
1302356
1302358
1302360
1302362
1302364
1302368
1302370
1302372
1302374
1302376
1302378
1302382
1302384
1302386
1302388
1302390
1302392
1302394
1302396
1302398
1302400
1302404
1302410
1302412
1302414
1302416
1302418
1302420
1302422
1302424
1302428
1302432
1302434
1302436
1302440
1302444
1302446
1302448
1302450
1302454
1302458
1302462
1302466
1302468
1302470
1302474
1302476
1302480
1302482
1302486
1302488
1302490
1302492
1302494
1302498
1302500
1302504
1302506
1302508
1302510
1302512
1302514
1302518
1302520
1302522
1302524
1302526
1302528
1302530
1302532
1302538
1302540
1302548
1302550
1302552
1302554
1302556
1302562
1302564
1302568
1302570
1302572
1302574
1302580
1302582
1302584
1302588
1302590
1302592
1302598
1302600
1302602
1302604
1302606
1302608
1302610
1302612
1302614
1302616
1302618
1302620
1302626
1302628
1302630
1302632
1302634
1302636
1302638
1302640
1302646
1302652
1302654
1302656
1302660
1302662
1302666
1302668
1302670
1302674
1302676
1302678
1302680
1302682
1302684
1302686
1302688
1302690
1302692
1302694
1302696
1302700
1302704
1302708
1302714
1302716
1302724
1302728
1302734
1302738
1302742
1302744
1302748
1302750
1302752
1302756
1302758
1302760
1302762
1302766
1302768
1302770
1302780
1302782
1302784
1302788
1302790
1302792
1302798
1302804
1302806
1302808
1302812
1302814
1302816
1302820
1302822
1302826
1302828
1302834
1302836
1302838
1302840
1302846
1302850
1302856
1302860
1302866
1302870
1302872
1302876
1302878
1302880
1302882
1302884
1302888
1302892
1302894
1302898
1302900
1302902
1302910
1302912
1302916
1302918
1302920
1302924
1302932
1302934
1302936
1302942
1302946
1302956
1302960
1302964
1302966
1302996
1303000
1303002
1303010
1303014
1303018
1303020
1303022
1303028
1303032
1303040
1303042
1303056
1303060
1303070
1303072
1303086
1303094
1303100
1303124
1303126
1303136
1303140
1303154
1303158
1303168
1303190
1303204
1303212
1303222
1303260
1303314
1303358
1303412
1400000
1400702
1400738
1400774
1400866
1400896
1400932
1400942
1400954
1400960
1400974
1400976
1401004
1401018
1401020
1401062
1401064
1401112
1401126
1401128
1401138
1401146
1401154
1401156
1401162
1401164
1401168
1401172
1401180
1401184
1401190
1401200
1401212
1401214
1401224
1401234
1401258
1401260
1401276
1401278
1401286
1401290
1401314
1401318
1401320
1401348
1401350
1401356
1401358
1401366
1401368
1401376
1401384
1401386
1401392
1401394
1401396
1401398
1401406
1401408
1401410
1401416
1401420
1401426
1401428
1401430
1401436
1401440
1401442
1401448
1401454
1401464
1401470
1401478
1401482
1401484
1401486
1401492
1401500
1401504
1401510
1401516
1401520
1401532
1401534
1401542
1401544
1401546
1401548
1401550
1401552
1401554
1401562
1401564
1401572
1401578
1401580
1401586
1401588
1401590
1401592
1401594
1401596
1401600
1401602
1401604
1401606
1401608
1401612
1401616
1401620
1401622
1401624
1401630
1401638
1401640
1401644
1401648
1401654
1401656
1401658
1401664
1401666
1401670
1401672
1401676
1401678
1401688
1401700
1401706
1401708
1401714
1401716
1401718
1401720
1401722
1401724
1401726
1401730
1401732
1401738
1401740
1401746
1401748
1401750
1401756
1401758
1401764
1401766
1401768
1401772
1401774
1401776
1401778
1401780
1401782
1401784
1401786
1401790
1401792
1401794
1401796
1401798
1401802
1401804
1401808
1401810
1401816
1401818
1401822
1401824
1401826
1401828
1401830
1401832
1401834
1401836
1401842
1401844
1401846
1401850
1401854
1401858
1401862
1401864
1401872
1401874
1401878
1401880
1401888
1401890
1401892
1401894
1401900
1401902
1401904
1401906
1401910
1401912
1401914
1401916
1401918
1401926
1401930
1401934
1401936
1401938
1401944
1401946
1401952
1401954
1401958
1401960
1401962
1401966
1401968
1401970
1401972
1401974
1401976
1401980
1401982
1401986
1401988
1401994
1401996
1401998
1402002
1402004
1402006
1402010
1402012
1402014
1402016
1402018
1402020
1402022
1402024
1402028
1402030
1402032
1402034
1402038
1402040
1402042
1402044
1402046
1402048
1402050
1402052
1402056
1402058
1402060
1402064
1402066
1402068
1402070
1402074
1402078
1402080
1402082
1402086
1402088
1402092
1402094
1402096
1402100
1402104
1402106
1402108
1402112
1402114
1402120
1402122
1402124
1402126
1402128
1402130
1402132
1402134
1402138
1402140
1402142
1402146
1402148
1402152
1402156
1402158
1402160
1402162
1402164
1402168
1402170
1402172
1402174
1402176
1402180
1402182
1402184
1402188
1402190
1402192
1402194
1402196
1402198
1402200
1402202
1402204
1402206
1402210
1402216
1402218
1402220
1402222
1402224
1402226
1402228
1402230
1402232
1402236
1402238
1402240
1402244
1402250
1402252
1402254
1402258
1402264
1402266
1402270
1402274
1402280
1402282
1402286
1402288
1402290
1402294
1402296
1402298
1402300
1402302
1402304
1402306
1402308
1402312
1402314
1402316
1402318
1402320
1402322
1402324
1402326
1402328
1402332
1402334
1402336
1402338
1402342
1402344
1402346
1402348
1402350
1402352
1402354
1402356
1402358
1402360
1402362
1402364
1402368
1402370
1402372
1402374
1402376
1402378
1402382
1402384
1402386
1402388
1402390
1402392
1402394
1402396
1402398
1402400
1402404
1402410
1402412
1402414
1402416
1402418
1402420
1402422
1402424
1402428
1402432
1402434
1402436
1402440
1402444
1402446
1402448
1402450
1402454
1402458
1402462
1402466
1402468
1402470
1402474
1402476
1402480
1402482
1402486
1402488
1402490
1402492
1402494
1402498
1402500
1402504
1402506
1402508
1402510
1402512
1402514
1402518
1402520
1402522
1402524
1402526
1402528
1402530
1402532
1402538
1402540
1402548
1402550
1402552
1402554
1402556
1402562
1402564
1402568
1402570
1402572
1402574
1402580
1402582
1402584
1402588
1402590
1402592
1402598
1402600
1402602
1402604
1402606
1402608
1402610
1402612
1402614
1402616
1402618
1402620
1402626
1402628
1402630
1402632
1402634
1402636
1402638
1402640
1402646
1402652
1402654
1402656
1402660
1402662
1402666
1402668
1402670
1402674
1402676
1402678
1402680
1402682
1402684
1402686
1402688
1402690
1402692
1402694
1402696
1402700
1402704
1402708
1402714
1402716
1402724
1402728
1402734
1402738
1402742
1402744
1402748
1402750
1402752
1402756
1402758
1402760
1402762
1402766
1402768
1402770
1402780
1402782
1402784
1402788
1402790
1402792
1402798
1402804
1402806
1402808
1402812
1402814
1402816
1402820
1402822
1402826
1402828
1402834
1402836
1402838
1402840
1402846
1402850
1402856
1402860
1402866
1402870
1402872
1402876
1402878
1402880
1402882
1402884
1402888
1402892
1402894
1402898
1402900
1402902
1402910
1402912
1402916
1402918
1402920
1402924
1402932
1402934
1402936
1402942
1402946
1402956
1402960
1402964
1402966
1402996
1403000
1403002
1403010
1403014
1403018
1403020
1403022
1403028
1403032
1403040
1403042
1403056
1403060
1403070
1403072
1403086
1403094
1403100
1403124
1403126
1403136
1403140
1403154
1403158
1403168
1403190
1403204
1403212
1403222
1403260
1403314
1403358
1403412
