100000
100362
100546
100556
100590
100640
100674
100700
100724
100784
100804
100818
100824
100854
100856
100892
100912
100922
100926
100940
100952
100956
100962
100966
100968
100972
100976
100990
101000
101004
101016
101022
101050
101056
101062
101066
101068
101070
101076
101080
101088
101096
101100
101108
101110
101112
101114
101116
101124
101126
101128
101136
101146
101148
101154
101158
101160
101164
101166
101168
101178
101184
101186
101192
101194
101198
101200
101204
101208
101216
101220
101224
101228
101232
101234
101236
101244
101246
101252
101254
101256
101258
101260
101264
101268
101270
101272
101274
101278
101284
101288
101290
101292
101296
101298
101302
101304
101306
101310
101312
101316
101328
101332
101334
101336
101338
101340
101342
101344
101346
101348
101354
101362
101364
101366
101370
101372
101376
101378
101384
101388
101390
101392
101394
101396
101400
101402
101404
101406
101412
101420
101422
101428
101436
101438
101442
101444
101446
101448
101450
101452
101456
101460
101462
101470
101472
101480
101482
101484
101490
101492
101496
101498
101500
101504
101508
101510
101514
101516
101520
101522
101524
101528
101530
101534
101536
101540
101542
101546
101548
101552
101556
101558
101560
101562
101564
101568
101570
101572
101574
101580
101582
101584
101586
101588
101590
101592
101594
101596
101598
101602
101604
101606
101608
101612
101614
101616
101618
101620
101624
101628
101630
101632
101634
101638
101640
101646
101648
101650
101652
101654
101656
101658
101660
101664
101666
101668
101672
101674
101676
101678
101680
101682
101684
101686
101688
101690
101698
101700
101702
101704
101706
101708
101710
101714
101716
101718
101722
101724
101726
101728
101730
101732
101736
101738
101740
101744
101750
101752
101756
101760
101764
101766
101768
101770
101772
101774
101776
101780
101782
101784
101788
101790
101794
101796
101800
101804
101808
101810
101812
101814
101816
101818
101820
101822
101824
101826
101828
101832
101834
101836
101840
101844
101846
101852
101854
101858
101860
101862
101866
101868
101870
101872
101874
101876
101878
101880
101882
101884
101886
101888
101890
101892
101894
101896
101900
101902
101904
101906
101908
101912
101914
101916
101918
101920
101922
101924
101930
101932
101934
101936
101938
101940
101942
101944
101948
101950
101952
101954
101956
101958
101960
101962
101964
101966
101968
101970
101972
101974
101976
101978
101980
101984
101988
101990
101992
101994
101996
101998
102002
102006
102008
102012
102014
102016
102018
102020
102022
102024
102026
102028
102030
102032
102034
102036
102038
102040
102042
102044
102046
102048
102050
102052
102054
102056
102058
102060
102062
102064
102066
102068
102070
102072
102074
102076
102078
102080
102082
102084
102086
102088
102090
102094
102098
102100
102102
102106
102108
102110
102112
102114
102116
102118
102120
102122
102124
102126
102128
102130
102132
102134
102136
102138
102140
102142
102146
102148
102150
102152
102156
102158
102160
102162
102164
102166
102168
102170
102172
102174
102176
102178
102180
102184
102186
102188
102190
102192
102196
102198
102200
102206
102208
102210
102212
102216
102218
102220
102222
102224
102228
102230
102232
102236
102240
102242
102244
102246
102248
102250
102252
102256
102260
102262
102264
102266
102268
102270
102274
102276
102278
102280
102282
102284
102286
102292
102294
102296
102300
102304
102306
102308
102310
102312
102314
102316
102318
102320
102324
102326
102328
102330
102332
102334
102336
102340
102342
102344
102346
102348
102350
102352
102354
102358
102360
102362
102364
102366
102368
102372
102374
102376
102378
102380
102384
102386
102388
102390
102392
102394
102396
102398
102400
102402
102404
102408
102412
102414
102416
102418
102424
102432
102434
102436
102438
102440
102442
102444
102446
102448
102450
102452
102454
102458
102462
102464
102468
102476
102478
102480
102482
102484
102486
102488
102492
102496
102498
102502
102504
102506
102510
102512
102514
102516
102518
102520
102522
102526
102530
102532
102536
102540
102542
102550
102552
102554
102558
102560
102568
102570
102572
102574
102576
102580
102582
102584
102586
102588
102590
102592
102594
102600
102602
102604
102620
102622
102624
102628
102632
102636
102638
102640
102644
102648
102654
102656
102658
102660
102664
102666
102676
102686
102688
102694
102698
102706
102708
102710
102716
102718
102722
102726
102732
102738
102740
102746
102748
102752
102758
102760
102770
102778
102780
102782
102784
102790
102794
102820
102824
102830
102832
102842
102844
102860
102862
102864
102866
102904
102908
102914
102916
102934
102938
102980
102986
102988
103060
200000
200362
200546
200556
200590
200640
200674
200700
200724
200784
200804
200818
200824
200854
200856
200892
200912
200922
200926
200940
200952
200956
200962
200966
200968
200972
200976
200990
201000
201004
201016
201022
201050
201056
201062
201066
201068
201070
201076
201080
201088
201096
201100
201108
201110
201112
201114
201116
201124
201126
201128
201136
201146
201148
201154
201158
201160
201164
201166
201168
201178
201184
201186
201192
201194
201198
201200
201204
201208
201216
201220
201224
201228
201232
201234
201236
201244
201246
201252
201254
201256
201258
201260
201264
201268
201270
201272
201274
201278
201284
201288
201290
201292
201296
201298
201302
201304
201306
201310
201312
201316
201328
201332
201334
201336
201338
201340
201342
201344
201346
201348
201354
201362
201364
201366
201370
201372
201376
201378
201384
201388
201390
201392
201394
201396
201400
201402
201404
201406
201412
201420
201422
201428
201436
201438
201442
201444
201446
201448
201450
201452
201456
201460
201462
201470
201472
201480
201482
201484
201490
201492
201496
201498
201500
201504
201508
201510
201514
201516
201520
201522
201524
201528
201530
201534
201536
201540
201542
201546
201548
201552
201556
201558
201560
201562
201564
201568
201570
201572
201574
201580
201582
201584
201586
201588
201590
201592
201594
201596
201598
201602
201604
201606
201608
201612
201614
201616
201618
201620
201624
201628
201630
201632
201634
201638
201640
201646
201648
201650
201652
201654
201656
201658
201660
201664
201666
201668
201672
201674
201676
201678
201680
201682
201684
201686
201688
201690
201698
201700
201702
201704
201706
201708
201710
201714
201716
201718
201722
201724
201726
201728
201730
201732
201736
201738
201740
201744
201750
201752
201756
201760
201764
201766
201768
201770
201772
201774
201776
201780
201782
201784
201788
201790
201794
201796
201800
201804
201808
201810
201812
201814
201816
201818
201820
201822
201824
201826
201828
201832
201834
201836
201840
201844
201846
201852
201854
201858
201860
201862
201866
201868
201870
201872
201874
201876
201878
201880
201882
201884
201886
201888
201890
201892
201894
201896
201900
201902
201904
201906
201908
201912
201914
201916
201918
201920
201922
201924
201930
201932
201934
201936
201938
201940
201942
201944
201948
201950
201952
201954
201956
201958
201960
201962
201964
201966
201968
201970
201972
201974
201976
201978
201980
201984
201988
201990
201992
201994
201996
201998
202002
202006
202008
202012
202014
202016
202018
202020
202022
202024
202026
202028
202030
202032
202034
202036
202038
202040
202042
202044
202046
202048
202050
202052
202054
202056
202058
202060
202062
202064
202066
202068
202070
202072
202074
202076
202078
202080
202082
202084
202086
202088
202090
202094
202098
202100
202102
202106
202108
202110
202112
202114
202116
202118
202120
202122
202124
202126
202128
202130
202132
202134
202136
202138
202140
202142
202146
202148
202150
202152
202156
202158
202160
202162
202164
202166
202168
202170
202172
202174
202176
202178
202180
202184
202186
202188
202190
202192
202196
202198
202200
202206
202208
202210
202212
202216
202218
202220
202222
202224
202228
202230
202232
202236
202240
202242
202244
202246
202248
202250
202252
202256
202260
202262
202264
202266
202268
202270
202274
202276
202278
202280
202282
202284
202286
202292
202294
202296
202300
202304
202306
202308
202310
202312
202314
202316
202318
202320
202324
202326
202328
202330
202332
202334
202336
202340
202342
202344
202346
202348
202350
202352
202354
202358
202360
202362
202364
202366
202368
202372
202374
202376
202378
202380
202384
202386
202388
202390
202392
202394
202396
202398
202400
202402
202404
202408
202412
202414
202416
202418
202424
202432
202434
202436
202438
202440
202442
202444
202446
202448
202450
202452
202454
202458
202462
202464
202468
202476
202478
202480
202482
202484
202486
202488
202492
202496
202498
202502
202504
202506
202510
202512
202514
202516
202518
202520
202522
202526
202530
202532
202536
202540
202542
202550
202552
202554
202558
202560
202568
202570
202572
202574
202576
202580
202582
202584
202586
202588
202590
202592
202594
202600
202602
202604
202620
202622
202624
202628
202632
202636
202638
202640
202644
202648
202654
202656
202658
202660
202664
202666
202676
202686
202688
202694
202698
202706
202708
202710
202716
202718
202722
202726
202732
202738
202740
202746
202748
202752
202758
202760
202770
202778
202780
202782
202784
202790
202794
202820
202824
202830
202832
202842
202844
202860
202862
202864
202866
202904
202908
202914
202916
202934
202938
202980
202986
202988
203060
300000
300362
300546
300556
300590
300640
300674
300700
300724
300784
300804
300818
300824
300854
300856
300892
300912
300922
300926
300940
300952
300956
300962
300966
300968
300972
300976
300990
301000
301004
301016
301022
301050
301056
301062
301066
301068
301070
301076
301080
301088
301096
301100
301108
301110
301112
301114
301116
301124
301126
301128
301136
301146
301148
301154
301158
301160
301164
301166
301168
301178
301184
301186
301192
301194
301198
301200
301204
301208
301216
301220
301224
301228
301232
301234
301236
301244
301246
301252
301254
301256
301258
301260
301264
301268
301270
301272
301274
301278
301284
301288
301290
301292
301296
301298
301302
301304
301306
301310
301312
301316
301328
301332
301334
301336
301338
301340
301342
301344
301346
301348
301354
301362
301364
301366
301370
301372
301376
301378
301384
301388
301390
301392
301394
301396
301400
301402
301404
301406
301412
301420
301422
301428
301436
301438
301442
301444
301446
301448
301450
301452
301456
301460
301462
301470
301472
301480
301482
301484
301490
301492
301496
301498
301500
301504
301508
301510
301514
301516
301520
301522
301524
301528
301530
301534
301536
301540
301542
301546
301548
301552
301556
301558
301560
301562
301564
301568
301570
301572
301574
301580
301582
301584
301586
301588
301590
301592
301594
301596
301598
301602
301604
301606
301608
301612
301614
301616
301618
301620
301624
301628
301630
301632
301634
301638
301640
301646
301648
301650
301652
301654
301656
301658
301660
301664
301666
301668
301672
301674
301676
301678
301680
301682
301684
301686
301688
301690
301698
301700
301702
301704
301706
301708
301710
301714
301716
301718
301722
301724
301726
301728
301730
301732
301736
301738
301740
301744
301750
301752
301756
301760
301764
301766
301768
301770
301772
301774
301776
301780
301782
301784
301788
301790
301794
301796
301800
301804
301808
301810
301812
301814
301816
301818
301820
301822
301824
301826
301828
301832
301834
301836
301840
301844
301846
301852
301854
301858
301860
301862
301866
301868
301870
301872
301874
301876
301878
301880
301882
301884
301886
301888
301890
301892
301894
301896
301900
301902
301904
301906
301908
301912
301914
301916
301918
301920
301922
301924
301930
301932
301934
301936
301938
301940
301942
301944
301948
301950
301952
301954
301956
301958
301960
301962
301964
301966
301968
301970
301972
301974
301976
301978
301980
301984
301988
301990
301992
301994
301996
301998
302002
302006
302008
302012
302014
302016
302018
302020
302022
302024
302026
302028
302030
302032
302034
302036
302038
302040
302042
302044
302046
302048
302050
302052
302054
302056
302058
302060
302062
302064
302066
302068
302070
302072
302074
302076
302078
302080
302082
302084
302086
302088
302090
302094
302098
302100
302102
302106
302108
302110
302112
302114
302116
302118
302120
302122
302124
302126
302128
302130
302132
302134
302136
302138
302140
302142
302146
302148
302150
302152
302156
302158
302160
302162
302164
302166
302168
302170
302172
302174
302176
302178
302180
302184
302186
302188
302190
302192
302196
302198
302200
302206
302208
302210
302212
302216
302218
302220
302222
302224
302228
302230
302232
302236
302240
302242
302244
302246
302248
302250
302252
302256
302260
302262
302264
302266
302268
302270
302274
302276
302278
302280
302282
302284
302286
302292
302294
302296
302300
302304
302306
302308
302310
302312
302314
302316
302318
302320
302324
302326
302328
302330
302332
302334
302336
302340
302342
302344
302346
302348
302350
302352
302354
302358
302360
302362
302364
302366
302368
302372
302374
302376
302378
302380
302384
302386
302388
302390
302392
302394
302396
302398
302400
302402
302404
302408
302412
302414
302416
302418
302424
302432
302434
302436
302438
302440
302442
302444
302446
302448
302450
302452
302454
302458
302462
302464
302468
302476
302478
302480
302482
302484
302486
302488
302492
302496
302498
302502
302504
302506
302510
302512
302514
302516
302518
302520
302522
302526
302530
302532
302536
302540
302542
302550
302552
302554
302558
302560
302568
302570
302572
302574
302576
302580
302582
302584
302586
302588
302590
302592
302594
302600
302602
302604
302620
302622
302624
302628
302632
302636
302638
302640
302644
302648
302654
302656
302658
302660
302664
302666
302676
302686
302688
302694
302698
302706
302708
302710
302716
302718
302722
302726
302732
302738
302740
302746
302748
302752
302758
302760
302770
302778
302780
302782
302784
302790
302794
302820
302824
302830
302832
302842
302844
302860
302862
302864
302866
302904
302908
302914
302916
302934
302938
302980
302986
302988
303060
400000
400362
400546
400556
400590
400640
400674
400700
400724
400784
400804
400818
400824
400854
400856
400892
400912
400922
400926
400940
400952
400956
400962
400966
400968
400972
400976
400990
401000
401004
401016
401022
401050
401056
401062
401066
401068
401070
401076
401080
401088
401096
401100
401108
401110
401112
401114
401116
401124
401126
401128
401136
401146
401148
401154
401158
401160
401164
401166
401168
401178
401184
401186
401192
401194
401198
401200
401204
401208
401216
401220
401224
401228
401232
401234
401236
401244
401246
401252
401254
401256
401258
401260
401264
401268
401270
401272
401274
401278
401284
401288
401290
401292
401296
401298
401302
401304
401306
401310
401312
401316
401328
401332
401334
401336
401338
401340
401342
401344
401346
401348
401354
401362
401364
401366
401370
401372
401376
401378
401384
401388
401390
401392
401394
401396
401400
401402
401404
401406
401412
401420
401422
401428
401436
401438
401442
401444
401446
401448
401450
401452
401456
401460
401462
401470
401472
401480
401482
401484
401490
401492
401496
401498
401500
401504
401508
401510
401514
401516
401520
401522
401524
401528
401530
401534
401536
401540
401542
401546
401548
401552
401556
401558
401560
401562
401564
401568
401570
401572
401574
401580
401582
401584
401586
401588
401590
401592
401594
401596
401598
401602
401604
401606
401608
401612
401614
401616
401618
401620
401624
401628
401630
401632
401634
401638
401640
401646
401648
401650
401652
401654
401656
401658
401660
401664
401666
401668
401672
401674
401676
401678
401680
401682
401684
401686
401688
401690
401698
401700
401702
401704
401706
401708
401710
401714
401716
401718
401722
401724
401726
401728
401730
401732
401736
401738
401740
401744
401750
401752
401756
401760
401764
401766
401768
401770
401772
401774
401776
401780
401782
401784
401788
401790
401794
401796
401800
401804
401808
401810
401812
401814
401816
401818
401820
401822
401824
401826
401828
401832
401834
401836
401840
401844
401846
401852
401854
401858
401860
401862
401866
401868
401870
401872
401874
401876
401878
401880
401882
401884
401886
401888
401890
401892
401894
401896
401900
401902
401904
401906
401908
401912
401914
401916
401918
401920
401922
401924
401930
401932
401934
401936
401938
401940
401942
401944
401948
401950
401952
401954
401956
401958
401960
401962
401964
401966
401968
401970
401972
401974
401976
401978
401980
401984
401988
401990
401992
401994
401996
401998
402002
402006
402008
402012
402014
402016
402018
402020
402022
402024
402026
402028
402030
402032
402034
402036
402038
402040
402042
402044
402046
402048
402050
402052
402054
402056
402058
402060
402062
402064
402066
402068
402070
402072
402074
402076
402078
402080
402082
402084
402086
402088
402090
402094
402098
402100
402102
402106
402108
402110
402112
402114
402116
402118
402120
402122
402124
402126
402128
402130
402132
402134
402136
402138
402140
402142
402146
402148
402150
402152
402156
402158
402160
402162
402164
402166
402168
402170
402172
402174
402176
402178
402180
402184
402186
402188
402190
402192
402196
402198
402200
402206
402208
402210
402212
402216
402218
402220
402222
402224
402228
402230
402232
402236
402240
402242
402244
402246
402248
402250
402252
402256
402260
402262
402264
402266
402268
402270
402274
402276
402278
402280
402282
402284
402286
402292
402294
402296
402300
402304
402306
402308
402310
402312
402314
402316
402318
402320
402324
402326
402328
402330
402332
402334
402336
402340
402342
402344
402346
402348
402350
402352
402354
402358
402360
402362
402364
402366
402368
402372
402374
402376
402378
402380
402384
402386
402388
402390
402392
402394
402396
402398
402400
402402
402404
402408
402412
402414
402416
402418
402424
402432
402434
402436
402438
402440
402442
402444
402446
402448
402450
402452
402454
402458
402462
402464
402468
402476
402478
402480
402482
402484
402486
402488
402492
402496
402498
402502
402504
402506
402510
402512
402514
402516
402518
402520
402522
402526
402530
402532
402536
402540
402542
402550
402552
402554
402558
402560
402568
402570
402572
402574
402576
402580
402582
402584
402586
402588
402590
402592
402594
402600
402602
402604
402620
402622
402624
402628
402632
402636
402638
402640
402644
402648
402654
402656
402658
402660
402664
402666
402676
402686
402688
402694
402698
402706
402708
402710
402716
402718
402722
402726
402732
402738
402740
402746
402748
402752
402758
402760
402770
402778
402780
402782
402784
402790
402794
402820
402824
402830
402832
402842
402844
402860
402862
402864
402866
402904
402908
402914
402916
402934
402938
402980
402986
402988
403060
500000
500362
500546
500556
500590
500640
500674
500700
500724
500784
500804
500818
500824
500854
500856
500892
500912
500922
500926
500940
500952
500956
500962
500966
500968
500972
500976
500990
501000
501004
501016
501022
501050
501056
501062
501066
501068
501070
501076
501080
501088
501096
501100
501108
501110
501112
501114
501116
501124
501126
501128
501136
501146
501148
501154
501158
501160
501164
501166
501168
501178
501184
501186
501192
501194
501198
501200
501204
501208
501216
501220
501224
501228
501232
501234
501236
501244
501246
501252
501254
501256
501258
501260
501264
501268
501270
501272
501274
501278
501284
501288
501290
501292
501296
501298
501302
501304
501306
501310
501312
501316
501328
501332
501334
501336
501338
501340
501342
501344
501346
501348
501354
501362
501364
501366
501370
501372
501376
501378
501384
501388
501390
501392
501394
501396
501400
501402
501404
501406
501412
501420
501422
501428
501436
501438
501442
501444
501446
501448
501450
501452
501456
501460
501462
501470
501472
501480
501482
501484
501490
501492
501496
501498
501500
501504
501508
501510
501514
501516
501520
501522
501524
501528
501530
501534
501536
501540
501542
501546
501548
501552
501556
501558
501560
501562
501564
501568
501570
501572
501574
501580
501582
501584
501586
501588
501590
501592
501594
501596
501598
501602
501604
501606
501608
501612
501614
501616
501618
501620
501624
501628
501630
501632
501634
501638
501640
501646
501648
501650
501652
501654
501656
501658
501660
501664
501666
501668
501672
501674
501676
501678
501680
501682
501684
501686
501688
501690
501698
501700
501702
501704
501706
501708
501710
501714
501716
501718
501722
501724
501726
501728
501730
501732
501736
501738
501740
501744
501750
501752
501756
501760
501764
501766
501768
501770
501772
501774
501776
501780
501782
501784
501788
501790
501794
501796
501800
501804
501808
501810
501812
501814
501816
501818
501820
501822
501824
501826
501828
501832
501834
501836
501840
501844
501846
501852
501854
501858
501860
501862
501866
501868
501870
501872
501874
501876
501878
501880
501882
501884
501886
501888
501890
501892
501894
501896
501900
501902
501904
501906
501908
501912
501914
501916
501918
501920
501922
501924
501930
501932
501934
501936
501938
501940
501942
501944
501948
501950
501952
501954
501956
501958
501960
501962
501964
501966
501968
501970
501972
501974
501976
501978
501980
501984
501988
501990
501992
501994
501996
501998
502002
502006
502008
502012
502014
502016
502018
502020
502022
502024
502026
502028
502030
502032
502034
502036
502038
502040
502042
502044
502046
502048
502050
502052
502054
502056
502058
502060
502062
502064
502066
502068
502070
502072
502074
502076
502078
502080
502082
502084
502086
502088
502090
502094
502098
502100
502102
502106
502108
502110
502112
502114
502116
502118
502120
502122
502124
502126
502128
502130
502132
502134
502136
502138
502140
502142
502146
502148
502150
502152
502156
502158
502160
502162
502164
502166
502168
502170
502172
502174
502176
502178
502180
502184
502186
502188
502190
502192
502196
502198
502200
502206
502208
502210
502212
502216
502218
502220
502222
502224
502228
502230
502232
502236
502240
502242
502244
502246
502248
502250
502252
502256
502260
502262
502264
502266
502268
502270
502274
502276
502278
502280
502282
502284
502286
502292
502294
502296
502300
502304
502306
502308
502310
502312
502314
502316
502318
502320
502324
502326
502328
502330
502332
502334
502336
502340
502342
502344
502346
502348
502350
502352
502354
502358
502360
502362
502364
502366
502368
502372
502374
502376
502378
502380
502384
502386
502388
502390
502392
502394
502396
502398
502400
502402
502404
502408
502412
502414
502416
502418
502424
502432
502434
502436
502438
502440
502442
502444
502446
502448
502450
502452
502454
502458
502462
502464
502468
502476
502478
502480
502482
502484
502486
502488
502492
502496
502498
502502
502504
502506
502510
502512
502514
502516
502518
502520
502522
502526
502530
502532
502536
502540
502542
502550
502552
502554
502558
502560
502568
502570
502572
502574
502576
502580
502582
502584
502586
502588
502590
502592
502594
502600
502602
502604
502620
502622
502624
502628
502632
502636
502638
502640
502644
502648
502654
502656
502658
502660
502664
502666
502676
502686
502688
502694
502698
502706
502708
502710
502716
502718
502722
502726
502732
502738
502740
502746
502748
502752
502758
502760
502770
502778
502780
502782
502784
502790
502794
502820
502824
502830
502832
502842
502844
502860
502862
502864
502866
502904
502908
502914
502916
502934
502938
502980
502986
502988
503060
600000
600362
600546
600556
600590
600640
600674
600700
600724
600784
600804
600818
600824
600854
600856
600892
600912
600922
600926
600940
600952
600956
600962
600966
600968
600972
600976
600990
601000
601004
601016
601022
601050
601056
601062
601066
601068
601070
601076
601080
601088
601096
601100
601108
601110
601112
601114
601116
601124
601126
601128
601136
601146
601148
601154
601158
601160
601164
601166
601168
601178
601184
601186
601192
601194
601198
601200
601204
601208
601216
601220
601224
601228
601232
601234
601236
601244
601246
601252
601254
601256
601258
601260
601264
601268
601270
601272
601274
601278
601284
601288
601290
601292
601296
601298
601302
601304
601306
601310
601312
601316
601328
601332
601334
601336
601338
601340
601342
601344
601346
601348
601354
601362
601364
601366
601370
601372
601376
601378
601384
601388
601390
601392
601394
601396
601400
601402
601404
601406
601412
601420
601422
601428
601436
601438
601442
601444
601446
601448
601450
601452
601456
601460
601462
601470
601472
601480
601482
601484
601490
601492
601496
601498
601500
601504
601508
601510
601514
601516
601520
601522
601524
601528
601530
601534
601536
601540
601542
601546
601548
601552
601556
601558
601560
601562
601564
601568
601570
601572
601574
601580
601582
601584
601586
601588
601590
601592
601594
601596
601598
601602
601604
601606
601608
601612
601614
601616
601618
601620
601624
601628
601630
601632
601634
601638
601640
601646
601648
601650
601652
601654
601656
601658
601660
601664
601666
601668
601672
601674
601676
601678
601680
601682
601684
601686
601688
601690
601698
601700
601702
601704
601706
601708
601710
601714
601716
601718
601722
601724
601726
601728
601730
601732
601736
601738
601740
601744
601750
601752
601756
601760
601764
601766
601768
601770
601772
601774
601776
601780
601782
601784
601788
601790
601794
601796
601800
601804
601808
601810
601812
601814
601816
601818
601820
601822
601824
601826
601828
601832
601834
601836
601840
601844
601846
601852
601854
601858
601860
601862
601866
601868
601870
601872
601874
601876
601878
601880
601882
601884
601886
601888
601890
601892
601894
601896
601900
601902
601904
601906
601908
601912
601914
601916
601918
601920
601922
601924
601930
601932
601934
601936
601938
601940
601942
601944
601948
601950
601952
601954
601956
601958
601960
601962
601964
601966
601968
601970
601972
601974
601976
601978
601980
601984
601988
601990
601992
601994
601996
601998
602002
602006
602008
602012
602014
602016
602018
602020
602022
602024
602026
602028
602030
602032
602034
602036
602038
602040
602042
602044
602046
602048
602050
602052
602054
602056
602058
602060
602062
602064
602066
602068
602070
602072
602074
602076
602078
602080
602082
602084
602086
602088
602090
602094
602098
602100
602102
602106
602108
602110
602112
602114
602116
602118
602120
602122
602124
602126
602128
602130
602132
602134
602136
602138
602140
602142
602146
602148
602150
602152
602156
602158
602160
602162
602164
602166
602168
602170
602172
602174
602176
602178
602180
602184
602186
602188
602190
602192
602196
602198
602200
602206
602208
602210
602212
602216
602218
602220
602222
602224
602228
602230
602232
602236
602240
602242
602244
602246
602248
602250
602252
602256
602260
602262
602264
602266
602268
602270
602274
602276
602278
602280
602282
602284
602286
602292
602294
602296
602300
602304
602306
602308
602310
602312
602314
602316
602318
602320
602324
602326
602328
602330
602332
602334
602336
602340
602342
602344
602346
602348
602350
602352
602354
602358
602360
602362
602364
602366
602368
602372
602374
602376
602378
602380
602384
602386
602388
602390
602392
602394
602396
602398
602400
602402
602404
602408
602412
602414
602416
602418
602424
602432
602434
602436
602438
602440
602442
602444
602446
602448
602450
602452
602454
602458
602462
602464
602468
602476
602478
602480
602482
602484
602486
602488
602492
602496
602498
602502
602504
602506
602510
602512
602514
602516
602518
602520
602522
602526
602530
602532
602536
602540
602542
602550
602552
602554
602558
602560
602568
602570
602572
602574
602576
602580
602582
602584
602586
602588
602590
602592
602594
602600
602602
602604
602620
602622
602624
602628
602632
602636
602638
602640
602644
602648
602654
602656
602658
602660
602664
602666
602676
602686
602688
602694
602698
602706
602708
602710
602716
602718
602722
602726
602732
602738
602740
602746
602748
602752
602758
602760
602770
602778
602780
602782
602784
602790
602794
602820
602824
602830
602832
602842
602844
602860
602862
602864
602866
602904
602908
602914
602916
602934
602938
602980
602986
602988
603060
700000
700362
700546
700556
700590
700640
700674
700700
700724
700784
700804
700818
700824
700854
700856
700892
700912
700922
700926
700940
700952
700956
700962
700966
700968
700972
700976
700990
701000
701004
701016
701022
701050
701056
701062
701066
701068
701070
701076
701080
701088
701096
701100
701108
701110
701112
701114
701116
701124
701126
701128
701136
701146
701148
701154
701158
701160
701164
701166
701168
701178
701184
701186
701192
701194
701198
701200
701204
701208
701216
701220
701224
701228
701232
701234
701236
701244
701246
701252
701254
701256
701258
701260
701264
701268
701270
701272
701274
701278
701284
701288
701290
701292
701296
701298
701302
701304
701306
701310
701312
701316
701328
701332
701334
701336
701338
701340
701342
701344
701346
701348
701354
701362
701364
701366
701370
701372
701376
701378
701384
701388
701390
701392
701394
701396
701400
701402
701404
701406
701412
701420
701422
701428
701436
701438
701442
701444
701446
701448
701450
701452
701456
701460
701462
701470
701472
701480
701482
701484
701490
701492
701496
701498
701500
701504
701508
701510
701514
701516
701520
701522
701524
701528
701530
701534
701536
701540
701542
701546
701548
701552
701556
701558
701560
701562
701564
701568
701570
701572
701574
701580
701582
701584
701586
701588
701590
701592
701594
701596
701598
701602
701604
701606
701608
701612
701614
701616
701618
701620
701624
701628
701630
701632
701634
701638
701640
701646
701648
701650
701652
701654
701656
701658
701660
701664
701666
701668
701672
701674
701676
701678
701680
701682
701684
701686
701688
701690
701698
701700
701702
701704
701706
701708
701710
701714
701716
701718
701722
701724
701726
701728
701730
701732
701736
701738
701740
701744
701750
701752
701756
701760
701764
701766
701768
701770
701772
701774
701776
701780
701782
701784
701788
701790
701794
701796
701800
701804
701808
701810
701812
701814
701816
701818
701820
701822
701824
701826
701828
701832
701834
701836
701840
701844
701846
701852
701854
701858
701860
701862
701866
701868
701870
701872
701874
701876
701878
701880
701882
701884
701886
701888
701890
701892
701894
701896
701900
701902
701904
701906
701908
701912
701914
701916
701918
701920
701922
701924
701930
701932
701934
701936
701938
701940
701942
701944
701948
701950
701952
701954
701956
701958
701960
701962
701964
701966
701968
701970
701972
701974
701976
701978
701980
701984
701988
701990
701992
701994
701996
701998
702002
702006
702008
702012
702014
702016
702018
702020
702022
702024
702026
702028
702030
702032
702034
702036
702038
702040
702042
702044
702046
702048
702050
702052
702054
702056
702058
702060
702062
702064
702066
702068
702070
702072
702074
702076
702078
702080
702082
702084
702086
702088
702090
702094
702098
702100
702102
702106
702108
702110
702112
702114
702116
702118
702120
702122
702124
702126
702128
702130
702132
702134
702136
702138
702140
702142
702146
702148
702150
702152
702156
702158
702160
702162
702164
702166
702168
702170
702172
702174
702176
702178
702180
702184
702186
702188
702190
702192
702196
702198
702200
702206
702208
702210
702212
702216
702218
702220
702222
702224
702228
702230
702232
702236
702240
702242
702244
702246
702248
702250
702252
702256
702260
702262
702264
702266
702268
702270
702274
702276
702278
702280
702282
702284
702286
702292
702294
702296
702300
702304
702306
702308
702310
702312
702314
702316
702318
702320
702324
702326
702328
702330
702332
702334
702336
702340
702342
702344
702346
702348
702350
702352
702354
702358
702360
702362
702364
702366
702368
702372
702374
702376
702378
702380
702384
702386
702388
702390
702392
702394
702396
702398
702400
702402
702404
702408
702412
702414
702416
702418
702424
702432
702434
702436
702438
702440
702442
702444
702446
702448
702450
702452
702454
702458
702462
702464
702468
702476
702478
702480
702482
702484
702486
702488
702492
702496
702498
702502
702504
702506
702510
702512
702514
702516
702518
702520
702522
702526
702530
702532
702536
702540
702542
702550
702552
702554
702558
702560
702568
702570
702572
702574
702576
702580
702582
702584
702586
702588
702590
702592
702594
702600
702602
702604
702620
702622
702624
702628
702632
702636
702638
702640
702644
702648
702654
702656
702658
702660
702664
702666
702676
702686
702688
702694
702698
702706
702708
702710
702716
702718
702722
702726
702732
702738
702740
702746
702748
702752
702758
702760
702770
702778
702780
702782
702784
702790
702794
702820
702824
702830
702832
702842
702844
702860
702862
702864
702866
702904
702908
702914
702916
702934
702938
702980
702986
702988
703060
800000
800362
800546
800556
800590
800640
800674
800700
800724
800784
800804
800818
800824
800854
800856
800892
800912
800922
800926
800940
800952
800956
800962
800966
800968
800972
800976
800990
801000
801004
801016
801022
801050
801056
801062
801066
801068
801070
801076
801080
801088
801096
801100
801108
801110
801112
801114
801116
801124
801126
801128
801136
801146
801148
801154
801158
801160
801164
801166
801168
801178
801184
801186
801192
801194
801198
801200
801204
801208
801216
801220
801224
801228
801232
801234
801236
801244
801246
801252
801254
801256
801258
801260
801264
801268
801270
801272
801274
801278
801284
801288
801290
801292
801296
801298
801302
801304
801306
801310
801312
801316
801328
801332
801334
801336
801338
801340
801342
801344
801346
801348
801354
801362
801364
801366
801370
801372
801376
801378
801384
801388
801390
801392
801394
801396
801400
801402
801404
801406
801412
801420
801422
801428
801436
801438
801442
801444
801446
801448
801450
801452
801456
801460
801462
801470
801472
801480
801482
801484
801490
801492
801496
801498
801500
801504
801508
801510
801514
801516
801520
801522
801524
801528
801530
801534
801536
801540
801542
801546
801548
801552
801556
801558
801560
801562
801564
801568
801570
801572
801574
801580
801582
801584
801586
801588
801590
801592
801594
801596
801598
801602
801604
801606
801608
801612
801614
801616
801618
801620
801624
801628
801630
801632
801634
801638
801640
801646
801648
801650
801652
801654
801656
801658
801660
801664
801666
801668
801672
801674
801676
801678
801680
801682
801684
801686
801688
801690
801698
801700
801702
801704
801706
801708
801710
801714
801716
801718
801722
801724
801726
801728
801730
801732
801736
801738
801740
801744
801750
801752
801756
801760
801764
801766
801768
801770
801772
801774
801776
801780
801782
801784
801788
801790
801794
801796
801800
801804
801808
801810
801812
801814
801816
801818
801820
801822
801824
801826
801828
801832
801834
801836
801840
801844
801846
801852
801854
801858
801860
801862
801866
801868
801870
801872
801874
801876
801878
801880
801882
801884
801886
801888
801890
801892
801894
801896
801900
801902
801904
801906
801908
801912
801914
801916
801918
801920
801922
801924
801930
801932
801934
801936
801938
801940
801942
801944
801948
801950
801952
801954
801956
801958
801960
801962
801964
801966
801968
801970
801972
801974
801976
801978
801980
801984
801988
801990
801992
801994
801996
801998
802002
802006
802008
802012
802014
802016
802018
802020
802022
802024
802026
802028
802030
802032
802034
802036
802038
802040
802042
802044
802046
802048
802050
802052
802054
802056
802058
802060
802062
802064
802066
802068
802070
802072
802074
802076
802078
802080
802082
802084
802086
802088
802090
802094
802098
802100
802102
802106
802108
802110
802112
802114
802116
802118
802120
802122
802124
802126
802128
802130
802132
802134
802136
802138
802140
802142
802146
802148
802150
802152
802156
802158
802160
802162
802164
802166
802168
802170
802172
802174
802176
802178
802180
802184
802186
802188
802190
802192
802196
802198
802200
802206
802208
802210
802212
802216
802218
802220
802222
802224
802228
802230
802232
802236
802240
802242
802244
802246
802248
802250
802252
802256
802260
802262
802264
802266
802268
802270
802274
802276
802278
802280
802282
802284
802286
802292
802294
802296
802300
802304
802306
802308
802310
802312
802314
802316
802318
802320
802324
802326
802328
802330
802332
802334
802336
802340
802342
802344
802346
802348
802350
802352
802354
802358
802360
802362
802364
802366
802368
802372
802374
802376
802378
802380
802384
802386
802388
802390
802392
802394
802396
802398
802400
802402
802404
802408
802412
802414
802416
802418
802424
802432
802434
802436
802438
802440
802442
802444
802446
802448
802450
802452
802454
802458
802462
802464
802468
802476
802478
802480
802482
802484
802486
802488
802492
802496
802498
802502
802504
802506
802510
802512
802514
802516
802518
802520
802522
802526
802530
802532
802536
802540
802542
802550
802552
802554
802558
802560
802568
802570
802572
802574
802576
802580
802582
802584
802586
802588
802590
802592
802594
802600
802602
802604
802620
802622
802624
802628
802632
802636
802638
802640
802644
802648
802654
802656
802658
802660
802664
802666
802676
802686
802688
802694
802698
802706
802708
802710
802716
802718
802722
802726
802732
802738
802740
802746
802748
802752
802758
802760
802770
802778
802780
802782
802784
802790
802794
802820
802824
802830
802832
802842
802844
802860
802862
802864
802866
802904
802908
802914
802916
802934
802938
802980
802986
802988
803060
900000
900362
900546
900556
900590
900640
900674
900700
900724
900784
900804
900818
900824
900854
900856
900892
900912
900922
900926
900940
900952
900956
900962
900966
900968
900972
900976
900990
901000
901004
901016
901022
901050
901056
901062
901066
901068
901070
901076
901080
901088
901096
901100
901108
901110
901112
901114
901116
901124
901126
901128
901136
901146
901148
901154
901158
901160
901164
901166
901168
901178
901184
901186
901192
901194
901198
901200
901204
901208
901216
901220
901224
901228
901232
901234
901236
901244
901246
901252
901254
901256
901258
901260
901264
901268
901270
901272
901274
901278
901284
901288
901290
901292
901296
901298
901302
901304
901306
901310
901312
901316
901328
901332
901334
901336
901338
901340
901342
901344
901346
901348
901354
901362
901364
901366
901370
901372
901376
901378
901384
901388
901390
901392
901394
901396
901400
901402
901404
901406
901412
901420
901422
901428
901436
901438
901442
901444
901446
901448
901450
901452
901456
901460
901462
901470
901472
901480
901482
901484
901490
901492
901496
901498
901500
901504
901508
901510
901514
901516
901520
901522
901524
901528
901530
901534
901536
901540
901542
901546
901548
901552
901556
901558
901560
901562
901564
901568
901570
901572
901574
901580
901582
901584
901586
901588
901590
901592
901594
901596
901598
901602
901604
901606
901608
901612
901614
901616
901618
901620
901624
901628
901630
901632
901634
901638
901640
901646
901648
901650
901652
901654
901656
901658
901660
901664
901666
901668
901672
901674
901676
901678
901680
901682
901684
901686
901688
901690
901698
901700
901702
901704
901706
901708
901710
901714
901716
901718
901722
901724
901726
901728
901730
901732
901736
901738
901740
901744
901750
901752
901756
901760
901764
901766
901768
901770
901772
901774
901776
901780
901782
901784
901788
901790
901794
901796
901800
901804
901808
901810
901812
901814
901816
901818
901820
901822
901824
901826
901828
901832
901834
901836
901840
901844
901846
901852
901854
901858
901860
901862
901866
901868
901870
901872
901874
901876
901878
901880
901882
901884
901886
901888
901890
901892
901894
901896
901900
901902
901904
901906
901908
901912
901914
901916
901918
901920
901922
901924
901930
901932
901934
901936
901938
901940
901942
901944
901948
901950
901952
901954
901956
901958
901960
901962
901964
901966
901968
901970
901972
901974
901976
901978
901980
901984
901988
901990
901992
901994
901996
901998
902002
902006
902008
902012
902014
902016
902018
902020
902022
902024
902026
902028
902030
902032
902034
902036
902038
902040
902042
902044
902046
902048
902050
902052
902054
902056
902058
902060
902062
902064
902066
902068
902070
902072
902074
902076
902078
902080
902082
902084
902086
902088
902090
902094
902098
902100
902102
902106
902108
902110
902112
902114
902116
902118
902120
902122
902124
902126
902128
902130
902132
902134
902136
902138
902140
902142
902146
902148
902150
902152
902156
902158
902160
902162
902164
902166
902168
902170
902172
902174
902176
902178
902180
902184
902186
902188
902190
902192
902196
902198
902200
902206
902208
902210
902212
902216
902218
902220
902222
902224
902228
902230
902232
902236
902240
902242
902244
902246
902248
902250
902252
902256
902260
902262
902264
902266
902268
902270
902274
902276
902278
902280
902282
902284
902286
902292
902294
902296
902300
902304
902306
902308
902310
902312
902314
902316
902318
902320
902324
902326
902328
902330
902332
902334
902336
902340
902342
902344
902346
902348
902350
902352
902354
902358
902360
902362
902364
902366
902368
902372
902374
902376
902378
902380
902384
902386
902388
902390
902392
902394
902396
902398
902400
902402
902404
902408
902412
902414
902416
902418
902424
902432
902434
902436
902438
902440
902442
902444
902446
902448
902450
902452
902454
902458
902462
902464
902468
902476
902478
902480
902482
902484
902486
902488
902492
902496
902498
902502
902504
902506
902510
902512
902514
902516
902518
902520
902522
902526
902530
902532
902536
902540
902542
902550
902552
902554
902558
902560
902568
902570
902572
902574
902576
902580
902582
902584
902586
902588
902590
902592
902594
902600
902602
902604
902620
902622
902624
902628
902632
902636
902638
902640
902644
902648
902654
902656
902658
902660
902664
902666
902676
902686
902688
902694
902698
902706
902708
902710
902716
902718
902722
902726
902732
902738
902740
902746
902748
902752
902758
902760
902770
902778
902780
902782
902784
902790
902794
902820
902824
902830
902832
902842
902844
902860
902862
902864
902866
902904
902908
902914
902916
902934
902938
902980
902986
902988
903060
1000000
1000362
1000546
1000556
1000590
1000640
1000674
1000700
1000724
1000784
1000804
1000818
1000824
1000854
1000856
1000892
1000912
1000922
1000926
1000940
1000952
1000956
1000962
1000966
1000968
1000972
1000976
1000990
1001000
1001004
1001016
1001022
1001050
1001056
1001062
1001066
1001068
1001070
1001076
1001080
1001088
1001096
1001100
1001108
1001110
1001112
1001114
1001116
1001124
1001126
1001128
1001136
1001146
1001148
1001154
1001158
1001160
1001164
1001166
1001168
1001178
1001184
1001186
1001192
1001194
1001198
1001200
1001204
1001208
1001216
1001220
1001224
1001228
1001232
1001234
1001236
1001244
1001246
1001252
1001254
1001256
1001258
1001260
1001264
1001268
1001270
1001272
1001274
1001278
1001284
1001288
1001290
1001292
1001296
1001298
1001302
1001304
1001306
1001310
1001312
1001316
1001328
1001332
1001334
1001336
1001338
1001340
1001342
1001344
1001346
1001348
1001354
1001362
1001364
1001366
1001370
1001372
1001376
1001378
1001384
1001388
1001390
1001392
1001394
1001396
1001400
1001402
1001404
1001406
1001412
1001420
1001422
1001428
1001436
1001438
1001442
1001444
1001446
1001448
1001450
1001452
1001456
1001460
1001462
1001470
1001472
1001480
1001482
1001484
1001490
1001492
1001496
1001498
1001500
1001504
1001508
1001510
1001514
1001516
1001520
1001522
1001524
1001528
1001530
1001534
1001536
1001540
1001542
1001546
1001548
1001552
1001556
1001558
1001560
1001562
1001564
1001568
1001570
1001572
1001574
1001580
1001582
1001584
1001586
1001588
1001590
1001592
1001594
1001596
1001598
1001602
1001604
1001606
1001608
1001612
1001614
1001616
1001618
1001620
1001624
1001628
1001630
1001632
1001634
1001638
1001640
1001646
1001648
1001650
1001652
1001654
1001656
1001658
1001660
1001664
1001666
1001668
1001672
1001674
1001676
1001678
1001680
1001682
1001684
1001686
1001688
1001690
1001698
1001700
1001702
1001704
1001706
1001708
1001710
1001714
1001716
1001718
1001722
1001724
1001726
1001728
1001730
1001732
1001736
1001738
1001740
1001744
1001750
1001752
1001756
1001760
1001764
1001766
1001768
1001770
1001772
1001774
1001776
1001780
1001782
1001784
1001788
1001790
1001794
1001796
1001800
1001804
1001808
1001810
1001812
1001814
1001816
1001818
1001820
1001822
1001824
1001826
1001828
1001832
1001834
1001836
1001840
1001844
1001846
1001852
1001854
1001858
1001860
1001862
1001866
1001868
1001870
1001872
1001874
1001876
1001878
1001880
1001882
1001884
1001886
1001888
1001890
1001892
1001894
1001896
1001900
1001902
1001904
1001906
1001908
1001912
1001914
1001916
1001918
1001920
1001922
1001924
1001930
1001932
1001934
1001936
1001938
1001940
1001942
1001944
1001948
1001950
1001952
1001954
1001956
1001958
1001960
1001962
1001964
1001966
1001968
1001970
1001972
1001974
1001976
1001978
1001980
1001984
1001988
1001990
1001992
1001994
1001996
1001998
1002002
1002006
1002008
1002012
1002014
1002016
1002018
1002020
1002022
1002024
1002026
1002028
1002030
1002032
1002034
1002036
1002038
1002040
1002042
1002044
1002046
1002048
1002050
1002052
1002054
1002056
1002058
1002060
1002062
1002064
1002066
1002068
1002070
1002072
1002074
1002076
1002078
1002080
1002082
1002084
1002086
1002088
1002090
1002094
1002098
1002100
1002102
1002106
1002108
1002110
1002112
1002114
1002116
1002118
1002120
1002122
1002124
1002126
1002128
1002130
1002132
1002134
1002136
1002138
1002140
1002142
1002146
1002148
1002150
1002152
1002156
1002158
1002160
1002162
1002164
1002166
1002168
1002170
1002172
1002174
1002176
1002178
1002180
1002184
1002186
1002188
1002190
1002192
1002196
1002198
1002200
1002206
1002208
1002210
1002212
1002216
1002218
1002220
1002222
1002224
1002228
1002230
1002232
1002236
1002240
1002242
1002244
1002246
1002248
1002250
1002252
1002256
1002260
1002262
1002264
1002266
1002268
1002270
1002274
1002276
1002278
1002280
1002282
1002284
1002286
1002292
1002294
1002296
1002300
1002304
1002306
1002308
1002310
1002312
1002314
1002316
1002318
1002320
1002324
1002326
1002328
1002330
1002332
1002334
1002336
1002340
1002342
1002344
1002346
1002348
1002350
1002352
1002354
1002358
1002360
1002362
1002364
1002366
1002368
1002372
1002374
1002376
1002378
1002380
1002384
1002386
1002388
1002390
1002392
1002394
1002396
1002398
1002400
1002402
1002404
1002408
1002412
1002414
1002416
1002418
1002424
1002432
1002434
1002436
1002438
1002440
1002442
1002444
1002446
1002448
1002450
1002452
1002454
1002458
1002462
1002464
1002468
1002476
1002478
1002480
1002482
1002484
1002486
1002488
1002492
1002496
1002498
1002502
1002504
1002506
1002510
1002512
1002514
1002516
1002518
1002520
1002522
1002526
1002530
1002532
1002536
1002540
1002542
1002550
1002552
1002554
1002558
1002560
1002568
1002570
1002572
1002574
1002576
1002580
1002582
1002584
1002586
1002588
1002590
1002592
1002594
1002600
1002602
1002604
1002620
1002622
1002624
1002628
1002632
1002636
1002638
1002640
1002644
1002648
1002654
1002656
1002658
1002660
1002664
1002666
1002676
1002686
1002688
1002694
1002698
1002706
1002708
1002710
1002716
1002718
1002722
1002726
1002732
1002738
1002740
1002746
1002748
1002752
1002758
1002760
1002770
1002778
1002780
1002782
1002784
1002790
1002794
1002820
1002824
1002830
1002832
1002842
1002844
1002860
1002862
1002864
1002866
1002904
1002908
1002914
1002916
1002934
1002938
1002980
1002986
1002988
1003060
1100000
1100362
1100546
1100556
1100590
1100640
1100674
1100700
1100724
1100784
1100804
1100818
1100824
1100854
1100856
1100892
1100912
1100922
1100926
1100940
1100952
1100956
1100962
1100966
1100968
1100972
1100976
1100990
1101000
1101004
1101016
1101022
1101050
1101056
1101062
1101066
1101068
1101070
1101076
1101080
1101088
1101096
1101100
1101108
1101110
1101112
1101114
1101116
1101124
1101126
1101128
1101136
1101146
1101148
1101154
1101158
1101160
1101164
1101166
1101168
1101178
1101184
1101186
1101192
1101194
1101198
1101200
1101204
1101208
1101216
1101220
1101224
1101228
1101232
1101234
1101236
1101244
1101246
1101252
1101254
1101256
1101258
1101260
1101264
1101268
1101270
1101272
1101274
1101278
1101284
1101288
1101290
1101292
1101296
1101298
1101302
1101304
1101306
1101310
1101312
1101316
1101328
1101332
1101334
1101336
1101338
1101340
1101342
1101344
1101346
1101348
1101354
1101362
1101364
1101366
1101370
1101372
1101376
1101378
1101384
1101388
1101390
1101392
1101394
1101396
1101400
1101402
1101404
1101406
1101412
1101420
1101422
1101428
1101436
1101438
1101442
1101444
1101446
1101448
1101450
1101452
1101456
1101460
1101462
1101470
1101472
1101480
1101482
1101484
1101490
1101492
1101496
1101498
1101500
1101504
1101508
1101510
1101514
1101516
1101520
1101522
1101524
1101528
1101530
1101534
1101536
1101540
1101542
1101546
1101548
1101552
1101556
1101558
1101560
1101562
1101564
1101568
1101570
1101572
1101574
1101580
1101582
1101584
1101586
1101588
1101590
1101592
1101594
1101596
1101598
1101602
1101604
1101606
1101608
1101612
1101614
1101616
1101618
1101620
1101624
1101628
1101630
1101632
1101634
1101638
1101640
1101646
1101648
1101650
1101652
1101654
1101656
1101658
1101660
1101664
1101666
1101668
1101672
1101674
1101676
1101678
1101680
1101682
1101684
1101686
1101688
1101690
1101698
1101700
1101702
1101704
1101706
1101708
1101710
1101714
1101716
1101718
1101722
1101724
1101726
1101728
1101730
1101732
1101736
1101738
1101740
1101744
1101750
1101752
1101756
1101760
1101764
1101766
1101768
1101770
1101772
1101774
1101776
1101780
1101782
1101784
1101788
1101790
1101794
1101796
1101800
1101804
1101808
1101810
1101812
1101814
1101816
1101818
1101820
1101822
1101824
1101826
1101828
1101832
1101834
1101836
1101840
1101844
1101846
1101852
1101854
1101858
1101860
1101862
1101866
1101868
1101870
1101872
1101874
1101876
1101878
1101880
1101882
1101884
1101886
1101888
1101890
1101892
1101894
1101896
1101900
1101902
1101904
1101906
1101908
1101912
1101914
1101916
1101918
1101920
1101922
1101924
1101930
1101932
1101934
1101936
1101938
1101940
1101942
1101944
1101948
1101950
1101952
1101954
1101956
1101958
1101960
1101962
1101964
1101966
1101968
1101970
1101972
1101974
1101976
1101978
1101980
1101984
1101988
1101990
1101992
1101994
1101996
1101998
1102002
1102006
1102008
1102012
1102014
1102016
1102018
1102020
1102022
1102024
1102026
1102028
1102030
1102032
1102034
1102036
1102038
1102040
1102042
1102044
1102046
1102048
1102050
1102052
1102054
1102056
1102058
1102060
1102062
1102064
1102066
1102068
1102070
1102072
1102074
1102076
1102078
1102080
1102082
1102084
1102086
1102088
1102090
1102094
1102098
1102100
1102102
1102106
1102108
1102110
1102112
1102114
1102116
1102118
1102120
1102122
1102124
1102126
1102128
1102130
1102132
1102134
1102136
1102138
1102140
1102142
1102146
1102148
1102150
1102152
1102156
1102158
1102160
1102162
1102164
1102166
1102168
1102170
1102172
1102174
1102176
1102178
1102180
1102184
1102186
1102188
1102190
1102192
1102196
1102198
1102200
1102206
1102208
1102210
1102212
1102216
1102218
1102220
1102222
1102224
1102228
1102230
1102232
1102236
1102240
1102242
1102244
1102246
1102248
1102250
1102252
1102256
1102260
1102262
1102264
1102266
1102268
1102270
1102274
1102276
1102278
1102280
1102282
1102284
1102286
1102292
1102294
1102296
1102300
1102304
1102306
1102308
1102310
1102312
1102314
1102316
1102318
1102320
1102324
1102326
1102328
1102330
1102332
1102334
1102336
1102340
1102342
1102344
1102346
1102348
1102350
1102352
1102354
1102358
1102360
1102362
1102364
1102366
1102368
1102372
1102374
1102376
1102378
1102380
1102384
1102386
1102388
1102390
1102392
1102394
1102396
1102398
1102400
1102402
1102404
1102408
1102412
1102414
1102416
1102418
1102424
1102432
1102434
1102436
1102438
1102440
1102442
1102444
1102446
1102448
1102450
1102452
1102454
1102458
1102462
1102464
1102468
1102476
1102478
1102480
1102482
1102484
1102486
1102488
1102492
1102496
1102498
1102502
1102504
1102506
1102510
1102512
1102514
1102516
1102518
1102520
1102522
1102526
1102530
1102532
1102536
1102540
1102542
1102550
1102552
1102554
1102558
1102560
1102568
1102570
1102572
1102574
1102576
1102580
1102582
1102584
1102586
1102588
1102590
1102592
1102594
1102600
1102602
1102604
1102620
1102622
1102624
1102628
1102632
1102636
1102638
1102640
1102644
1102648
1102654
1102656
1102658
1102660
1102664
1102666
1102676
1102686
1102688
1102694
1102698
1102706
1102708
1102710
1102716
1102718
1102722
1102726
1102732
1102738
1102740
1102746
1102748
1102752
1102758
1102760
1102770
1102778
1102780
1102782
1102784
1102790
1102794
1102820
1102824
1102830
1102832
1102842
1102844
1102860
1102862
1102864
1102866
1102904
1102908
1102914
1102916
1102934
1102938
1102980
1102986
1102988
1103060
1200000
1200362
1200546
1200556
1200590
1200640
1200674
1200700
1200724
1200784
1200804
1200818
1200824
1200854
1200856
1200892
1200912
1200922
1200926
1200940
1200952
1200956
1200962
1200966
1200968
1200972
1200976
1200990
1201000
1201004
1201016
1201022
1201050
1201056
1201062
1201066
1201068
1201070
1201076
1201080
1201088
1201096
1201100
1201108
1201110
1201112
1201114
1201116
1201124
1201126
1201128
1201136
1201146
1201148
1201154
1201158
1201160
1201164
1201166
1201168
1201178
1201184
1201186
1201192
1201194
1201198
1201200
1201204
1201208
1201216
1201220
1201224
1201228
1201232
1201234
1201236
1201244
1201246
1201252
1201254
1201256
1201258
1201260
1201264
1201268
1201270
1201272
1201274
1201278
1201284
1201288
1201290
1201292
1201296
1201298
1201302
1201304
1201306
1201310
1201312
1201316
1201328
1201332
1201334
1201336
1201338
1201340
1201342
1201344
1201346
1201348
1201354
1201362
1201364
1201366
1201370
1201372
1201376
1201378
1201384
1201388
1201390
1201392
1201394
1201396
1201400
1201402
1201404
1201406
1201412
1201420
1201422
1201428
1201436
1201438
1201442
1201444
1201446
1201448
1201450
1201452
1201456
1201460
1201462
1201470
1201472
1201480
1201482
1201484
1201490
1201492
1201496
1201498
1201500
1201504
1201508
1201510
1201514
1201516
1201520
1201522
1201524
1201528
1201530
1201534
1201536
1201540
1201542
1201546
1201548
1201552
1201556
1201558
1201560
1201562
1201564
1201568
1201570
1201572
1201574
1201580
1201582
1201584
1201586
1201588
1201590
1201592
1201594
1201596
1201598
1201602
1201604
1201606
1201608
1201612
1201614
1201616
1201618
1201620
1201624
1201628
1201630
1201632
1201634
1201638
1201640
1201646
1201648
1201650
1201652
1201654
1201656
1201658
1201660
1201664
1201666
1201668
1201672
1201674
1201676
1201678
1201680
1201682
1201684
1201686
1201688
1201690
1201698
1201700
1201702
1201704
1201706
1201708
1201710
1201714
1201716
1201718
1201722
1201724
1201726
1201728
1201730
1201732
1201736
1201738
1201740
1201744
1201750
1201752
1201756
1201760
1201764
1201766
1201768
1201770
1201772
1201774
1201776
1201780
1201782
1201784
1201788
1201790
1201794
1201796
1201800
1201804
1201808
1201810
1201812
1201814
1201816
1201818
1201820
1201822
1201824
1201826
1201828
1201832
1201834
1201836
1201840
1201844
1201846
1201852
1201854
1201858
1201860
1201862
1201866
1201868
1201870
1201872
1201874
1201876
1201878
1201880
1201882
1201884
1201886
1201888
1201890
1201892
1201894
1201896
1201900
1201902
1201904
1201906
1201908
1201912
1201914
1201916
1201918
1201920
1201922
1201924
1201930
1201932
1201934
1201936
1201938
1201940
1201942
1201944
1201948
1201950
1201952
1201954
1201956
1201958
1201960
1201962
1201964
1201966
1201968
1201970
1201972
1201974
1201976
1201978
1201980
1201984
1201988
1201990
1201992
1201994
1201996
1201998
1202002
1202006
1202008
1202012
1202014
1202016
1202018
1202020
1202022
1202024
1202026
1202028
1202030
1202032
1202034
1202036
1202038
1202040
1202042
1202044
1202046
1202048
1202050
1202052
1202054
1202056
1202058
1202060
1202062
1202064
1202066
1202068
1202070
1202072
1202074
1202076
1202078
1202080
1202082
1202084
1202086
1202088
1202090
1202094
1202098
1202100
1202102
1202106
1202108
1202110
1202112
1202114
1202116
1202118
1202120
1202122
1202124
1202126
1202128
1202130
1202132
1202134
1202136
1202138
1202140
1202142
1202146
1202148
1202150
1202152
1202156
1202158
1202160
1202162
1202164
1202166
1202168
1202170
1202172
1202174
1202176
1202178
1202180
1202184
1202186
1202188
1202190
1202192
1202196
1202198
1202200
1202206
1202208
1202210
1202212
1202216
1202218
1202220
1202222
1202224
1202228
1202230
1202232
1202236
1202240
1202242
1202244
1202246
1202248
1202250
1202252
1202256
1202260
1202262
1202264
1202266
1202268
1202270
1202274
1202276
1202278
1202280
1202282
1202284
1202286
1202292
1202294
1202296
1202300
1202304
1202306
1202308
1202310
1202312
1202314
1202316
1202318
1202320
1202324
1202326
1202328
1202330
1202332
1202334
1202336
1202340
1202342
1202344
1202346
1202348
1202350
1202352
1202354
1202358
1202360
1202362
1202364
1202366
1202368
1202372
1202374
1202376
1202378
1202380
1202384
1202386
1202388
1202390
1202392
1202394
1202396
1202398
1202400
1202402
1202404
1202408
1202412
1202414
1202416
1202418
1202424
1202432
1202434
1202436
1202438
1202440
1202442
1202444
1202446
1202448
1202450
1202452
1202454
1202458
1202462
1202464
1202468
1202476
1202478
1202480
1202482
1202484
1202486
1202488
1202492
1202496
1202498
1202502
1202504
1202506
1202510
1202512
1202514
1202516
1202518
1202520
1202522
1202526
1202530
1202532
1202536
1202540
1202542
1202550
1202552
1202554
1202558
1202560
1202568
1202570
1202572
1202574
1202576
1202580
1202582
1202584
1202586
1202588
1202590
1202592
1202594
1202600
1202602
1202604
1202620
1202622
1202624
1202628
1202632
1202636
1202638
1202640
1202644
1202648
1202654
1202656
1202658
1202660
1202664
1202666
1202676
1202686
1202688
1202694
1202698
1202706
1202708
1202710
1202716
1202718
1202722
1202726
1202732
1202738
1202740
1202746
1202748
1202752
1202758
1202760
1202770
1202778
1202780
1202782
1202784
1202790
1202794
1202820
1202824
1202830
1202832
1202842
1202844
1202860
1202862
1202864
1202866
1202904
1202908
1202914
1202916
1202934
1202938
1202980
1202986
1202988
1203060
1300000
1300362
1300546
1300556
1300590
1300640
1300674
1300700
1300724
1300784
1300804
1300818
1300824
1300854
1300856
1300892
1300912
1300922
1300926
1300940
1300952
1300956
1300962
1300966
1300968
1300972
1300976
1300990
1301000
1301004
1301016
1301022
1301050
1301056
1301062
1301066
1301068
1301070
1301076
1301080
1301088
1301096
1301100
1301108
1301110
1301112
1301114
1301116
1301124
1301126
1301128
1301136
1301146
1301148
1301154
1301158
1301160
1301164
1301166
1301168
1301178
1301184
1301186
1301192
1301194
1301198
1301200
1301204
1301208
1301216
1301220
1301224
1301228
1301232
1301234
1301236
1301244
1301246
1301252
1301254
1301256
1301258
1301260
1301264
1301268
1301270
1301272
1301274
1301278
1301284
1301288
1301290
1301292
1301296
1301298
1301302
1301304
1301306
1301310
1301312
1301316
1301328
1301332
1301334
1301336
1301338
1301340
1301342
1301344
1301346
1301348
1301354
1301362
1301364
1301366
1301370
1301372
1301376
1301378
1301384
1301388
1301390
1301392
1301394
1301396
1301400
1301402
1301404
1301406
1301412
1301420
1301422
1301428
1301436
1301438
1301442
1301444
1301446
1301448
1301450
1301452
1301456
1301460
1301462
1301470
1301472
1301480
1301482
1301484
1301490
1301492
1301496
1301498
1301500
1301504
1301508
1301510
1301514
1301516
1301520
1301522
1301524
1301528
1301530
1301534
1301536
1301540
1301542
1301546
1301548
1301552
1301556
1301558
1301560
1301562
1301564
1301568
1301570
1301572
1301574
1301580
1301582
1301584
1301586
1301588
1301590
1301592
1301594
1301596
1301598
1301602
1301604
1301606
1301608
1301612
1301614
1301616
1301618
1301620
1301624
1301628
1301630
1301632
1301634
1301638
1301640
1301646
1301648
1301650
1301652
1301654
1301656
1301658
1301660
1301664
1301666
1301668
1301672
1301674
1301676
1301678
1301680
1301682
1301684
1301686
1301688
1301690
1301698
1301700
1301702
1301704
1301706
1301708
1301710
1301714
1301716
1301718
1301722
1301724
1301726
1301728
1301730
1301732
1301736
1301738
1301740
1301744
1301750
1301752
1301756
1301760
1301764
1301766
1301768
1301770
1301772
1301774
1301776
1301780
1301782
1301784
1301788
1301790
1301794
1301796
1301800
1301804
1301808
1301810
1301812
1301814
1301816
1301818
1301820
1301822
1301824
1301826
1301828
1301832
1301834
1301836
1301840
1301844
1301846
1301852
1301854
1301858
1301860
1301862
1301866
1301868
1301870
1301872
1301874
1301876
1301878
1301880
1301882
1301884
1301886
1301888
1301890
1301892
1301894
1301896
1301900
1301902
1301904
1301906
1301908
1301912
1301914
1301916
1301918
1301920
1301922
1301924
1301930
1301932
1301934
1301936
1301938
1301940
1301942
1301944
1301948
1301950
1301952
1301954
1301956
1301958
1301960
1301962
1301964
1301966
1301968
1301970
1301972
1301974
1301976
1301978
1301980
1301984
1301988
1301990
1301992
1301994
1301996
1301998
1302002
1302006
1302008
1302012
1302014
1302016
1302018
1302020
1302022
1302024
1302026
1302028
1302030
1302032
1302034
1302036
1302038
1302040
1302042
1302044
1302046
1302048
1302050
1302052
1302054
1302056
1302058
1302060
1302062
1302064
1302066
1302068
1302070
1302072
1302074
1302076
1302078
1302080
1302082
1302084
1302086
1302088
1302090
1302094
1302098
1302100
1302102
1302106
1302108
1302110
1302112
1302114
1302116
1302118
1302120
1302122
1302124
1302126
1302128
1302130
1302132
1302134
1302136
1302138
1302140
1302142
1302146
1302148
1302150
1302152
1302156
1302158
1302160
1302162
1302164
1302166
1302168
1302170
1302172
1302174
1302176
1302178
1302180
1302184
1302186
1302188
1302190
1302192
1302196
1302198
1302200
1302206
1302208
1302210
1302212
1302216
1302218
1302220
1302222
1302224
1302228
1302230
1302232
1302236
1302240
1302242
1302244
1302246
1302248
1302250
1302252
1302256
1302260
1302262
1302264
1302266
1302268
1302270
1302274
1302276
1302278
1302280
1302282
1302284
1302286
1302292
1302294
1302296
1302300
1302304
1302306
1302308
1302310
1302312
1302314
1302316
1302318
1302320
1302324
1302326
1302328
1302330
1302332
1302334
1302336
1302340
1302342
1302344
1302346
1302348
1302350
1302352
1302354
1302358
1302360
1302362
1302364
1302366
1302368
1302372
1302374
1302376
1302378
1302380
1302384
1302386
1302388
1302390
1302392
1302394
1302396
1302398
1302400
1302402
1302404
1302408
1302412
1302414
1302416
1302418
1302424
1302432
1302434
1302436
1302438
1302440
1302442
1302444
1302446
1302448
1302450
1302452
1302454
1302458
1302462
1302464
1302468
1302476
1302478
1302480
1302482
1302484
1302486
1302488
1302492
1302496
1302498
1302502
1302504
1302506
1302510
1302512
1302514
1302516
1302518
1302520
1302522
1302526
1302530
1302532
1302536
1302540
1302542
1302550
1302552
1302554
1302558
1302560
1302568
1302570
1302572
1302574
1302576
1302580
1302582
1302584
1302586
1302588
1302590
1302592
1302594
1302600
1302602
1302604
1302620
1302622
1302624
1302628
1302632
1302636
1302638
1302640
1302644
1302648
1302654
1302656
1302658
1302660
1302664
1302666
1302676
1302686
1302688
1302694
1302698
1302706
1302708
1302710
1302716
1302718
1302722
1302726
1302732
1302738
1302740
1302746
1302748
1302752
1302758
1302760
1302770
1302778
1302780
1302782
1302784
1302790
1302794
1302820
1302824
1302830
1302832
1302842
1302844
1302860
1302862
1302864
1302866
1302904
1302908
1302914
1302916
1302934
1302938
1302980
1302986
1302988
1303060
1400000
1400362
1400546
1400556
1400590
1400640
1400674
1400700
1400724
1400784
1400804
1400818
1400824
1400854
1400856
1400892
1400912
1400922
1400926
1400940
1400952
1400956
1400962
1400966
1400968
1400972
1400976
1400990
1401000
1401004
1401016
1401022
1401050
1401056
1401062
1401066
1401068
1401070
1401076
1401080
1401088
1401096
1401100
1401108
1401110
1401112
1401114
1401116
1401124
1401126
1401128
1401136
1401146
1401148
1401154
1401158
1401160
1401164
1401166
1401168
1401178
1401184
1401186
1401192
1401194
1401198
1401200
1401204
1401208
1401216
1401220
1401224
1401228
1401232
1401234
1401236
1401244
1401246
1401252
1401254
1401256
1401258
1401260
1401264
1401268
1401270
1401272
1401274
1401278
1401284
1401288
1401290
1401292
1401296
1401298
1401302
1401304
1401306
1401310
1401312
1401316
1401328
1401332
1401334
1401336
1401338
1401340
1401342
1401344
1401346
1401348
1401354
1401362
1401364
1401366
1401370
1401372
1401376
1401378
1401384
1401388
1401390
1401392
1401394
1401396
1401400
1401402
1401404
1401406
1401412
1401420
1401422
1401428
1401436
1401438
1401442
1401444
1401446
1401448
1401450
1401452
1401456
1401460
1401462
1401470
1401472
1401480
1401482
1401484
1401490
1401492
1401496
1401498
1401500
1401504
1401508
1401510
1401514
1401516
1401520
1401522
1401524
1401528
1401530
1401534
1401536
1401540
1401542
1401546
1401548
1401552
1401556
1401558
1401560
1401562
1401564
1401568
1401570
1401572
1401574
1401580
1401582
1401584
1401586
1401588
1401590
1401592
1401594
1401596
1401598
1401602
1401604
1401606
1401608
1401612
1401614
1401616
1401618
1401620
1401624
1401628
1401630
1401632
1401634
1401638
1401640
1401646
1401648
1401650
1401652
1401654
1401656
1401658
1401660
1401664
1401666
1401668
1401672
1401674
1401676
1401678
1401680
1401682
1401684
1401686
1401688
1401690
1401698
1401700
1401702
1401704
1401706
1401708
1401710
1401714
1401716
1401718
1401722
1401724
1401726
1401728
1401730
1401732
1401736
1401738
1401740
1401744
1401750
1401752
1401756
1401760
1401764
1401766
1401768
1401770
1401772
1401774
1401776
1401780
1401782
1401784
1401788
1401790
1401794
1401796
1401800
1401804
1401808
1401810
1401812
1401814
1401816
1401818
1401820
1401822
1401824
1401826
1401828
1401832
1401834
1401836
1401840
1401844
1401846
1401852
1401854
1401858
1401860
1401862
1401866
1401868
1401870
1401872
1401874
1401876
1401878
1401880
1401882
1401884
1401886
1401888
1401890
1401892
1401894
1401896
1401900
1401902
1401904
1401906
1401908
1401912
1401914
1401916
1401918
1401920
1401922
1401924
1401930
1401932
1401934
1401936
1401938
1401940
1401942
1401944
1401948
1401950
1401952
1401954
1401956
1401958
1401960
1401962
1401964
1401966
1401968
1401970
1401972
1401974
1401976
1401978
1401980
1401984
1401988
1401990
1401992
1401994
1401996
1401998
1402002
1402006
1402008
1402012
1402014
1402016
1402018
1402020
1402022
1402024
1402026
1402028
1402030
1402032
1402034
1402036
1402038
1402040
1402042
1402044
1402046
1402048
1402050
1402052
1402054
1402056
1402058
1402060
1402062
1402064
1402066
1402068
1402070
1402072
1402074
1402076
1402078
1402080
1402082
1402084
1402086
1402088
1402090
1402094
1402098
1402100
1402102
1402106
1402108
1402110
1402112
1402114
1402116
1402118
1402120
1402122
1402124
1402126
1402128
1402130
1402132
1402134
1402136
1402138
1402140
1402142
1402146
1402148
1402150
1402152
1402156
1402158
1402160
1402162
1402164
1402166
1402168
1402170
1402172
1402174
1402176
1402178
1402180
1402184
1402186
1402188
1402190
1402192
1402196
1402198
1402200
1402206
1402208
1402210
1402212
1402216
1402218
1402220
1402222
1402224
1402228
1402230
1402232
1402236
1402240
1402242
1402244
1402246
1402248
1402250
1402252
1402256
1402260
1402262
1402264
1402266
1402268
1402270
1402274
1402276
1402278
1402280
1402282
1402284
1402286
1402292
1402294
1402296
1402300
1402304
1402306
1402308
1402310
1402312
1402314
1402316
1402318
1402320
1402324
1402326
1402328
1402330
1402332
1402334
1402336
1402340
1402342
1402344
1402346
1402348
1402350
1402352
1402354
1402358
1402360
1402362
1402364
1402366
1402368
1402372
1402374
1402376
1402378
1402380
1402384
1402386
1402388
1402390
1402392
1402394
1402396
1402398
1402400
1402402
1402404
1402408
1402412
1402414
1402416
1402418
1402424
1402432
1402434
1402436
1402438
1402440
1402442
1402444
1402446
1402448
1402450
1402452
1402454
1402458
1402462
1402464
1402468
1402476
1402478
1402480
1402482
1402484
1402486
1402488
1402492
1402496
1402498
1402502
1402504
1402506
1402510
1402512
1402514
1402516
1402518
1402520
1402522
1402526
1402530
1402532
1402536
1402540
1402542
1402550
1402552
1402554
1402558
1402560
1402568
1402570
1402572
1402574
1402576
1402580
1402582
1402584
1402586
1402588
1402590
1402592
1402594
1402600
1402602
1402604
1402620
1402622
1402624
1402628
1402632
1402636
1402638
1402640
1402644
1402648
1402654
1402656
1402658
1402660
1402664
1402666
1402676
1402686
1402688
1402694
1402698
1402706
1402708
1402710
1402716
1402718
1402722
1402726
1402732
1402738
1402740
1402746
1402748
1402752
1402758
1402760
1402770
1402778
1402780
1402782
1402784
1402790
1402794
1402820
1402824
1402830
1402832
1402842
1402844
1402860
1402862
1402864
1402866
1402904
1402908
1402914
1402916
1402934
1402938
1402980
1402986
1402988
1403060
