674
688
1536
3696
5904
15200
15214
16062
17748
17762
18014
18028
18222
18610
18876
19620
19634
20320
20334
20430
20482
20770
21036
21182
21690
21704
22552
22590
22604
22642
22978
23134
23148
23244
23342
23452
23996
24158
24172
24712
24800
24814
24850
25020
25344
25358
25526
25540
25550
25612
25662
26116
26130
26156
26206
26388
26886
26900
26920
26978
27180
27736
27748
27750
27820
27822
28364
28366
28548
28598
28728
28742
28936
28950
29062
29076
29138
29226
29240
29388
29564
29578
29590
29628
29642
29648
29662
29700
29714
29798
29876
29890
29908
29924
30030
30088
30426
30490
30510
30562
30574
30576
30738
30756
30758
31166
31180
31346
31424
31664
31678
31750
31958
31974
31988
32028
32046
32060
32084
32116
32248
32254
32268
32358
32372
32526
32540
32586
32650
32670
32722
32752
32766
32836
32898
32908
32962
32966
32976
33116
33220
33388
33584
33614
33824
33880
33894
33958
34086
34100
34166
34188
34232
34246
34292
34456
34686
34742
34794
34858
34878
34930
34944
34948
34958
34996
35016
35030
35068
35094
35106
35276
35354
35368
35380
35548
35774
35792
35806
35878
35930
35944
35962
35976
35984
35988
36002
36216
36396
36792
36824
36850
36894
36902
36908
36980
36994
37052
37066
37108
37204
37246
37254
37260
37276
37484
37588
37756
37842
37914
37966
37982
38038
38108
38192
38376
38952
38984
39010
39110
39316
39370
39384
39462
39514
39528
39664
39678
39916
40002
40074
40174
40232
40246
40268
40376
40500
40514
40526
40540
40564
40578
40584
41160
41192
41218
41352
41362
41366
41388
41426
42124
42210
42214
42282
42334
42348
42392
42438
42452
42476
42536
42686
43196
43300
43522
43548
43586
44130
44144
44298
44312
44374
44600
44744
44894
44910
44924
44942
44956
44992
45160
45356
45460
45730
45756
45772
45794
45804
46582
47152
47320
47564
47668
47932
47964
49360
49528
50140
50172
