31
269
400
430
1239
1272
1908
1991
2401
2787
3050
3997
4056
6263
6501
6632
6662
7471
7504
8140
8223
8633
8925
9019
9163
9282
9294
9324
10019
10133
10166
10229
10257
10288
10388
10418
10802
10885
11227
11260
11295
11681
11896
11944
11979
12389
12775
12891
12950
13038
13625
13863
13985
13994
14024
14044
14063
14301
14395
14432
14462
14633
14764
14794
14833
14866
15033
15157
15271
15304
15395
15402
15432
15502
15526
15556
15585
15603
15636
15833
15940
15995
16023
16071
16202
16232
16241
16272
16274
16305
16355
16365
16381
16398
16433
16543
16547
16644
16674
16704
16765
16785
16819
16910
16916
16946
16993
17034
17041
17074
17082
17117
17151
17403
17414
17513
17527
17546
17591
17631
17650
17710
17755
17788
17789
17793
17869
17891
17913
18000
18029
18030
18052
18088
18129
18151
18176
18182
18203
18260
18265
18290
18291
18317
18361
18389
18420
18424
18507
18520
18529
18550
18555
18589
18660
18665
18675
18686
18690
18716
18753
18771
18789
18801
18839
18852
18872
18903
18917
18991
18999
19009
19027
19034
19039
19058
19061
19064
19099
19122
19123
19132
19140
19152
19158
19170
19182
19188
19200
19303
19324
19359
19392
19429
19439
19499
19508
19525
19532
19558
19563
19566
19591
19667
19677
19768
19798
19799
19801
19808
19828
19838
19847
19851
19858
19873
19877
19906
19932
19961
19962
19979
19994
19997
20001
20009
20012
20028
20030
20039
20042
20043
20085
20107
20111
20115
20133
20168
20170
20194
20200
20216
20246
20251
20261
20271
20276
20277
20281
20330
20345
20367
20371
20387
20412
20442
20476
20502
20506
20513
20521
20532
20542
20572
20605
20625
20630
20637
20647
20648
20650
20661
20666
20670
20673
20678
20680
20687
20713
20731
20736
20749
20761
20766
20771
20804
20907
20910
20911
20971
20989
21009
21035
21042
21047
21055
21072
21073
21085
21088
21118
21119
21123
21141
21159
21170
21171
21209
21227
21251
21277
21284
21303
21306
21310
21315
21316
21336
21340
21341
21348
21357
21358
21370
21374
21388
21389
21399
21421
21440
21488
21507
21509
21515
21518
21523
21527
21541
21545
21557
21571
21575
21597
21608
21646
21656
21672
21676
21678
21684
21702
21719
21724
21745
21754
21761
21772
21790
21799
21807
21808
21809
21820
21837
21857
21859
21876
21881
21906
21914
21916
21920
21933
21940
21957
21970
21984
22003
22010
22047
22067
22088
22093
22097
22117
22118
22119
22171
22176
22179
22185
22195
22197
22212
22217
22228
22230
22244
22247
22257
22258
22283
22285
22316
22319
22327
22342
22357
22360
22413
22416
22446
22447
22448
22458
22477
22485
22488
22503
22511
22518
22544
22550
22557
22582
22603
22621
22631
22633
22685
22689
22690
22715
22719
22737
22748
22755
22767
22769
22778
22779
22796
22799
22812
22814
22816
22820
22826
22846
22848
22859
22863
22866
22889
22896
22927
22931
22935
22949
22960
22990
22996
23007
23017
23020
23043
23058
23062
23067
23079
23088
23100
23123
23126
23138
23148
23152
23154
23168
23173
23178
23180
23195
23221
23237
23255
23263
23288
23304
23327
23334
23341
23359
23360
23384
23386
23395
23405
23429
23433
23448
23454
23455
23459
23464
23467
23489
23491
23529
23531
23564
23588
23590
23594
23596
23620
23647
23655
23673
23679
23688
23692
23693
23727
23729
23736
23745
23767
23769
23791
23813
23819
23824
23826
23829
23843
23854
23860
23862
23872
23875
23877
23890
23897
23900
23902
23924
23930
23941
23957
23977
23987
23990
23996
24007
24008
24009
24010
24020
24029
24033
24059
24068
24073
24079
24089
24099
24132
24138
24143
24158
24160
24176
24190
24195
24229
24261
24263
24289
24296
24322
24324
24326
24327
24333
24356
24392
24403
24407
24417
24429
24436
24462
24475
24489
24498
24499
24526
24527
24566
24567
24581
24590
24615
24621
24630
24639
24646
24649
24656
24658
24660
24663
24688
24696
24698
24699
24729
24732
24738
24739
24772
24803
24805
24812
24817
24859
24875
24878
24895
24936
24937
24939
24955
24966
24990
24991
24996
24999
25014
25020
25032
25059
25066
25072
25085
25098
25113
25138
25139
25144
25149
25155
25165
25177
25181
25198
25199
25203
25243
25244
25269
25274
25297
25302
25305
25308
25328
25332
25338
25368
25377
25408
25415
25419
25428
25437
25441
25445
25449
25451
25458
25466
25469
25473
25491
25497
25502
25525
25530
25532
25535
25537
25550
25565
25568
25572
25580
25591
25596
25598
25602
25640
25668
25685
25687
25691
25697
25708
25744
25751
25775
25777
25788
25798
25808
25809
25818
25825
25829
25834
25848
25861
25862
25884
25901
25917
25935
25951
25954
25977
26013
26015
26047
26066
26072
26083
26085
26096
26116
26127
26135
26138
26144
26146
26147
26161
26166
26176
26178
26180
26208
26211
26214
26221
26240
26247
26249
26267
26287
26300
26327
26347
26365
26373
26389
26403
26407
26411
26413
26422
26440
26444
26445
26472
26474
26496
26498
26504
26510
26526
26527
26534
26547
26550
26581
26585
26587
26631
26641
26645
26646
26655
26657
26659
26683
26690
26705
26713
26714
26716
26735
26745
26746
26752
26772
26794
26802
26804
26810
26814
26816
26835
26844
26875
26883
26885
26899
26901
26905
26936
26937
26938
26943
26960
26976
26985
26991
26997
27014
27017
27018
27019
27044
27045
27050
27058
27074
27076
27080
27104
27113
27123
27141
27159
27161
27163
27185
27187
27219
27220
27235
27244
27245
27246
27254
27274
27280
27284
27308
27309
27323
27326
27335
27343
27366
27368
27376
27377
27396
27409
27421
27423
27429
27457
27479
27480
27497
27516
27551
27554
27555
27556
27569
27573
27574
27584
27585
27586
27588
27611
27618
27619
27631
27640
27644
27653
27654
27657
27686
27695
27717
27737
27757
27769
27815
27816
27819
27823
27848
27853
27857
27878
27886
27894
27913
27923
27925
27937
27946
27954
27955
27958
27959
27982
27984
27988
28004
28012
28018
28031
28067
28078
28083
28087
28093
28095
28116
28126
28147
28163
28179
28200
28205
28218
28222
28224
28227
28238
28255
28269
28280
28286
28294
28307
28314
28322
28323
28324
28363
28393
28400
28405
28426
28427
28430
28453
28460
28461
28468
28497
28505
28522
28533
28561
28565
28582
28587
28592
28605
28646
28665
28687
28692
28699
28716
28717
28720
28722
28752
28762
28773
28793
28796
28815
28826
28827
28828
28830
28835
28841
28845
28860
28874
28883
28891
28900
28905
28957
28964
29015
29025
29027
29062
29075
29084
29096
29103
29133
29145
29146
29147
29154
29159
29165
29166
29169
29179
29201
29206
29224
29228
29239
29245
29255
29265
29272
29356
29366
29367
29389
29396
29399
29401
29415
29422
29426
29431
29435
29439
29461
29462
29464
29474
29496
29531
29545
29555
29564
29579
29589
29627
29631
29637
29641
29663
29664
29669
29673
29702
29722
29724
29743
29753
29758
29768
29775
29788
29798
29800
29802
29804
29830
29834
29849
29885
29894
29904
29908
29941
29955
29975
29989
29991
30013
30016
30031
30093
30101
30152
30160
30200
30204
30235
30238
30251
30268
30269
30283
30295
30313
30338
30341
30369
30372
30375
30382
30400
30401
30411
30412
30421
30428
30430
30470
30498
30511
30597
30604
30607
30611
30630
30638
30639
30640
30643
30670
30671
30672
30673
30676
30681
30693
30730
30749
30753
30787
30831
30841
30851
30880
30900
30904
30910
30911
30933
30944
30963
30987
30991
31022
31042
31050
31072
31079
31122
31151
31152
31171
31185
31210
31217
31221
31239
31244
31254
31266
31272
31276
31302
31308
31312
31332
31342
31349
31359
31391
31395
31397
31439
31445
31480
31504
31551
31585
31610
31644
31677
31719
31752
31759
31769
31783
31801
31805
31808
31838
31881
31890
31891
31908
31914
31950
31961
31973
31991
31994
31997
32046
32056
32141
32145
32155
32174
32187
32191
32217
32229
32289
32348
32360
32383
32388
32390
32401
32408
32418
32427
32450
32454
32455
32471
32486
32550
32551
32586
32616
32630
32633
32647
32680
32713
32717
32769
32787
32789
32810
32881
32893
32920
32950
32955
32993
33032
33043
33050
33052
33086
33116
33123
33199
33232
33255
33267
33303
33316
33355
33365
33397
33399
33401
33414
33424
33425
33429
33456
33458
33460
33493
33509
33530
33624
33654
33689
33692
33759
33772
33792
33809
33868
33925
33951
33952
33958
33979
33997
34038
34056
34094
34177
34195
34361
34428
34458
34463
34477
34496
34511
34536
34587
34594
34639
34677
34698
34719
34747
34778
34899
34921
34958
34973
35010
35087
35132
35215
35236
35307
35405
35464
35473
35570
35625
35736
35957
36011
36016
36183
36242
36274
36517
36576
36683
36742
37221
37280
