127
165
248
281
326
368
403
486
489
1819
1857
1940
1973
2018
2060
2095
2178
2181
3545
3583
3587
3625
3666
3699
3708
3741
3744
3786
3821
3828
3863
3904
3907
3946
3949
4109
4147
4227
4230
4263
4265
4308
4337
4348
4350
4375
4381
4385
4426
4458
4468
4471
4487
4491
4503
4525
4536
4573
4578
4586
4589
4608
4611
4613
4641
4686
4694
4696
4699
4727
4728
4763
4772
4814
4846
4849
4901
4932
4935
4939
5022
5055
5100
5142
5177
5260
5263
5289
5327
5365
5403
5410
5443
5475
5486
5488
5513
5519
5530
5561
5564
5565
5596
5599
5606
5629
5641
5648
5651
5674
5682
5715
5716
5724
5727
5751
5760
5802
5834
5837
5920
5923
6113
6151
6234
6267
6312
6354
6389
6472
6475
