186213661176990
3421353132655032
1882938054361
29482791511251
5520626700671
32456881633895
966883618474
135290401253498
1291487389964
422560845208820
169337745468548
90774503839004
62396981794
1254346791720
1466291436682
51858396222634
209672350063505
322433304943
2386605480391
53493811325474
91491371033908
37583184564
187828682343
1821125145751
148269686313510
47526786019
92292152689999
755532003158
2407186769929
1100357962946
79172069408839
317075466288191
36856422571608
2943526386136
67770391307740
67790754805209
30133403605248
10096279616789
2875734193010
42870985634359
1044425456378
246016663169259
34502604890518
1896060091193
2184464207748
2748492573162
69960355059347
19853381221611
434232633992334
596337553450
9949217286390
965626167427
2171559643184
1581520734809
23974076476946
299605650784635
682721683052287
2105357882733
150355353468967
312215874468
1755059805581892
42579210390438
54952806408409
199603929502283
520739064339
21156650682053
2566393785424
788718587330
1159842614810
1040769870271
2735060867557
996757993416
15303532901350
1035253408260
149598000188428
283947351016
2355209790748
132804008085728
2291000988920
1223440047120000
114354839997282
408897246750
2484862402983
18935065182418444
2999042706561
9715370744306
1122617142295
2903317408656
2400841008654
1850264283030
1833276357376
139038672759978
1381684629824
1390787645036
1589627458978
174060939882
2682578461589
280744820098947
314357006172
2763675027436
2422411888898
87054151901316
12118546739785035
1966965776009
747525689346
1842141752902
420167722832
3549478069609
1563431624236
2164933700752
1659707411381
87187666988339
177707175105005
235437862980
1780170109089
8965337045198
1799252856869
97894360258958
89498454801875
66456529166
634069635904
51691816452155
35268294812543
329346736151707
59320792654838
31303109068306
281216320477278
588696408902
1691630988177
2330859036412
66022120826403
2768613335042854
1182041955874
88880795349406
291556091852310
252403707655487
1133056940741
2589755862272
2994362159101
528256869353
2127523607998
158511081252748
1940386784541
987074695752
38442123152208
56226484552745
2368105906879
54953651616794
787917397121
237746386101544
382808006175797
329655343016
777148549953
548024434659
1297505771745500
1471225129217
33855453327920
87552103202863
160006724312
3049528164046
79764753611038
2682604051716
1542292643817
519189253424
263433386564338
338499812432493
876391353798991
298769487226751
11892727133758
1571316300121
2932893632840
1721602228357726
292279710407679
1122496854601
87818716711032
90967128585408
107153405213695
1439806510427
35422931919235
37773532135031
1327738353029
596409296995
48588319483338
1094237266170
1306970716539
1281043480974
643033618882087
10254469092354
39823634310160
73277331033256
5582748297433
625499399885
1626592528180
28297991040196
2712213518592
2878156756406
19384460149041
1601836259972
186287991741775
379678768485604
291422480819
2752508041974
329852885961626
535191585241
162355136474474
65461019714
642381847430994
131813624729913
94415802219925
29260175644175
452014063502
2721057757780
89650315867785
34418903492644
444953371867
85948356044739
37791307843106
1319683018912
193252667511198
1088473965103
29283955221615
1356506441320
122318341261973
97014740930493
43912397018216
883468025840
1596139938453
970659101526
22787301883648
19636725088653
2186737667289
58888534621077
39032400376664
11850005076730
79415110345557
360331740399282
85116030913223
947306229807
2524220864314
2071030596791
1723141658285236
3123396275883
61223070058972
106780369186770
2062233807710
2028701192857
1281789565136
124249627901981
90172024116001
12199058083746
1051715759714
142263547303396
2199869609146
933666950009
59182015984763
23155299633260
21835382966621
62764481608480
3047467842508
373414566226419
1099315305395
2324730083098
64119316789393
49719716286
47919902094406
83280151951550
605980019931
1036054555900
756579559942
2868664701331
137848375128836
16317053326191
1003449496248992
1621900242557
29891758014594
23553537509702
806593003954
15690940866505
2251888815797
10346969435883
2522289683804
77601118082521
161986265059223
131259211794811
1367542019129
1700237387368
1992254908603
364164939696734
462950524365607
1972240234246
419834705672
7978837153618
159775419429970
51105331422671
2984800612860
50223268555483
14088539096180
185411179789092
92297936596743
424600180984703
69031926825
1319044947900
220708813529366
118338173969344
1491690934337
542423926176
2338185655792
60353574220084
2196825590798
262890438975199
19073024088046
1507750141613
655620091517
27403752884681
2824736739595
80690220683
485029225677
9504274426024714
418592843951
258097035157286
2545730712455
2914681221706
2073163859113
697860428946
198232105276458
410345742189102
5890213373062
39163880938268
2162632753760
35000448555420
130039380742648
1618542899699
98952221666305
237343349109350
7650843095030
80034843833226
46599514817547
22053921046712
45389679421234
160400009701
301071185738
2020669843
12219837365595511
118564181828771
1251019529689
482639343522
2765815981575
203555898348636
34858072250898
208314393894675
3395606172595947
2799566235710
165967218375640
127221204156290
39337076692911
2297529430719
49348917809125
4641119904387
3579424287633
92238506844907
248532403830364
101663271919926
1171402484335
805752669897
11020519014674
1937667800433
54729031411640
1023231245533
2606476105147
542323537498382
132052325575676
1425877851323
5113931483318603
649274864017021
577447003991
1939103185572
185070543764
2364310386548
47800534598902
177292252963914
271852240280
215003964838
304784165930272
954912145799
75418052187340
233388391269072
223322797040787
1583511195936
97161403729670
1008014862716
20109273066271
40615065771027
2601701815757
247438035444257
1134385072981
1954178550509
290818139514930
937035711233
206291029360982
3013879659560
355480480504148
526261175016
869625392503842
1859985413699
1523760182916
1126307715531
2987300170799
2847463225289
13269497689114
1884398905381
76395403219435
2856076292794
1282248234698
864041229649
100639457279754
165034624149739
1876464043766
950252438020255
55696171141720
106125579517149
11478221729512
19932077538693
48023002573655
2291747664422400
77724993307224
76891505880582
53815123337172
12121184873623
9465938966
2897596672897
228016026493796
1493052847191484
472339817793695
800455154613
581378985103235
2661012384652
1300118160623
88383750966867
2316046469284
340896111339
170688484636973
549784068944
585902956974221
132629750784
902484013312941
121711187642164
74651632491618
2978755620833
1724565613862
1077673807975
164482342739838
839394441940
812415017001
379727346456
1052616354996
56663113174042
160954718147351
3002339461505
4399599358716742
32972014444988
1621177428866352
28013752658100
1102851214781
211693988564672
951814488554
782612026732
21772523627551
85902651907346
65016245031294
2474352839992
893794451705739
2129377062194
78117051959437
2815217154488
421372742873
343650263834
6130296558366
6784008320432
957097250484661
134522984971862
329656302685773
1942557986463
1295999986425
2864529442160
1230106293185377
19255077283736
69416039242119
1376258619951
855667892090
111549956756071
28519293689323
2325926839572
68131806589386
776464270792559
3000413418131
201313685695
1460593079353
58134123015991
2399078940839
196195889632361
1989830955967
2771238861486
2104085492442
57893197503492
2047685647718
48282957411765
85686110324384
11238014867120
301198845496
340715975280434
44244532858781
270420710695171
2268826868621
1008202453103
439545090093
2543548692527
32860121926626
1030144762357
2212634925082
181521222007231
2639600829449
5366287989994
402121797176162
1390060514678
98233659283380
2780679526728
1884011847739286
26813451064808
51314670283621
78057288050137
52824121830486
2151373369205
3189568543806579
1032904190509
92429231134623
1896678067977
162358762018681
2857331455870
1792300270864
36538999133046
1644296851562
88301108540606
1161687993736408
560036550456
87227463868795
2570366572037
110155017546
442246840407265
485417668710
2134770234328
432515666275761
11572152441626
2679446396299
2502964601783
2060030251324
861531553612
382805109229174
2989064341851
1107129314369
42781702894962
146748898757171
1001015412747
2677296961948
1386313844129
619514768365
117667197930176
278029996497528
21711386384713
2900767604738
1865483500991
1598252371334
607006867895
240513648517295
330171250357
4563003258797
307697522567
90897335027736
223913363377902
1069436017025
27308364874248
730968910264
1933010349119915
35246102566304
2726684400053
23598384590329
1045045426200
918057574967428
237378440068837
61884630952068
1981492268016
33996501713311
39879329097639
317726172557550
124599544903
1350906813967
17250126543190
250855652673
1133838471886822
296223799434593
106208861208077
1059009434865
453123906360
268967569503800
2926262901302
369602762454178
4063958645159
132483429077010
166157278150
1078477151939001
288283217695
17456062046513
160160393385
456440998625824
586513930837
72683046752760
2694725591036
2451235470706
1173763749291
346183610417939
1360678805068
953608868315
1864310835491
232364607814657
469928938428
1995911830466
44657918376602
7585900547725
2748546197706
9553260863195
979062267389
254899128528087
1439304647003
66630516116189
2814080399807
214998281887102
1956070299317
246726085897834
81341850123045
170369018825050
236221325162
31003315896781
2959715587193
1569701655758
73993145780
2995627035269
2538874323202
26943354573202
2852137612243
2021109633415
1202984162117
15492600748927
2462017185661
40059635672650
122943632100
13435967623801
189094732497982
349734954575345
1717481794097
129382851604096
422708644961
47179871224043
9495828830833
487595448568320
395484468910467
1554266326284
754069599605
161994354080203
90852901742284
2955532874425
170339285752237
5146804586053
35255758259461
317841003271
1921644990666
1171660265729
2065076852524
62287999526243
61781757853660
213038724428
149733655742704
181736485400
4036331037340835
1413504445950
1451489570269
1246132225006
132091837890844
17520381570
2605562549743
42184947865553
1289365535248
646786762813
269723545393639
1690642207570
2194911548511
873755791273
86665352768018
132723762188596
32287246867189
836118378055
61849626298706
707839350496894
5426634267264
1133722676353710
698372954099
67990936138077
110905050572568
3023522427925
3128741869609557
2238912028204
137951189010705
318997784587
200076238129997
32437652166042
263947652310759
70020821075
15286567862212
1000630897454597
570725109788
4378171883707
52523368795
631483096927
118640665238666
18223493555066
57005548629938
396481713060860
86260807943680
2104217227092
89366304976505
634912190776085
1398537477774
1045879907092503
2098710083929
408208350674
814815102491
1026684433424
323232994
40944350455868
988490441472
2902083409144
2961360554102
27282855011628
94992394959791
71992475106728
20371090258183
255608949220987
19381880694127
148007781611057
26019162152786
267890364067834
256134406619393
8584800104177487
58879004523509
73093649419346
1700921263405
23649335478390
378642254844368
206586179363210
65351848373
375390077220317
1574981084199
97924809672596
1951486787249
121972599757224
1569093889463
97102050514020
260764249288
991651297903
1587735605529199
216016207676974
103054840348464
508872538762
797987301110
739421622581
142743628838799
89955867071724
1412367321689
758558019370535
154708844839042
121304349196495
207392025796373
317548766098236
27404680604799
748943612871
92307716165858
245434491031203
66589919004634
68369841407847
70447387592744
1327400068571891
111875594313949
16197896083980
1794740363445
81991180312754
2323747050763
2296253629780
8329061166928
1618015723146
404743069245
52494546743192
44117762360730
1582598471776
2476927800627
2071483749005
9102213272876
1584679466718
43959736174756
535009955466842
2172045899627
1987089877515
28569758100616
714045249525
6582849299153539
265866654679366
40990558943611
280949473978636
324698873960
2471838868692
196246514835975
81551456052190
11278423801963
1657302277554
912432355400
639334242419
354407489992
466143621394
1260416894424
50173177445580
3033007381259
1402547976360
78088808088216
761443164538
3048781781629
2271376192904
274367619329750
792959802787170
227973735785980
1597101341827
210880012083577
55160236339428
2604851765372
303893077806
1043118497602083
70082112891578
72201624128346
948973055262331
48018182866280
1110315142853
2296399930653
1883253553102
50842224647
2321074187342720
2883358440876
2011036613705
1277865766972
495175541456
2180324973086
2494868127257
25894300108560
13728257698623
139122913495278
604099764025521
1317735268373
2962477317616
1788339392956
21229424760340
123591534141109
2085919135235
1132567670332192
662577260580
135849862881
22721998465862
875368439007
12948798321554
30174795270413
2705817269782
21343884082353
1086286847198
99301353671420
75067514850
1478207245498
2629280203346
703141029980242
1250742180488336
1645558114657
4776332175
1550285627863
2781887435097
463348182942
7085045694989
9883906869834
31715547489581
9780974256239
29913273941353
2626575252440
1062781514348
17162277920591
486982536074
1268056966017
2144781614532
2211212002816
636866804630
986530992034
42904030493559
110112263001758
985695060638381
2213233717205
219934895056909
3004897422432
84036893571942
1180308124993
196883672030
95220922671
366668572983269
512972665221
10551507426013
1966445907414
2976958317239
1746035771052
19667269750505
1470227001114248
1259056343626
2948462601195
136295669431458
30396230101877
90530494325924
62531370271
1843181879351603
2896850791177
1785715401273
9694616624
135921274132681
110913883386137
1264337296217
294167987515775
209959232606079
682229380460
105227808987247
97716571364252
111385954699722
508226591472
1181720627099
118863896052071
70157436301343
1197015663486
237162155094967
260888510460693
159545229731586
525194944174199
331464623965172
15286350517751
451075305125
635646529861600
132155200322648
59468495358300
76876755180421
165302850973598
349515804717966
82362415586
69598924603913
3057617444527
58993084731832
5179548676159
2429827762920
521149460890764
900388414480
157490866058655
1640856460467
68284969827903
31608443510568
1091580511304
2884011521968
138881219477562
76884504458951
693107159761972
17008433179191
1283109156618
73112506260
241876062421682
1235317327538
63844716308316
1911602986125
46612810265854
2292224227286
2021086491145
2602012038723
1602664454463
1724036593460
28750219644960
30063552507926
17042978345860
845651232594
2976264944774
1858175142620
1097927608423
1159892708078
107806257393119
2437362120158
1932157101009
103573757819187
265012592059596
213073565905854
67724712003796
1074608846899159
167887457290930
40181101883962
3026885277520
111711207662061
157902819950117
2130174269837
2483405840088
129010626039872
948728914064
103429029330426
146314711333448
145688554667317
249298107464
2291134872870
130392235558188
795992549338786
1835940530268
1136780845405
2239250509506
1922649811711
1258076444871
70182978514991
1119429981655
156615660152687
1703609314958478
534569794549274
2567067173929
50323100175791
1112204397860
59728789633390
1145710264431
1612146803584
29434374141583
2254412141439
2117219153783
2633365472386
163547796180563
227589847394
788948184523
442555027279
1803065956102
1845531969041
987277775965
2678329131793
294272775263917
69404950657824
20758897644399
2789064737358
1260435450179
34526340495940
58417632740081
580179694496
1739962687642
868484062824126
3057218521011
53865341293136
176207162407857
143757355559182
3033243444751
173865716451593
249160639967233
74217410578050
807843893107
2605004212354
97528900752751
263810145913318
2082057058273
1147110268096
2300376266348
296139496665379
80278826722213
50421149008675
475345892375842
1718895330064
10433062119106
84734932855130
90687482398276
14947296456518
2555596868309
1394619424390
1207164746836
45631782086273
628984729155
93459689548303
241665621896177
2101034962061
175553862749933
285697193907
1829422703977
6474356511951432
71367887830469
73498203295911
1489919718232
203646280152000
5052308654973
1057597778251
1169254410570
7003008125409
1881069017841
1325221429405
52258741600756
2573422879234
20044842994371
975177382330
536729135798
2257683099948
49044074380343
1162146936907
2539858375166
222251094584164
2433632702075530
81924216740
31041792652771
2450455097907507
39201548489119
530549215239
1857803884049
54862602080867
509692661397
2068327415096
566931781519
1142674165125
44092730707474
94932739536064
290563518255728
100288231141853
22167767749439
976884589191
11510044050307
5246421853372
88747254835642
106094330572465
1801212835779
595197966958935
807498622624
284045720064777
225009308962853
4021217964741
19231691786
17276982106295
73563679283221
540458596895
22783029549992
2745269650789
123822193629039
100616241539346
200692193409713
266982701138112
243160645382
1711537748870
2833950894472
26400338413171
317238681105887
19349610230520
2933819125367
169752752295
776201029339035
157807949950236
2869708048083
2143961797425
4125386190874
68642013278691
330896553187116
1969704715763
2716011650216
68636853772121
2712062269027
1892277133203
2928905804109
345657348085
20144532872134
1112893059454
2769694603458
2071533817366
243426111227
432686999103
71906056785278
1921564244494
1139920463809
99098074169721
339476410669486
52567160078994
70424296993150
3807066104114
2490811041911
1749660551538
47246166229047
1488100793686430
1165576509957
86251581901543
254750598717353
1430277702560
450631990390
28120988684320
109260322439322
2977346369439
28688298279117
132470456232959
7476536699
1034460705530
83796845505176
2981326602539
282832463899039
1574703610134
1899057927745
366970684942
2289544095555
42534168063213
1475072433945
6059795854433
401461232986129
93745706486444
562755687388
1772874398356
1860633201215
1123912646508
851867625311
1859072838775
238176067320
2113132072847
170714677973
1079039282859
2133698707527
1413725433995010
61990687232317
155966449586504
1850923847918
557994816652730
327719536839
247358728799442
1090500735057
2528504420944
375510641163
73192990672716
21828834530137
1393741126103
418089757843632
275158832444345
541548036634
919993780662
140748615343960
1601643429449
10272032643093
210635744288271
36217793922939
1147643420336
2282817881391
2884324736391
88627142887
539440893644
150590503242398
92049857215751
60089621353311
400603590996701
2311809353714
242390853997
382104364096
83551250845915
1106524493377
842724190821
132060335879123
3025527878045
306551335444927
88523747056302
2438228662553
2736968248413
542055531121
195594962288936
11208299500957
5817178955409
578621825986
11531906302807
4839326059885
2443919044013
1744117579202
72633409288927
233002200711
64473124627552
1592979003808
697585779349
22831388850628
98094223542251
1656404222572
1545829146450
32200649027227
358554370389885
199568113071
2337124413948
3842333880044181
342287279124815
351975444342
667211612173
2694586029849
871701900020
364055860998
229436039980132
1799194084359
2184310726976
58665848314377
121085155938965
2121437315518
1909268668464
106160595649379
2026656154906
73443081315993
702980981248690
834864312798
1149080429025
2323639709079
2514167110910
14697665783094
3039722272920
821015904353543
2529258523438
13487865260234
864694627004
1654397834720
186736285712629
87928556158809
13874567532187
78546385978473
182717444342703
132245859727891
2606505063300
26099089218718
638682795553
1719635399289
1465151918018
371382874616
2727997081566
130484900136532
133224885406205
1688715819511
381750059053
113823305092462
17149959983704
31501465180390
26353632673417
156319419538
1261953041629
477823954074714
110740158412079
1097425553517376
160006520300012
165592298380147
2131392697891
2935449536798
160643236274176
594429430110
33888267218157
277791798479
646458115445
118971559363240
451974170052
146010214560727
186976917515039
2875101653647
2700289463946
2654791814016
1569138820682
2310894412731
2172063432226
1296525883971
406414777358
2196467789866
2298245782139
350640662745162
201585994361171
1164253045927
1280100697471
2247521912505
2770271617480
56637341064198
772047297142
2569469174313
2715907008616
46281914062993
24173923939935
20116720605794
2211701286076
136206317673512
143930702314787
630291978579
69997032141
41353496182944
182219002113017
295073469726
1737033024072
115068231163947
13258436121
780514689281
137464706288
47617006096347
38009873598797
22312046954882
1149013680632
36749309906235
305754742363
1266414614053
63003440207122
2731157323424
2893038750787
624209473441
36604867116033
2231609908392
1274290056488
236762615287464
1257800853750
27779765985667
1569492589104
1147722867795416
135392721016821
209557025951
1779473954864
61507502540119
1076533006736
338960237208124
276153786590047
35609319802194
1363423095288
579785140762
63385698581442
39508743114437
781659544202
1382798639890
25345345971316
12437070413540
218020264671987
2806785570180
2531531393420
1396067233052
69500454454669
248830872045842
3021123720980
2122721635765
1608471279727
528680029518
78286829680235
2950673348266
379264999871
2074438768318
2961089275987
1073246810514
22600047849149
439657597371
2155167340643
264760032548
606230987223
462360077290
711531283361243
406138294546
1522680147295
1967588460160
64037799326383
6170768775
911838444768
1164095745993
916489497645
1933790556889
2244653551032
3156669589603905
165635682925
420922674319
52033834581439
113212743318721
137044324443258
189532765215694
2893714007931
1444492795549
249927627012
2935933203219
998582084496
6590263264917
176152799138373
1290878941548
147020043517219
74487911696538
169280713247834
274598454357303
1599991502771
169874856933200
557185340802876
49196956510370
563505295742
2148058605606
16444444376841
1069263554148
1582737596091
17318174950976
244946113564738
103139444526345
9304491797799098
29922213585076
92736917949316
2277098797508
898893826951
96083831113679
47480696647285
2109971813291
94973451833577
838428256628
210033308839095
189197936382556
1741361298723
671511475630372
371530925207243
68451434725
36294608911202
1997566350521
1303574205035
10599714745024
1072700918272
1426389886215
901401705275
1211869285794
790442946563
961757766680
2529910908315
25177562427833
104564179981117
109803418592248
245216037573190
1552973870388
1831077121030
2107258243359
620014562606642
1300641063293
1387189818914
2930240853523
1067640805898
933791824299
211467937084865
113566019841468
51559153860036
129011338632503
2446644373280
1475804857853
2625660353944
290626229727264
2187670542572
875926819068
293157814926554
47397789714372
60420020751892
1647295214088
68240800157372
1230930603572
2651513017984
290714525561937
296717246005311
3020886730108
196571332107727
2924226006210
648567621443127
466980999616
1505686612393472
735691827373
2459084384992
2116346422539
1990866742556
19482239823
2076766794042
1382135017982
22179468654556
881623798017
2928537188758
2518324752307
55527833342938
2938163657231
83497376103
1262938223324
24833872746652
1317203732755
249654055952687
7661874292351
11477159788565704
1978242448018
2589506234344
1620669461728
5472427407222
79847289675
67136611526976
1820115151907
2108773585949
95159030785006
48514561083042
1761532953246
253524973461
32091151906801
117843443064200
1515944290552828
92618726551253
2246244115123
90074330891879
971250244677
21061443842320
717817361120914
762375925921
848366205800
35291203513293
232670317160399
1756469572439
362520214785
21606521599352
2147025988124
1324102040454
1750908449289
187479336908301
2628811440522
78089151160
970658554471
2874354709795
56728902173144
28637384218610
1926853610044
1218025670283413
41195609536907
2894127710836
195799579211
2762165593107
2144340776098
3041735734387
2061231595376883
1492700778973
3054856708988
2669226638863
173105426462426
239782306029
163937175628375
1733024902210
96331355311
23386476303934
75069663026244
2429153223447
34861757470127
30087516403670
354482607892940
403558072252
114477814008743
13671336095238
2041351036574234
40357163491935
1210693202593
14055176261942
716855385698
2733331960711
1854033971675
98720191168413
100635658412739
903288701504609
21346083794816
21381333894503
383701522693493
63715905707078
837293828953
1018273664597
414707702802
2476551447478
3036670968060
90536494649737
70790358837035
500558165558
1919259155168
62246529530749
20870668468031
32456783323213
2466597898362
1175972837316
1727392920256
1839209993287
2725077632014
88935041560458
2259660437475
1739382504680
658603965978
1069326415769
2533309238825
1067161672960301
338084795665
2416482264036
848522134379673
2325544269131
3565295109696
1549076831247
39564755720532
2911960994188
1876936543996
290059951147
73123215876974
592760180499
73705260774582
308747649906904
2145168991766
88073906418567
2554739708659
133540938755077
876988963234
1459475637177
26037371764455
2908003963850
1797886998384
321689002099391
377895499564584
800490589414
2827254405670
242065563504934
1453011417740
92087139911719
138084420719081
2890147406700
2516634143743
380568669935841
814929447763345
164117303260318
316312348778
130766224099657
38132613880686
55327087448379
128619357205645
21132969482781
462369436462570
643530045440621
2677657491291
103721826945854
537884481118957
2060473804022
240119014424707
255111626041
553508140624
68305858864139
2080574450476
1026535393574
45471454583945
1865074949590
33643533964052
2724291100282
568916479823
75660545217354
2595304614764
2481621610445
142935691833659
1889311462768
2969239901051
2924774033601
767519028975975
14452758879502
1976643947191
195810400889192
1174576738055
487430558129
5569930909390
2278250281307
288791532124599
2825126731671
28123540040749
230961347764
83536057452685
2023716263008
1987137022019
25922819112643
1442957657357
886134923455127
6777453563518782
60598047774386
2690966461189
1703010507724
343212775493
1081462645652
787220052647
45575286975443
317142092140
2786043228968
182430213111930
134388925406620
720614803355
736517890254
64555248826451
1954636299924
31838306362886
2195336382075
2317970665214
46244583160157
144982472261
2711246068592
16622406963720
20146773234616
1745843586967
2451386453836
1906837944375
67313759561920
2245291046384
43776789698973
836083660969
541744684788675
2145417386840
140567961800297
1568810880301
57557921373044
86852517448258
3839852713136
338063681942
71375822585
112988677376078
2210687284798
19280202639786
514336857499
528971550978
28885185045589
275251109368142
109826412938168
1719682682404
637560418063269
99325699785802
18888398070569
108356193749127
5301857235883
1111913093140
675543397907288
657187872162
1327397704634
1396821666321
200386839508
349790923325
264198035235740
328394783323
828368200666
191182930838
82234293021336
1253949239521
2354233675531
585578892906112
2926612243194
47856192171735
2352834119232
2879554779052979
421985791575713
1281506428057
139231868448774
70550810399099
804147411741
13465224895910
879485950353127
126240714188083
25844834464540
36625296893074
77079138943498
206326162952966
639200987253
41612313989210
2114828347988
1469452691015
230674624283711
84920152179535
77632633875161
18525904696572
62380879413087
52881061673554
1518265271579
19620247225896
2885921141171
157675119805132
2793699596928
210721445867476
994609067102
597626502942
235640691407466
807342914292
134164230484401
88893680953051
108013775724
35093827147391
535429798282
48967289583138
1769861008054
159869298272
292377101391918
3344911142694
57091085632
1729490787022
40851816168
295796612970543
2449158419166
218338439850701
14840926603192
13763068530169
1187913188232
10745228014082
183814389516
252266154643
145470340274993
2541784592545
164013982018670
2076956040042
191168734272
1366375929741
2789007236724
720709733361250
8518685284252
47063618470867
723863955415
158561930497553
318712505016800
874132513980
148021367916635
52161165832828
10084154570176178
34024724072796
111297124377073
2332202353022
404033666960
75385121036248
1019307084145981
187762363651677
2352398979608
796589603132
2372255043004
480522871269
591568589275302
229317795234596
1061138735993
20544230874783
2799781906736
322381159453075
2590680598064
488213791904019
177405697940024
2299770194719
34117211541158
1426598657824
1978275978543
2396015254647
18755566625116
115627307113901
171620952329465
754749727565
22040169547195
51102624645742
57077244758063
37476810188602
22971734626523
2920934711745
1451565182684
536154228495
2927849138219
489012609904
109594823761972
1276912143236326
35874168482003
61279914724847
911503736464
1137743925703
4864165053019
24313990493842
99091184008472
1513211941522
36043115147
145514207297044
408502398122
61574243058960
29318841306440
254191715466616
2604869191409
176332523011509
891321345606
48353329656627
6802255732954
8969009755265
787085976821
2965715847126
254415384713254
258824368132
769900825798
678690337735
134738215599762
2451288025795
170356845052
1789830179188
141149585885968
22359420380873
3048355679864
69690979543704
2780086731489
7965369157148
112976542148058
2570603520233
1977448878530
917117304668
60575978558559
69807307749439
1136906725169
113184163552657
114690203734114
204811252007877
471790584847
471879873135374
2841818801574
224771667134876
125319682734214
909845148548
3657612985804
80958061101256
1352195596376
2231528132085
789169292406885
2023079147800
1890612320911
723638270041970
12037639866202
2473241636328
200975089935387
257512625722675
10972966336428
1744592310617
29408081772427
1256004821888
1408975774683792
22505584766454
1262756775586
96479499852412
777448960299
6869716582265
1783029201647
50887203396852
201309090897373
140001908668845
2818471521960
169399758465940
133789365740752
15596690602095
21780987552229
4790531654942
752367110857
237253043522399
2638521795710
21567866230824
48091069501768
1114493804958962
2072366289250
2152669385009
1456639413563
17552581244466
3585505481858
25455676446690
2272314425516
390360913419
282733293019512
28451189646030
138783590347891
1941978990055
2573174487697
2308439011501
76523053394297
146603863227
20937620320152
2203826941389
740371831328
126702669874125
1104135854709
19884546148305
771833509077
187527077869795
5557016223182
639823986595875
171105817234006
1679743959909
6879886168298
1422066343735
83205191725008
434445079321214
19141149341069
202941830395
1338913243387
195847098378693
29215800946486
1715929119658
91968381930391
12836920113250
163629766539905
1653536795489
42150405711514
2464329519099
735232255518
54535477453081
886597817388
221647269949483
83749541726405
48648896552084
282520184629940
2974865768870
62827209081449
2328345175337
161398171353990
2606562429007
85001105510669
96160989361486
466568867064
2862170479334
12061414530196
508572430299
189990533581125
66339680416
1397810656547
259836929714626
1553620158736
135618925871
128862641101804
2215006801990
61005370483200
251020061554697
322845028972
206167012912297
490560616127
383412285714270
169899499652928
240033174623687
402173415801
481108831181168
1170468486586
333471639677772
10152042506229
1609738038865
167886763708956
34032363735910
784490371285
12481773015992
439452417555
151438459955
36045115702871
1973933766667
88660329069401
1180884476298167
12606439931050
510128256047
127065143875179
2655521434708
2588509715912
2000311429377
58180138843484
85418574443028
2265634353886
178363257763432
35989115453085
38946129869
20675272981626
78245960793
287186226177782
673961594022
1629933628047
148329285362800
1373139347994
77190927175503
73224675972469
809884991026
83405310725413
2915247584705
108966811474402
503871425035384
1723186901449
83823075087172
766362883663167
2404584321851
24914854002122
17150413036428
212909384338
286600201337
170564304266214
22086160086575
49273874008547
2385504704000
661030938446
541397898480523
1977379913155
1208872181026
2507562260433276
162588382952566
2899611899875
2161593460616
1038346518131
28970792708758
140897875922900
20007534118285
44733282439999
35297747693617
2605869926956
52414343652884
2505407948614
1282089542140
182148523766286
2276033431077
113428045928270
1217046108331
60584454813
1501457361935
2613303642828
1488172873781
1890254353065
2426834939229
96337971694257
2421777292474
2730695005168
1141451510747510
125956642457
1889704829945
59694439730836
1042867147340
459934312808
95782867546712
1135964506467
377469639521
2316367982812
491836519992
2781690234577
2085759831515
18227582160098
190510636585
2976239979763
1645589613078
1169007148855
376597760989
403400884412230
1692249959639
1647327604075
2123826391170
766378199999
1330708297301
1150255013015
42860694048124
924888606613
1498824737204
887537829904
60010026430723
667672880723448
1724726594426
2547663477380
1699586235293
2891628977156
36409637836217
69563146645590
756592584028
1122820517448
395399513024606
135113813975222
147881696396039
2230875402620
219559690332645
2864703024129
2309973499619
2714933671651
3020192398403
2868848667939
23401825323833
58432205854304
2323275918315
131381401022400
31603145121286
750116505795
617300603522
2239804238901
2079624884615
11565619125606
222117171521235
981002894917
71255826108
1147128767016
30532946858827
60933764676
144569238631904
2421709218890
256822758217356
24971902053743
1512405585599
16199465164810
28450158058698
385949075345
2220282141255
230042377193526
940185246573645
2925537010781
281939320252937
191480880108310
199010805722799
68402179735444
640593530192
1339913168851
502585258681
53021469767652
10231492826314
906280821137
37932172961773
2146886810528
1486837437137
458004567622
75374124875805
2444314375762
1021365342499
2950593504632
16661117157925
1544624769419
2160205376345
287104380245040
19842035978667
1051684971998
161129747500100
1278901386545
66591580822004
104783540354695
1247150436333
1182980781735
1962920812598
133032542191097
135389456089
154655394521127
1879521484238
203538625914481
37769601021899
1828347698995
73056977459599
41578524829314
118183694805530
648679425470563
21670098743027
134769463770110
141656661675420
213305077732415
2745107945407
2154997471096
40241737842439
360146068889090
1899468291077
258721781403179
205571079614939
19555963877603
2005746395591
481224763148
372331140129
1086287550578
208301266000
1130008442336
114489848577648
170827715486089
3010877964771
740638206758
43174583673515
2996608451142
133909837938204
250952622501178
1953613917809
177532305769956
117102100459
1257316199608
342934913877727
338903106414
156887931962
381304243192
127093646703674
43480402400309
43492975194661
435157260284313
2846371589971
907704212274
29430320047636
2441115206857
2001300728684
1769577057341
2049262430814
108056009732876
1668719871585
967689295805
1747116669913
2222290063923
2086011871729
482780993853
168546655487477
1633808771746
1240546041000
463003563488929
2474192008625
1752314137416
71935415533621
192638478416962
1145405494874
136021652071580
1083282771919
1151188289576
242567111388
3040296537143
143601241646222
1862434018581
106419906604323
61524342100950
602743394718
1834194140569
2602393504216
78840225640357
73812844906506
284619687782
1075066716534
1346536713434460
175926218421471
403765979889603
705978663938
2648893918431
69509281189522
61981256820329
8895322157076
179332031500165
718233824384
1200914702776
229545170718417
113228351594298
2020889301247
69955972602272
781683990406
9695505806187
36300389158630
42750204663398
136101164151
6184398120700
142886500878352
1844947693213
2267835775154
73468389903290
1185559053554
2589380596181
222340965230
779730374501
9665557325230
851070744549
2979798521458567
3043280976520
77516589211488
3044258225053
1857739452033
1131344219160702
916650979111
2078759859288
956346315902
2128919405224
11271942543784
6208737371283
169935137920
1143839394819
772166561828
28018413075872
87673908104945
1680828957891123
618450620416
2271105117286
274421332917916
1121734250350
68823495279751
2808061463380
39606833713213
239577015275208
418889694476
48916329571823
1826804457023
97047117801442
646897252216
1690281337058
220465907364823
487200146893
25053936745612
55083405861467
55494986952441
6522751938611
22500343771306
132495485292586
491723078127421
463080684914
34551508925069
1512455536692
275018289084291
452590828749
47778591305607
19680369778330
1164224915526
2761247980454
1842409520936
331800081823984
862933786073934
77411915835813
1214901345743
81817563167156
85627139082
28996898276272
2504318409528
1561701310489
2841316675277
954441887304
79103689408471
279929412961633
2039276957077
258371041925
808562940754599
635509195394135
1659794076428
13065543399160
474412244429352
2405870933576
2344588949663
33344361518999
2602105773481
91137087213811
1860005259187
218385484565445
1945829403449
675857755485515
115661734181281
51964634742749
500139595542
867696684264
42618935029972
81707440823
908185619142
1828239373139
2075895817944
50541592369093
326742014763
1034519566906
54307476816042
1356888741743
181419178478117
2973238004145
181554306799106
1017258920576
2760071996734
819780283762848
9822403800561
139096264490489
1467689120516
652199146532698
2374151176098
1849874173905
419352128279184
21449241522448
2772996282319
609543803912
96024660912508
327911754872889
2519573957475
29963282077716
152389595914578
249657106362365
2803244484526
686471039876
306057481470379
123702158802543
85849686307405
194665884542665
33542882832188
82510652305273
70569247160536
99149635055046
2899325700388
35497630349809
2146175688686
2905988491688
49244069010798
49197237089511
36893663231990
360289099863
90890492906186
