.#.o#.o.o#....#.#.....#..#.##.o#.#..
o..o..#o#o..o#.....oo#.#....#o##.oo.
#.##.o##.#..#o.....##...#o..#o##.##o
....###oo#o..o.....oo#o.ooo..##.o###
....##.o#.o.##.....##.o##oo..#.#o#..
.....#.o#.#o#...oo#.o.o.##o...o.#o.#
o..#..o#.o.#.o.oo#..#.#o..o.o.##.#.#
#.....o#.o..##.o#.#.#..o.oo.o#.#....
......o..#oo.#.o..#o#..o.#oo##..#...
#.o#..#...###.oo.o.#...#.##o.#..#...
..o.oo...##.o.oo.o.........#o.......
..o.o##.o..#o.oo.#o.#....o..#o....o#
..o.o..oo.o.#.oo..#o.ooo.#.#.#..#oo.
..o.#..oo#o.#.ooo.#o.oo#...o.....##.
.o#o...o###.####oo.#.oo#o.o#........
.o.o#ooo###.....oo#.oo##o#o.#o......
.#oooo###...o...###.oo.#o.#.##o.o...
o.###o#.....o.o..##o#o..#.o..oo.#..#
o..o.o...o.#o.o.#..o.#..o##..#oo...#
o.#o.#...o.##.o...o##..##....##o.#o.
oo.#..o#.#....#.o.o..o.#...o.#.o..o#
ooo.####...o#...#.##.o#...oo.#.o.oo#
#o#o.....o#o#ooo.o...#..o.oo...#.#o.
oo#o.o..oo.o.oooo##..oo.o.oo#oo#.##o
