#...#.....##.o....##.........o......
#.oo#.o.oo.#o#..o...o#..oooo#o###...
..o#..#oooo.o..oo.#.o...o###.#o..o.#
#o#....####.#o.#o##.o...#...o.#..o..
.o..#.#......o.##...#.o..o..o...ooo.
.o...o#.....##.#...o.o#..o#o#...##o.
.o.#.#o.o#..#..#..#o.o.o.#.o#..o..#o
##..###.#...#.....o#.#.#...#...o..o#
#....#.#...o...#..#.o#o..#...o.o#.#.
..#....#...#o.o.....#o#.....oo.o....
o....o.#.o#.#.o...o###...o..##o#....
#o...oo.oo.o..#..o##..o.oooo..o#...o
.oo.#o##o#.#.oo..o#.#.o#ooo##.o.o.oo
.#o#.oo.o..#.oo..o....##ooo...ooo.##
.oo#.#o.oo#..##.o##..#..ooo.#.o#oo..
.oo...o.##..o..oo.#..#..##o..oo#o#..
o#o.o.#o.#..#.o#o.#..###.###.o#.o..#
o.o.o..oo.#.o.##o.....#...o#.#o.##..
#.#.o.o##..o#o..o.#o.#..o.o#..o..#..
#..o#.#.o#.#.#..o.#o....#.o#..#.....
o..o..##o.....#.#.o#o#o..oo#...ooo..
#..#.#..#....o....###o#..oo...##oo..
#.#.o#..#...o#.#.o...#.o.ooo.oo.#o..
....#.o#oo..o..#.o..o..#.#oooo#o.#..
.o..o.#.#o..#.o.oo..#.....oooo.o#...
.o#o#....#.o.#o.##.o....#o##oo##....
.o.#.o..o..#..o.#..ooo#o.o..o#.o.oo#
.#.#.##.#...o.#o##.o##.ooo..o..o.oo.
.##...#o..o###oo...###.o#o.oo..#o#o.
..oo#.#o..o.#.o#.......#.##o#..#o.#.
.##o...#..o.#.o........#.#.o.##.o..o
.#oo....ooo.#.#...o....oo#.#.oo#o.oo
..##....o#o.#oo.o.#...oo#....##.##oo
o.##....o##..##.#.#.o.o##.....#o..##
o.#o..oo#..oo#......#.o..o.....#oo..
o.#o..oo..oo#..o#o.o#o#o.o...o.##o##
oo##o.#o.oooo.#o#o#o.##ooo..oo..##.#
oo..oo.#.ooo#..o.o.o...##oo.oo..#.o.
o#..ooo.o#oo.o.o.o.ooo###oo#o#o#.oo.
