......##....#...#.......#.#
..#....#...o..#...#.oo#.#..
.o#..o###o.#o.....#o###o...
.##..#.#.#.oo......#..oo##o
.#....o##..##.o.....#.##.#o
..o...##.o....o...o...o#..o
..o#....o#....#.o.##oo#..#o
..o#oo..#..o#.#ooo..#ooo..o
.o##o#..#..#...##oo..#o#..#
.o.oo#.....####..oo.##o#o.#
.#.#o....ooo#.#..###o.###..
..#.##o..ooo.#...#..o......
...o..#..oo#o..ooo.#o.#.#..
...#..#..##.#o.#o##o#oo...#
o.o........#oo..o#o##oooo.#
ooo..oo#.##.#o..#.#o.oooo..
o##.o##....#.o...#.#.####..
o..oo...oo...#....o...#.#o.
o.o##..oo#o#..o.o.o#.#.o.o.
o.#..o.#o#o...#.oo#o.#o###.
o..##o..#.##.o#.##.#..o..#o
o#..#o#.#....o..#...o##o#.o
o...##...o...#o.#..#o..#..o
o...#....o.#..#oo...#..#.oo
o.#o...oo#o#...o#...#..#.#o
o.#o...##.##.o.o...#.o..o.o
o##o#...oooo.o.o..#.oo..o.o
#.##.oo.####.#o#.o..##o.o.o
o..#.oo..#..o#oo.ooo#.#ooo#
#...ooo#o.o.o###ooooo..ooo.
.oo.o#o.o###o.o.oooo#o.ooo#
