..#.#..##..#.##....
.o...o......ooo....
.o...#....#ooo#...o
.#.o#...o.#####...#
...oo..o#........o#
#.o##.oo...o.o..o#.
..#...o#.oo#o#..o..
.#.o..#.#o#.###.#.o
o..#.#.#.o..#.#...#
##...o..o##...#..o#
#.ooo#..#........o.
.oo#o.ooo.....o#.o#
##o.#.o##...o.#.##.
..#o..#..o.#o..###.
...##....o..oo.o##.
#.....o..o.oo#.#..#
......#.##.#o.o.o##
..o.......#.#.#.###
..o.....o.#..###...
#.o#oo..#....#..o..
.oo.#ooo...o.#.oo..
o##..ooo..ooo..##..
#....#o#oo###......
.#....#.##....o....
#...o.o......o#..o.
.#o.o.#o.oo..o...#.
.#oooo.o.oo.oo..o.o
..###o.o###.o#o.o.o
..#.#o.o.#.o#.#.##o
...###.o##.##.o.#.#
..o#o..####.#.o..o.
#.#.##...o..###o.o.
.o.......#...o.o.#.
o#oo#.o#.o..#o.#..o
#o##..o#.o.o##....o
.o..#.o..oo#......#
o#...oo#.##........
o....o#.o.#.o....o.
##o..#.o##..#...#o.
#oo.o.o#.....o#..#o
oo#.##o#.o.o.#.o#.#
#o#o..o#o#oo.o#oo.o
