.#...#.....o#....o#....o#..o.#..##..o.
...#.#.#o.##o..#o#..#o##...#.#oo.o.#o.
.#......o.#.o...#....#..#.o...o#.#..o#
.#.o#...#...#..#.o.##.o.ooo...#.oo.#o.
...#............ooo...#.#o#o....##..oo
.#....o....#...##oo......#.#o...##.###
##o..oo..###..o#.##...o....#o.#...o...
..#.o#o.....o.oo.#....#.#.o.o..o..o##.
....#.oo..o.#.#o...o..#...#.oo.oo.#o..
#.oo..##..#..o.#...oo...oo..o#.oo.##..
o.#o..#..o...o.#..o#o.#o###.o#o##....o
#..##..o.o.o.o....#.#.oo.#o.#.#o..#..o
.#..#..#.o.o.o.....o..#o..#ooo.#ooo..o
#..o..o#.#.o.#.#..oo.oo#..####..oo##.#
##.#..o#..oo....ooo#.###......o#o##..o
.#...oo#o.o#....#o#.###......o#.####.o
o#o#.o##ooo.oo...#......o.o..#.......#
##o.oo#ooo#.o#.#..#.....o.#.o.........
.#o#oo.###..#..##.......#.#.o..#....o.
..#o##......#.o....o.o..#...#......oo.
.o.#..#.o...#.o.#o.#.#..o.o...#...ooo.
##....#oo.....oo.#.#o...#oo.......ooo.
.#.....##..o..#o.#o#o....oo.#....oo#o#
....#....o.o...o..#.o.oo#ooo#..o.oo.#.
oo.#..#.ooo#...#..#.#.oo.o#o.#o#oo#...
##......##o.o###..##..oooo.o.#o.o#.oo.
##..#.....#####o..###o##o#.o.##oo#oo#o
.oo...oo......ooo...#o#.o#.#.###o.oooo
#ooo..o#......o#oo..#o#.o..#o..##.o##o
#oo#oo#..o..o##.o#.o.#..#.o###o..oo..#
.#oooo.o##.o##ooo.oo#o.o.#o.o##o.oo..#
