.##..#.o#..o....##.....#.......##.......##...
.#.....o..##o...#..#.oo.o......o.#.....#oo..#
.#.#o..#.##.##......###oo..o...#....#o#.##.#.
.#o.#.o.#o#...o.......oo#..#..o....o.o#...o..
o.o#..o..##.#.oo.oo..###oo.oo.o#.o.o.#.#o.#oo
#.#..##....o..oo.##.o...##.#ooo.oo.o.#..##.#o
#..#......o#.o#oo...#.o.o...oo#.##.oo....#.o#
.......o.###ooo#o.o...##o...o##....#o#....#o.
.o..#..o..#####.#.o..o..#..o#..oo#..##.o.o.##
.#..#.##o#...#.o..o.oo....oo...o#.o.o.o#.#o..
o....o#.o.#.#..o..#ooo..o.oo...o..o#ooo.o#o.o
#...o#..#..o.#o#...o##o.o.o#...#..o.##ooo.#.#
....#......#.#o#.ooo.##.#o#.o...#.#.#.##o.#..
.o...o.o.oo...#..##o...o.oo##o.o....##.#o...#
oo...o.#o##.o..o#..#o.#o#ooo.#o#o.o.#o##o#.o.
o#...#..#..oo.##.#o##o.o.#o#.##.#.#ooo.#o..o.
o.....o....##....#####.o..#.......o###.#o..o.
o.....oo.oo..o..##.o##.o.#.#..#.oo#.#.o.oo.#o
o.oo.oo#.o##oo.#...#.#oo......o.#o..#oo###..o
#.oo.##..#..#o.#...#o#oo..oo.o#.oo...#o#....o
.o##o.o...#o.o...o..#.#o#.#ooo.o##..##oo....#
oo..#.#o...#.o#..#.##..#...#oo.o#.....###....
oo.o.o#oo.#..o.o....#...#..ooo#o##........o..
#o.#.#.oo.#o.o#o..o....##o.oo#.#..ooo#....o..
.oo....o#o.#.##o..o...o.oo.#o.....##oo....#..
#o#..#.o#o##...#..#...o.##.o#o.....#o#..o.o..
##.o..oo.o...oo..oo.o.#.#..#o##..o.##...o.#..
#.oo..o#.o#o.##..oo.#o.....##....#....#o#.ooo
..##..#..#.#..#o.##o.o..#....oo....oo.#o..##o
.oo...#...##o#oo.#.#.o...#o#.##....oo.##..##o
.##...#..##.o.#o....o#o...o.o..oo..##.#..#..#
#.#ooo##....o..#o...#.o..o#.#..oo#o.#...o#..#
...#ooo.....##..oo....#.oo...o#oo.o.....o..##
#o..o##..#....#.o#..#.#.o##..##o#.o...o##o..#
##.#o##o....#...#...#.#.#.#...#o..oo..#..o...
o...o..o....#......#.o.......#.o..o#..#..o...
#.oo#..#o#oo##...#...o.o.#..o.##..#.#oo..#o..
.oo##...oooo#.o..o...#oo....#...oo...o##o.#..
##o.o#..oo###.#..oo...##....#...o#o..o..#o#..
#.###.oo##..#.#..#o...#...o.#...o.#..o#.##oo.
#o....oo#..o...o#.o.o....o#o.oo.#o.o.o....#o.
.o#...##...o.o.o.#ooo..#.#.o.#oo##.o.o.....o.
o#..o.....o#o#oo..#oo..oo..o.##o#.##.#o....#.
o..o#.#..o#.#.###.#ooo.##..o..oo..o.o.o....#.
#.##.o..#o..#.#....o#o....o#..#o..o.o.o.o##.o
o...ooo##o#..#o.oo.##o#..###...oo.#oo.#oo.o#o
#o..#o#.o#.#..###o##.oo.o#...o.ooo.oo.#oo.#.o
.ooooooo#...oo#.oo##oo#o##o..#oooo.o#o.##.#.#
