.#...o##.#.o#..
.##oo#....o#.#.
o.#o##.o.##..#.
#..#..o#...#o..
.o#..oo#...o#..
.##o.o#.#..#o.o
...#.#.##o..#oo
..o#...o.#..###
o.#.o..#.#.....
o#o.o.o.o#..o..
###.#o#.o...#..
.##..o..#..o#..
.#oo.o.o#o.##..
.##o.#.#.#.....
...o.o..#....o.
.#.oo#....o..#.
..#oo#.o..oo...
..#oo..#..##..o
...#oo.##....oo
.o####o...#oooo
.#o..#o##..#ooo
..ooo.o.#o..#oo
..#oo.#..ooo.o#
...##..ooo##.##
.......oo#.....
.##....##.#o...
o........o.#o..
o......###.#o#o
o.....o#....o.o
o.o...o..oo.o.o
#.o...o#.##oo.o
#.o...#.##.o#.o
.oo.o.o....#o.#
#o#oo.#....o#.o
.#.oo..oo..#.o#
o..o#.o#ooo.#o.
#ooooo#.ooo###.
##oooo..ooo....
..###o..#o#..#o
.#...o.o.#....#
.....o.o....#o.
o....o.##o...#.
o.o.o#.#.##..o#
#o#.o#....o#o#.
.#ooo.o...#.o..
..#o#.oooo..#.o
.ooo.ooo#oooooo
