.....##.#......##..#o..#..##o........#....#..#....
#o...#.#.....#.....##...o...o#...#o..#o.........o.
.o#..#....o.o#.##.......oo..###.#.o##.#o.#..o#..#.
.o..#.o#.o#.o...........##o.##....#o...oo##.##o...
o#.o#.##.o#.o.#..o....o...o..#...o.o...#o....##o..
o..o....o#..o..o.#...#oo..#.o....o.#....#....o.#.o
##.#...#o#..#o.o##.#..#o.#.o#....##..o##.o..##o.#o
#....o..o.o.##.#..oo...o.#o#.o#.....ooo#.oo...#.#o
.o.#.oo.o.oo..o...o#...#o.#..#...#..#o#..oo.o....#
.#...#o#oooo..##.oo.o.##oo.o..oo.#o..o...##o#...o.
o#o...##o#o#..o.o###o.#.#o.oo.##.oo..#o.o.o###..oo
#.o..#.#o.oooo#.##.##..o.###o.##.##o..#.o.o.....##
.#o.....#o###o...o.....o....#...o..oo##.#.o.o.o...
#.o...o#.#...o..##.##..#..#o#...ooo#o#.o#.o.#.#o#o
#.#..oo#....##.o#......o...o.o..ooo.##.o..#.#..o.#
.#...##.o..o...##o....#o...#.o..oo##...#.....#.###
..oo..##o#.o.#...#...o.oo.##o###o#.....#.....#.o.#
..##o...#..o.##o.....o.#o.#.o...##o#.o.ooo..#..##.
.o..o.....o#o.##..o.oo.#o..##....#o.o#o##o...o..##
.#..oo...#o#o##...o.##..o....o#o..#.o##..o...o..#.
....oo.o#.o###.oooo..#..#ooo.o.#..#oo....ooo.#o.#.
.#..o#.#..#....ooo##.....oo#.o#...oo##.#oo#o.##o#.
.#..#o.o..#.#o.o#o......ooo..##..##o.#o.oo.#.#.##.
...o.#.#.....o.o.#.....#o#o.o...o..o.#o.#o#.o.o#..
o..#......#o.#.o.....#.##.o.##..ooo#o##..#..#.##..
ooo.o...oo.#o#.#...o.o.#.o#...o.o##.o.....#o#.##o.
o#o.#...oo..o..#...ooo...o...#o.#...##....o#...#o.
o#o#.oo.o#.o#......###...o.oo.#.#.oo..#oo.#oo.o.#.
o##.#o#o#..#....ooo......#oo#...#.#o###ooo.##.#...
o..o.o.oo...ooo.oo#...o.o##o.o.o..##.#.ooo.##o...o
o..#.#.###.o##o.oo.o..o.o..o.#.oo#....####...o...o
o..#..#o..o#o#oooo##.oo##..o.#.o#.oo...#....#o...#
#.o#...#o#o##.####...#o.#..o...o.#ooo...o.oo.o.##.
.##.....#.o##..#.#..o.oo...oo#.o..ooo..#o.o#ooo##o
...oooo.o#o..#o.#.ooo.oooo.#o.ooo.ooooo.#.o.o#o.oo
