..o..#o#.#.....#.#....o...#.##..#.#..##..
o.#...o.....#......#..###.#...#.....#....
oooo..o#.#.##oo.##...o#......o...#o##.o#.
o##o..#..#.o.##o#.#..o......#o..oo#...##.
#..#..#..#.##.#o.o...##..o.oo#..##o.o....
....#.#..#o..#.#.o....#..#.o#.oo.##.oo...
o..#.#.#o.o.o...ooo......#.#.#oo..o###oo.
#.#.##.##oo.#o..o##.o...o#.#.###..##..ooo
.o#ooo#..oo..#..#o.ooo..o..#o.....#...##o
.o.o#####oo....#.#.oo#..o.o.##o......o###
##.#o.#.#o#..o..o##oo.o.#oo.#.#....o.#.#.
..#.###.###o.#.#o..oo.#o##o.o...o..o.....
...o...o...oo...#..##.oo..oo#...#o.#.#..o
...o...##..ooo.....#oo#o..o#.##.##......o
...##o.....o##.o#...#oo##o#.....#..#....o
..o#.#.o.o.##..o.....##..##o....#....#o.#
..oo.o.o.#..#..#oooo.#o#.#.#........o##.#
o.####.#..o.#..#oo##.##.#.o#o..#.#..o.o..
oo..#.....#o.#o.o#.#.....#o.ooo.#..oo.#..
#o.##.....o#..oo#.....o...o##o#..#o##....
.o..o...o.##..##.o....o#..#..o....o#.#.oo
.o..#.o.oo....o..#..oo#..#o.o#..#.o#..ooo
.oo..#o.o#....ooo...oo..o.o.#.#o.o#...oo#
.##o##o.#....#o#oooooo##o.#..o.o.#....o#.
.#.o..#.#...o.#.##oo#o.#oo.o.#o#o..#..#..
..oo..#oo.o.oo.#..oo.#..#o.oo.#.#..#oo..o
####o..o#o#o#o#...oo.###.##o#.#..#oo##.o#
..o.oooooo.o#o...o#oo###oo#oooo..oooo.oo.
