.##oo.#.....##.o#...##.....#.
...o#....#o...#o....#.o...#..
o#.o##.##.#.oo##....#.#.....o
o..o#.o##.#.###...#.o...#...#
#..#oo#........#....#o.o....#
...####o....#.o#....##.o.o..#
#..#..#oo#.o#o#....o.#o#.o##.
.oo..o.oo..o#o..o..##.#oo##.#
ooo..o.oo#.#.#..o....#.####..
###..#o#oo..#.o.#.o..#.#....#
...oo.#.oo#...oo..o##....#o..
..#oo#.o###o..o#.oo.......#o.
#o.oo.##o.##..##.o##...oo.###
.o#ooo..##...oo.oo##.o.o#.#..
.o.##o#o...#ooo.#o.#.#oo...#o
.#..#o.##.o.o#o#.o....##....o
....##oo.o#.#o#..#.....o#.ooo
o#...#o#.##..###...#.o#o..ooo
o...o.#.......##.ooo.#.#o.o##
o.o.o.....o.#.##.#oo##..#.#o.
#.oo#.....#..#....o#..#...##.
..o##..........oo.#...#.o..##
..#.......#....#o....o..#.o.#
o.....o.#...o..##....#o..ooo.
oo....#o..o.o..##.#...oo.o##.
#oo..o.o..#.#.oo...o..oo.#...
.###.o##o..o#.oo...#..o###...
oo...o..#.#o..###.....o..#..o
o#o..#o.o.#o.o....o#..o...o.#
o.o...o.#o.o.o..o.o#..o.#.o.#
#o#..o#.oo.o.o..#oo...#...#..
.##..o.##o.#.o..#o##.......o.
.#...o...#...o#..o.#.......#.
o..o.oo..#o..#..#o#..o.o....o
o.o#.o#...ooo#...#...oo#oo..o
#.#..#o.o.o##........oo.#o..o
oo...#o.#.#.oo.o.....##..oo.o
##....o.#oo.#o.o...#o##..oo.#
..o.o.#..oo.##.o.oo.o....##.#
.#o.o..o.oo..#.#o#o.o......o.
..#.o#.o.o#.....o.#.o......o.
o..oo.#o.o.o.#o.##.ooo..#..o#
o.ooo.oo.#.oo.o##o.oo#..#..##
#oo#o.o#..ooo#oo.o##o.oo.o...
.o#oo.#...oo#.###o#.o.#o.#..#
##.#oo.#..oo#....##o#o#o#oo..
.#..oo..o.##..o#.#.o.o.o.oo..
.oo.oooooo...oo.o..o.ooo.ooo#
