o...###...o.o.#..o....oo
##.o...o#.####...#..#.##
#..#...#..o.o.......#.o.
o.#..ooo.o#.o........o##
#.o#.###.#.##..o..o..##o
o##.oo...##.#o.oooo..o.#
o...#o#......o.oooo..o..
#...#o#...o.oo.#ooo.#o..
oo.o##...o####.##o#..#..
o#.o.###.#.o.#o#.o..##o.
#..o..##...#o#o..ooo..#.
...o.o..o.#.#.o..o#o....
...o.##.o#.####.##.o....
#.oo..#.o.#o..#oo.#o..o.
..o#.#..#####..o#..o..#.
..#....o...##.o#...o.o#.
#......#.#.o..#....oo#..
.....o..o..o#o#....oo...
.#.o.#.###.#.####oooo#..
.o.o.#..o........o#ooo..
##o#.#..#.o....#.o.#o#..
##oo.#.#..o......#..o.oo
.###o...#.o.o......#o.#o
...#o..#ooo.#.o#..o#o.oo
#..#o...###o..#.o.#oo.o#
....o#.....o....o.ooo.#.
.oo#o#ooo.##....#.###...
.##.o.oo#.o.o.###....o..
#..#o.oo#.##o...#....o..
....o.oo##.##oo#...o.oo.
#...o.oo..o#.o#..oo#.o#.
....o#o#.##..#...o##.o..
ooooo.o.o#o.o....o..oo..
ooooo.oooo#oooo.oo.#o#.o
