....#.#..o..#.oo.#o.#....#....#.o
oo.o.#..o#...###..o......o...o#.#
##.##...o..#......#.o.o..o...#.oo
..##o...#o......#..o#.o..#....#oo
.#.##....#.o.......#.oo.oo.....#o
.#...o#..o.ooo.##o##.##o##.o.oo##
..oo.o.#o#ooo#.#oo#...##...o.#o.#
o.##.oo.#.o#o..#o#o#.....#.#..#..
#.#..##...o.#o#.#.#..o..#....o.o.
...#o..o..##.o#......o..o...##.o.
o..#o#.#.....###.o.o.#oo#..##.o#o
oo..#.o......##..ooo..oo#.....o.o
ooo#..#o..o......###..oo......#o#
#o##.#.#ooooo...##o.o.o#....o..o.
#o#...#.oo#oo.#...o.o.##.oo.#..#.
.o#...#.oo###.....#.#...ooo#.o...
.o..#...o#o.#o.o........#oo.##...
##.....oo.#oo#oooo....#..#o.....o
.#.o#..##.o##.oooo...o.#..oo#...o
..o##o....o...o##oo.#o.#o.oo....#
.#o.oo.##.#.#.##.##..o.##.o###o..
.#oo#o.##.o.#..#.#.o.#....o#..o.o
.##o.#....#o.oo.o.oo......##..#o#
#.##..o....o.#o.#o#oo#o.o.#...#o.
...oo.o..o##o.#..#.o#o#o#......o.
..o##.oo.o..#......###.o......oo.
..##..#o.o.#.oo..o.#####.o...o##.
o..#..##.#...o#..#.......oo..#...
#o.#.....#..oo#...#o..#.#oooo#...
.oo.#.....o##o#....##.#..#o##..#.
.o#...#...##.o....#..o....#.#..#.
o####o.....#o#.#o.#..o.##......#.
#.##.o.o..#.o...o..o.#.#.....#o#o
....ooo#..o.#...o..#oo..#o...#o.o
..#.##o.o.#....ooo####.#o#.o..##o
..#.#.##oo.....#oo..#..##..o....o
......#.#o..#.oo#o..#....#o#oo#.o
.o...#...o#...o#.o....o...o.oo..o
o#o....o.o...oo..#o..oo.##ooo#o.o
o.##.oo##o#o#o#.o#o..oo..##o#.#.#
oo...#o#oo##.#.oo##ooooo.####..o.
ooooo.o.##.o..ooo..oooooo#..oooo.
