...#......#.o.#..#
......#..####.#...
o#..#o#..#####....
#.#o.##oo.....o.o.
.#.#...oo...oo#.o.
...o#o.#o.oo##..#o
..o#.#..#.#o..o..#
..o.....oo.#..o...
.o#.#.o.oo..###...
.o....o.#o.#o.....
#o....#.oo..###...
.#.o..#o##...o#.o.
..oo..##.#o#o##o#.
..o#.##..#o.##.o##
..o.......#.#o#o.o
..#........oo###.#
o.o..o....ooo###o.
o.#.o#..o.###o..o.
o..oo...o.#..#ooo.
#oooo...o.#o..o#oo
.o##o..o#..#..#.#o
#o#.o.oo....#...#o
.o.ooooo#..##..o.o
.o.ooooo.oo.#..o.#
##.#o#ooooo....#..
..#.#.o##o#..o##..
o...#.#.oo.o#o..o.
o.oo...o#oo##o.o##
#ooo#o##.#o..#.o#.
###oo#.#..#..#oo.#
.##o#..##.....#o##
...#.###...oo..o#.
#..##....o.o#..o.#
....o....####o.#..
....#.ooo.o..o.##.
.....o#oo.##ooo#.#
oooo.o##oo..ooo#o.
