.#.#.o..#......#..##...#......#..
.....o#o#....oo....#.#..o........
.o..##.#...#o##.o...o#..oo..o.o.o
.#o#.#...o.###..o##.#..oo#.o#.o.#
..o..o...#o...#.#.....#o#.oo..o.#
..o.##....oo..#...o#.o######..#o.
o.#..o..#.oo.#.o#.#o.#.......o##.
oooo.#....oo...o...#...o.....o...
o###....#o##.#.##.o#..oo..#.oo#.o
o.....o.oo#.....#.##..o#.o#.oo..#
o#.#.o#.ooo...o.......o.o###o#..#
o#...##.###oo.o..o#...#.o...#oo..
o#o#....##.#ooo.oo.#.o..o.#.#ooo.
o.o.o..#.#.o##o.oo..oo..#.#..##o.
o.o.#..##.#o.#o.#o.o#o..o##o#.#o#
#oo..o..#..#..o..###.#..#..#...##
.#oo.o#....o..oo...#....o.#....##
..#o.o....##.o#o#...o#..#o..o#o..
..##oo..#....o.o.#o.o..o#o..#.#..
..#.#o....o..#ooo.o.#..#.#..###.o
...o###oo.#...#o#.#o#........o#.o
...#..###.#o...o.#.#.#.o..#o##..#
.o.#.o#.o..oo..#.o#...oo.#.#.#..#
.o#..o..#..#o...##.#.#o#....o.#.#
.o...#o.#o.##....o..###..o#.##..#
.o.o.##..o...o...o..o....#...##.#
o#.o..#.oo...o.o.#.oo#o..#.#...o#
o..oo.#oo#o..#.o..oo###.o..#oo.oo
o..#o.##o.#....#.oo#.o..oo..##.o#
#.#.o...#..#.oooooo..#..oooo#.ooo
#oo.o#o.#oooooo#ooo..oo.#o#o..###
